2026-06-22 14:58:24,677 [INFO] Activator:176 - 


2026-06-22 14:58:24,696 [INFO] Activator:177 - !SESSION log4j initialized
2026-06-22 14:58:41,178 [INFO] LogOutputStream:77 - [STDOUT_REDIRECT] 
2026-06-22 14:58:53,626 [INFO] ApplicationProperties:184 - Using Application install path: C:\ST\STM32CubeIDE_1.18.1\STM32CubeIDE\plugins\com.st.stm32cube.common.mx_6.14.1.202504091515
2026-06-22 14:58:53,677 [INFO] DbMcusXml:78 - Set database path to: C:\ST\STM32CubeIDE_1.18.1\STM32CubeIDE\plugins\com.st.stm32cube.common.mx_6.14.1.202504091515\\db\/mcu/
2026-06-22 14:58:53,678 [INFO] ApiDb:274 - Set plugin database path to: C:\ST\STM32CubeIDE_1.18.1\STM32CubeIDE\plugins\com.st.stm32cube.common.mx_6.14.1.202504091515\\db\/plugins/boardmanager/
2026-06-22 14:58:53,679 [WARN] ApiDb:259 - Overriding images path with different value:  => C:\ST\STM32CubeIDE_1.18.1\STM32CubeIDE\plugins\com.st.stm32cube.common.mx_6.14.1.202504091515\\db\/plugins/mcufinder/images/
2026-06-22 14:58:53,703 [INFO] ApiDb:250 - Set database path to: C:\Users\HP\.stmcufinder\plugins\mcufinder//mcu/
2026-06-22 14:58:53,706 [INFO] DbMcusAds:125 - Set database path to: C:\Users\HP\.stmcufinder\plugins\mcufinder//mcu/
2026-06-22 14:58:53,730 [INFO] CrossReferenceDbSqlite:203 - Set database path to: C:\Users\HP\.stmcufinder\plugins\mcufinder//mcu/cs/
2026-06-22 14:58:54,049 [INFO] RulesReader:64 - Compatibility file has been processed (302 Rules)
2026-06-22 14:58:54,278 [INFO] DbMcusXml:78 - Set database path to: C:\ST\STM32CubeIDE_1.18.1\STM32CubeIDE\plugins\com.st.stm32cube.common.mx_6.14.1.202504091515\\db\/mcu/
2026-06-22 14:58:54,278 [INFO] ApiDb:274 - Set plugin database path to: C:\ST\STM32CubeIDE_1.18.1\STM32CubeIDE\plugins\com.st.stm32cube.common.mx_6.14.1.202504091515\\db\/plugins/boardmanager/
2026-06-22 14:58:54,278 [INFO] ApiDb:261 - Set plugin images path to: C:\ST\STM32CubeIDE_1.18.1\STM32CubeIDE\plugins\com.st.stm32cube.common.mx_6.14.1.202504091515\\db\/plugins/mcufinder/images/
2026-06-22 14:58:54,278 [WARN] DbFile:41 - Overriding database path with different value: C:\Users\HP\.stmcufinder\plugins\mcufinder/ => C:\Users\HP\.stmcufinder\plugins\mcufinder
2026-06-22 14:58:54,280 [INFO] ApiDb:250 - Set database path to: C:\Users\HP\.stmcufinder\plugins\mcufinder//mcu/
2026-06-22 14:58:54,280 [WARN] DbFile:41 - Overriding database path with different value: C:\Users\HP\.stmcufinder\plugins\mcufinder/ => C:\Users\HP\.stmcufinder\plugins\mcufinder
2026-06-22 14:58:54,280 [INFO] DbMcusAds:125 - Set database path to: C:\Users\HP\.stmcufinder\plugins\mcufinder//mcu/
2026-06-22 14:58:54,280 [WARN] DbFile:41 - Overriding database path with different value: C:\Users\HP\.stmcufinder\plugins\mcufinder/ => C:\Users\HP\.stmcufinder\plugins\mcufinder
2026-06-22 14:58:54,280 [WARN] DbFile:41 - Overriding database path with different value: C:\Users\HP\.stmcufinder\plugins\mcufinder/ => C:\Users\HP\.stmcufinder\plugins\mcufinder
2026-06-22 14:58:54,281 [INFO] CrossReferenceDbSqlite:203 - Set database path to: C:\Users\HP\.stmcufinder\plugins\mcufinder//mcu/cs/
2026-06-22 14:58:54,509 [INFO] MainPanel:272 - HeapMemory: 268435456
2026-06-22 14:58:54,799 [INFO] DbMcusXml:78 - Set database path to: C:\ST\STM32CubeIDE_1.18.1\STM32CubeIDE\plugins\com.st.stm32cube.common.mx_6.14.1.202504091515\\db\/mcu/
2026-06-22 14:58:54,800 [INFO] ApiDb:274 - Set plugin database path to: C:\ST\STM32CubeIDE_1.18.1\STM32CubeIDE\plugins\com.st.stm32cube.common.mx_6.14.1.202504091515\\db\/plugins/boardmanager/
2026-06-22 14:58:54,800 [INFO] ApiDb:261 - Set plugin images path to: C:\ST\STM32CubeIDE_1.18.1\STM32CubeIDE\plugins\com.st.stm32cube.common.mx_6.14.1.202504091515\\db\/plugins/mcufinder/images/
2026-06-22 14:58:54,802 [WARN] DbFile:41 - Overriding database path with different value: C:\Users\HP\.stmcufinder\plugins\mcufinder/ => C:\Users\HP\.stmcufinder\plugins\mcufinder
2026-06-22 14:58:54,802 [INFO] ApiDb:250 - Set database path to: C:\Users\HP\.stmcufinder\plugins\mcufinder//mcu/
2026-06-22 14:58:54,802 [WARN] DbFile:41 - Overriding database path with different value: C:\Users\HP\.stmcufinder\plugins\mcufinder/ => C:\Users\HP\.stmcufinder\plugins\mcufinder
2026-06-22 14:58:54,803 [INFO] DbMcusAds:125 - Set database path to: C:\Users\HP\.stmcufinder\plugins\mcufinder//mcu/
2026-06-22 14:58:54,803 [WARN] DbFile:41 - Overriding database path with different value: C:\Users\HP\.stmcufinder\plugins\mcufinder/ => C:\Users\HP\.stmcufinder\plugins\mcufinder
2026-06-22 14:58:54,803 [WARN] DbFile:41 - Overriding database path with different value: C:\Users\HP\.stmcufinder\plugins\mcufinder/ => C:\Users\HP\.stmcufinder\plugins\mcufinder
2026-06-22 14:58:54,804 [INFO] CrossReferenceDbSqlite:203 - Set database path to: C:\Users\HP\.stmcufinder\plugins\mcufinder//mcu/cs/
2026-06-22 14:58:54,855 [INFO] ApplicationProperties:184 - Using Application install path: C:\ST\STM32CubeIDE_1.18.1\STM32CubeIDE\plugins\com.st.stm32cube.common.mx_6.14.1.202504091515
2026-06-22 14:58:54,859 [INFO] PluginManage:196 - Search for loadable plugins [exclusion list=, ]
2026-06-22 14:58:54,862 [INFO] PluginManage:310 - Check plugin analytics
2026-06-22 14:59:04,788 [INFO] AnalyticsPlugin:253 - Accepted Software Licenses: 
2026-06-22 14:59:04,789 [INFO] AnalyticsPlugin:255 - Accepted CMSIS Pack Licenses: 
2026-06-22 14:59:04,790 [INFO] AnalyticsPlugin:257 - Accepted Firmware Licenses: FW.F4.1.28.0
2026-06-22 14:59:04,796 [INFO] PluginManage:359 - Loaded plugin analytics (category:tool,tabindex:-1)
2026-06-22 14:59:04,796 [INFO] PluginManage:310 - Check plugin cadmodel
2026-06-22 14:59:04,815 [INFO] CADModel:105 - Init CAD model plugin
2026-06-22 14:59:04,816 [INFO] PluginManage:359 - Loaded plugin cadmodel (category:power,tabindex:5)
2026-06-22 14:59:04,816 [INFO] PluginManage:310 - Check plugin clock
2026-06-22 14:59:04,846 [INFO] PluginManage:359 - Loaded plugin clock (category:base,tabindex:2)
2026-06-22 14:59:04,847 [INFO] PluginManage:310 - Check plugin ddr
2026-06-22 14:59:04,858 [INFO] PluginManage:359 - Loaded plugin ddr (category:tool,tabindex:6)
2026-06-22 14:59:04,858 [INFO] PluginManage:310 - Check plugin filemanager
2026-06-22 14:59:05,295 [INFO] PluginManage:359 - Loaded plugin filemanager (category:base,tabindex:10)
2026-06-22 14:59:05,296 [INFO] PluginManage:310 - Check plugin ipmanager
2026-06-22 14:59:05,315 [INFO] PluginManage:359 - Loaded plugin ipmanager (category:base,tabindex:5)
2026-06-22 14:59:05,316 [INFO] PluginManage:310 - Check plugin lpbam
2026-06-22 14:59:05,338 [INFO] PluginManage:359 - Loaded plugin lpbam (category:base,tabindex:0)
2026-06-22 14:59:05,338 [INFO] PluginManage:310 - Check plugin memorymap
2026-06-22 14:59:05,376 [INFO] PluginManage:359 - Loaded plugin memorymap (category:base,tabindex:4)
2026-06-22 14:59:05,377 [INFO] PluginManage:310 - Check plugin pinoutandconfiguration
2026-06-22 14:59:05,401 [INFO] PluginManage:359 - Loaded plugin pinoutandconfiguration (category:base,tabindex:1)
2026-06-22 14:59:05,401 [INFO] PluginManage:310 - Check plugin pinoutconfig
2026-06-22 14:59:05,660 [WARN] SupportedApi:132 - Cannot load RTOS API schema: s4s-elt-must-match.1: The content of 'definitions' must match (annotation?, (simpleType | complexType)?, (unique | key | keyref)*)). A problem was found starting at: attribute.
2026-06-22 14:59:06,088 [INFO] PluginManage:359 - Loaded plugin pinoutconfig (category:base,tabindex:0)
2026-06-22 14:59:06,089 [INFO] PluginManage:310 - Check plugin power
2026-06-22 14:59:06,115 [INFO] PluginManage:359 - Loaded plugin power (category:power,tabindex:4)
2026-06-22 14:59:06,116 [INFO] PluginManage:310 - Check plugin projectmanager
2026-06-22 14:59:06,163 [INFO] PluginManage:359 - Loaded plugin projectmanager (category:projectmanager,tabindex:4)
2026-06-22 14:59:06,164 [INFO] PluginManage:310 - Check plugin rif
2026-06-22 14:59:06,183 [INFO] PluginManage:359 - Loaded plugin rif (category:base,tabindex:3)
2026-06-22 14:59:06,185 [INFO] PluginManage:310 - Check plugin thirdparty
2026-06-22 14:59:06,581 [INFO] PluginManage:359 - Loaded plugin thirdparty (category:base,tabindex:-1)
2026-06-22 14:59:06,581 [WARN] IntegrityCheckThread:84 - waiting for thirdparty lock release [integrity check]
2026-06-22 14:59:06,581 [INFO] PluginManage:310 - Check plugin tools
2026-06-22 14:59:06,581 [INFO] IntegrityCheckThread:86 - entering critical section [integrity check]
2026-06-22 14:59:06,581 [INFO] ThirdPartyUpdaterWithRetryManager:70 - Updater plugin not ready yet. [1/15]
2026-06-22 14:59:06,588 [INFO] PluginManage:359 - Loaded plugin tools (category:base,tabindex:7)
2026-06-22 14:59:06,589 [INFO] PluginManage:310 - Check plugin tutovideos
2026-06-22 14:59:07,089 [INFO] PluginManage:359 - Loaded plugin tutovideos (category:base,tabindex:-1)
2026-06-22 14:59:07,090 [INFO] PluginManage:310 - Check plugin updater
2026-06-22 14:59:07,143 [INFO] PluginManage:359 - Loaded plugin updater (category:base,tabindex:12)
2026-06-22 14:59:07,143 [INFO] PluginManage:310 - Check plugin userauth
2026-06-22 14:59:07,154 [INFO] UserAuth:118 - Init User Auth plugin
2026-06-22 14:59:07,156 [INFO] PluginManage:359 - Loaded plugin userauth (category:base,tabindex:14)
2026-06-22 14:59:07,158 [INFO] PluginManage:283 - PluginManage : Loaded plugins [18]
2026-06-22 14:59:07,796 [INFO] PinOutPanel:1589 - setPackage(No Configuration,No Configuration)
2026-06-22 14:59:08,045 [INFO] CADModel:165 - CPN selected for project level
2026-06-22 14:59:08,046 [INFO] CADModel:114 - Register for checkConnection events
2026-06-22 14:59:08,095 [INFO] IPUIPlugin:80 - create IPUIPlugin
2026-06-22 14:59:08,096 [INFO] PluginManager:220 - loadIPPluginJar : add adc
2026-06-22 14:59:08,103 [INFO] IPUIPlugin:80 - create IPUIPlugin
2026-06-22 14:59:08,104 [INFO] PluginManager:220 - loadIPPluginJar : add aes
2026-06-22 14:59:08,114 [INFO] IPUIPlugin:80 - create IPUIPlugin
2026-06-22 14:59:08,115 [INFO] PluginManager:220 - loadIPPluginJar : add can
2026-06-22 14:59:08,119 [INFO] IPUIPlugin:80 - create IPUIPlugin
2026-06-22 14:59:08,120 [INFO] PluginManager:220 - loadIPPluginJar : add comp
2026-06-22 14:59:08,127 [INFO] IPUIPlugin:80 - create IPUIPlugin
2026-06-22 14:59:08,127 [INFO] PluginManager:220 - loadIPPluginJar : add cryp
2026-06-22 14:59:08,135 [INFO] IPUIPlugin:80 - create IPUIPlugin
2026-06-22 14:59:08,135 [INFO] PluginManager:220 - loadIPPluginJar : add ddr_ctrl_phy
2026-06-22 14:59:08,144 [INFO] IPUIPlugin:80 - create IPUIPlugin
2026-06-22 14:59:08,144 [INFO] PluginManager:220 - loadIPPluginJar : add dfsdm
2026-06-22 14:59:08,160 [INFO] IPUIPlugin:80 - create IPUIPlugin
2026-06-22 14:59:08,162 [INFO] PluginManager:220 - loadIPPluginJar : add dma
2026-06-22 14:59:08,168 [INFO] IPUIPlugin:80 - create IPUIPlugin
2026-06-22 14:59:08,168 [INFO] PluginManager:220 - loadIPPluginJar : add dma3
2026-06-22 14:59:08,177 [INFO] IPUIPlugin:80 - create IPUIPlugin
2026-06-22 14:59:08,177 [INFO] PluginManager:220 - loadIPPluginJar : add extmemmanager
2026-06-22 14:59:08,181 [INFO] IPUIPlugin:80 - create IPUIPlugin
2026-06-22 14:59:08,181 [INFO] PluginManager:220 - loadIPPluginJar : add fatfs
2026-06-22 14:59:08,193 [INFO] IPUIPlugin:80 - create IPUIPlugin
2026-06-22 14:59:08,193 [INFO] PluginManager:220 - loadIPPluginJar : add fmc
2026-06-22 14:59:08,209 [INFO] IPUIPlugin:80 - create IPUIPlugin
2026-06-22 14:59:08,209 [INFO] PluginManager:220 - loadIPPluginJar : add freertos
2026-06-22 14:59:08,213 [INFO] IPUIPlugin:80 - create IPUIPlugin
2026-06-22 14:59:08,213 [INFO] PluginManager:220 - loadIPPluginJar : add genericplugin
2026-06-22 14:59:08,220 [INFO] IPUIPlugin:80 - create IPUIPlugin
2026-06-22 14:59:08,220 [INFO] PluginManager:220 - loadIPPluginJar : add gfxmmu
2026-06-22 14:59:08,233 [INFO] IPUIPlugin:80 - create IPUIPlugin
2026-06-22 14:59:08,234 [INFO] PluginManager:220 - loadIPPluginJar : add gic
2026-06-22 14:59:08,244 [INFO] IPUIPlugin:80 - create IPUIPlugin
2026-06-22 14:59:08,244 [INFO] PluginManager:220 - loadIPPluginJar : add gpio
2026-06-22 14:59:08,253 [INFO] IPUIPlugin:80 - create IPUIPlugin
2026-06-22 14:59:08,253 [INFO] PluginManager:220 - loadIPPluginJar : add gtzc
2026-06-22 14:59:08,261 [INFO] IPUIPlugin:80 - create IPUIPlugin
2026-06-22 14:59:08,261 [INFO] PluginManager:220 - loadIPPluginJar : add hash
2026-06-22 14:59:08,270 [INFO] IPUIPlugin:80 - create IPUIPlugin
2026-06-22 14:59:08,271 [INFO] PluginManager:220 - loadIPPluginJar : add i2c
2026-06-22 14:59:08,277 [INFO] IPUIPlugin:80 - create IPUIPlugin
2026-06-22 14:59:08,277 [INFO] PluginManager:220 - loadIPPluginJar : add i2s
2026-06-22 14:59:08,288 [INFO] IPUIPlugin:80 - create IPUIPlugin
2026-06-22 14:59:08,289 [INFO] PluginManager:220 - loadIPPluginJar : add i3c
2026-06-22 14:59:08,298 [INFO] IPUIPlugin:80 - create IPUIPlugin
2026-06-22 14:59:08,298 [INFO] PluginManager:220 - loadIPPluginJar : add ipddr
2026-06-22 14:59:08,318 [INFO] IPUIPlugin:80 - create IPUIPlugin
2026-06-22 14:59:08,319 [INFO] PluginManager:220 - loadIPPluginJar : add linkedlist
2026-06-22 14:59:08,327 [INFO] IPUIPlugin:80 - create IPUIPlugin
2026-06-22 14:59:08,327 [INFO] PluginManager:220 - loadIPPluginJar : add lorawan
2026-06-22 14:59:08,332 [INFO] IPUIPlugin:80 - create IPUIPlugin
2026-06-22 14:59:08,332 [INFO] PluginManager:220 - loadIPPluginJar : add ltdc
2026-06-22 14:59:08,350 [INFO] IPUIPlugin:80 - create IPUIPlugin
2026-06-22 14:59:08,351 [INFO] PluginManager:220 - loadIPPluginJar : add mdma
2026-06-22 14:59:08,360 [INFO] IPUIPlugin:80 - create IPUIPlugin
2026-06-22 14:59:08,361 [INFO] PluginManager:220 - loadIPPluginJar : add nvic
2026-06-22 14:59:08,368 [INFO] IPUIPlugin:80 - create IPUIPlugin
2026-06-22 14:59:08,368 [INFO] PluginManager:220 - loadIPPluginJar : add opamp
2026-06-22 14:59:08,378 [INFO] IPUIPlugin:80 - create IPUIPlugin
2026-06-22 14:59:08,378 [INFO] PluginManager:220 - loadIPPluginJar : add openamp
2026-06-22 14:59:08,385 [INFO] IPUIPlugin:80 - create IPUIPlugin
2026-06-22 14:59:08,387 [INFO] PluginManager:220 - loadIPPluginJar : add pdm2pcm
2026-06-22 14:59:08,405 [INFO] IPUIPlugin:80 - create IPUIPlugin
2026-06-22 14:59:08,413 [INFO] PluginManager:220 - loadIPPluginJar : add plateformsettings
2026-06-22 14:59:08,418 [INFO] IPUIPlugin:80 - create IPUIPlugin
2026-06-22 14:59:08,419 [INFO] PluginManager:220 - loadIPPluginJar : add quadspi
2026-06-22 14:59:08,425 [INFO] IPUIPlugin:80 - create IPUIPlugin
2026-06-22 14:59:08,427 [INFO] PluginManager:220 - loadIPPluginJar : add radio
2026-06-22 14:59:08,439 [INFO] IPUIPlugin:80 - create IPUIPlugin
2026-06-22 14:59:08,439 [INFO] PluginManager:220 - loadIPPluginJar : add resmgrutility
2026-06-22 14:59:08,448 [INFO] IPUIPlugin:80 - create IPUIPlugin
2026-06-22 14:59:08,448 [INFO] PluginManager:220 - loadIPPluginJar : add sai
2026-06-22 14:59:08,455 [INFO] IPUIPlugin:80 - create IPUIPlugin
2026-06-22 14:59:08,456 [INFO] PluginManager:220 - loadIPPluginJar : add spi
2026-06-22 14:59:08,472 [INFO] IPUIPlugin:80 - create IPUIPlugin
2026-06-22 14:59:08,472 [INFO] PluginManager:220 - loadIPPluginJar : add stm32_wpan
2026-06-22 14:59:08,477 [INFO] IPUIPlugin:80 - create IPUIPlugin
2026-06-22 14:59:08,478 [INFO] PluginManager:220 - loadIPPluginJar : add tim
2026-06-22 14:59:08,488 [INFO] IPUIPlugin:80 - create IPUIPlugin
2026-06-22 14:59:08,488 [INFO] PluginManager:220 - loadIPPluginJar : add touchsensing
2026-06-22 14:59:08,493 [INFO] IPUIPlugin:80 - create IPUIPlugin
2026-06-22 14:59:08,494 [INFO] PluginManager:220 - loadIPPluginJar : add tracer_emb
2026-06-22 14:59:08,502 [INFO] IPUIPlugin:80 - create IPUIPlugin
2026-06-22 14:59:08,503 [INFO] PluginManager:220 - loadIPPluginJar : add ts
2026-06-22 14:59:08,508 [INFO] IPUIPlugin:80 - create IPUIPlugin
2026-06-22 14:59:08,508 [INFO] PluginManager:220 - loadIPPluginJar : add tsc
2026-06-22 14:59:08,514 [INFO] IPUIPlugin:80 - create IPUIPlugin
2026-06-22 14:59:08,515 [INFO] PluginManager:220 - loadIPPluginJar : add ucpd
2026-06-22 14:59:08,522 [INFO] IPUIPlugin:80 - create IPUIPlugin
2026-06-22 14:59:08,522 [INFO] PluginManager:220 - loadIPPluginJar : add usart
2026-06-22 14:59:08,530 [INFO] IPUIPlugin:80 - create IPUIPlugin
2026-06-22 14:59:08,532 [INFO] PluginManager:220 - loadIPPluginJar : add usbx
2026-06-22 14:59:08,785 [FATAL] Updater:351 - Updater called before beeing initialized
2026-06-22 14:59:08,854 [INFO] RulesReader:64 - Compatibility file has been processed (302 Rules)
2026-06-22 14:59:08,889 [INFO] RulesReader:64 - Compatibility file has been processed (302 Rules)
2026-06-22 14:59:08,909 [INFO] CADModel:165 - CPN selected for project level
2026-06-22 14:59:08,909 [INFO] CADModel:114 - Register for checkConnection events
2026-06-22 14:59:08,909 [FATAL] Updater:351 - Updater called before beeing initialized
2026-06-22 14:59:08,910 [ERROR] CADModel:125 - Updater not yet initialized, retry later 
2026-06-22 14:59:09,417 [FATAL] Updater:351 - Updater called before beeing initialized
2026-06-22 14:59:09,421 [INFO] CADModel:165 - CPN selected for project level
2026-06-22 14:59:09,422 [INFO] CADModel:114 - Register for checkConnection events
2026-06-22 14:59:09,422 [FATAL] Updater:351 - Updater called before beeing initialized
2026-06-22 14:59:09,422 [ERROR] CADModel:125 - Updater not yet initialized, retry later 
2026-06-22 14:59:09,433 [FATAL] Updater:351 - Updater called before beeing initialized
2026-06-22 14:59:09,583 [INFO] ThirdPartyUpdaterWithRetryManager:70 - Updater plugin not ready yet. [2/15]
2026-06-22 14:59:09,747 [FATAL] Updater:351 - Updater called before beeing initialized
2026-06-22 14:59:09,761 [INFO] DbMcusAds:53 - JSON generation date=Thu Mar 05 20:02:52 IST 2026 (1772721172890)
2026-06-22 14:59:09,762 [FATAL] Updater:351 - Updater called before beeing initialized
2026-06-22 14:59:09,867 [WARN] DetailPanel:346 - Failed to get advertising image, set to default
2026-06-22 14:59:10,542 [FATAL] Updater:351 - Updater called before beeing initialized
2026-06-22 14:59:10,549 [FATAL] Updater:351 - Updater called before beeing initialized
2026-06-22 14:59:10,549 [FATAL] Updater:351 - Updater called before beeing initialized
2026-06-22 14:59:10,549 [WARN] DetailPanel:346 - Failed to get advertising image, set to default
2026-06-22 14:59:10,550 [FATAL] Updater:351 - Updater called before beeing initialized
2026-06-22 14:59:10,688 [ERROR] Updater:1198 - MainUpdater not yet initialized. External WinMGr cannot be set.
2026-06-22 14:59:10,694 [INFO] Updater:1134 - Updater Version found : 6.14.1
2026-06-22 14:59:10,743 [INFO] ApplicationProperties:184 - Using Application install path: C:\ST\STM32CubeIDE_1.18.1\STM32CubeIDE\plugins\com.st.stm32cube.common.mx_6.14.1.202504091515
2026-06-22 14:59:12,352 [ERROR] LogOutputStream:75 - [STDERR_REDIRECT] Jun 22, 2026 2:59:12 PM java.util.prefs.WindowsPreferences <init>
2026-06-22 14:59:12,356 [ERROR] LogOutputStream:75 - [STDERR_REDIRECT] WARNING: Could not open/create prefs root node Software\JavaSoft\Prefs at root 0xffffffff80000002. Windows RegCreateKeyEx(...) returned error code 5.
2026-06-22 14:59:12,357 [ERROR] LogOutputStream:75 - [STDERR_REDIRECT] 
2026-06-22 14:59:12,585 [FATAL] Updater:351 - Updater called before beeing initialized
2026-06-22 14:59:12,586 [ERROR] IntegrityCheckThread:130 - Cannot retrieve database content from updater: error 21
2026-06-22 14:59:12,587 [INFO] ThirdParty:978 - Integrity check success = false
2026-06-22 14:59:12,587 [INFO] IntegrityCheckThread:100 - exiting critical section [integrity check]
2026-06-22 14:59:12,587 [INFO] IntegrityCheckThread:103 - End integrity checks thread
2026-06-22 14:59:13,099 [INFO] MainUpdater:2872 - connection check result : 10
2026-06-22 14:59:13,100 [INFO] MainUpdater:3566 - Updater definition file requires update
2026-06-22 14:59:13,103 [INFO] MainUpdater:289 - Updater Check For Update Now.
2026-06-22 14:59:13,103 [INFO] MicroXplorer:498 - Change Database Version : DB.6.0.141
2026-06-22 14:59:13,122 [INFO] McuFinderGlobals:63 - Set McuFinder mode to 2 (CubeIDE integrated)
2026-06-22 14:59:13,124 [INFO] UserAuth:484 - Internet connection configuration mode: 1
2026-06-22 14:59:13,169 [INFO] ServerAccessManage:473 - Download File updaters.zip
2026-06-22 14:59:13,172 [INFO] JxBrowserEngine:152 - Initiate JxBrowser Engine with user profile folder
2026-06-22 14:59:13,411 [INFO] FileExtend:242 - Unzip File : updaters.zip
2026-06-22 14:59:13,411 [INFO] FileExtend:257 - Standard Zip Deflate
2026-06-22 14:59:14,833 [INFO] ServerAccessManage:473 - Download File PacksControlFlags.xml
2026-06-22 14:59:15,047 [INFO] ServerAccessManage:473 - Download File cubemx.pidx
2026-06-22 14:59:15,349 [INFO] LoadServerUpdatesThread:375 - End of LoadServerUpdate Thread
2026-06-22 14:59:15,602 [INFO] CheckServerUpdateThread:120 - End of CheckServer Thread
2026-06-22 14:59:19,271 [INFO] WebApp:169 - Instantiating new browser for Auth
2026-06-22 14:59:23,969 [INFO] WebApp:463 - Apply proxy settings
2026-06-22 14:59:23,969 [INFO] WebApp:548 - Chromium requires no authentication
2026-06-22 14:59:23,994 [INFO] WebApp:491 - Direct internet connection detected
2026-06-22 14:59:24,074 [INFO] WebApp:894 - Register for checkConnection events
2026-06-22 14:59:24,074 [INFO] WebApp:463 - Apply proxy settings
2026-06-22 14:59:24,075 [INFO] WebApp:548 - Chromium requires no authentication
2026-06-22 14:59:24,076 [INFO] WebApp:491 - Direct internet connection detected
2026-06-22 14:59:24,900 [INFO] WebApp:225 - Starting web application
2026-06-22 14:59:24,900 [INFO] WebApp:593 - Web application path used C:\ST\STM32CubeIDE_1.18.1\STM32CubeIDE\plugins\com.st.stm32cube.common.mx_6.14.1.202504091515\db\plugins\mcufinder\reactClient1\index.html
2026-06-22 14:59:25,125 [INFO] WebApp:191 - Connection restablished
2026-06-22 14:59:27,042 [INFO] UserAuth:484 - Internet connection configuration mode: 1
2026-06-22 15:02:04,729 [INFO] Activator:176 - 


2026-06-22 15:02:04,736 [INFO] Activator:177 - !SESSION log4j initialized
2026-06-22 15:02:23,773 [INFO] LogOutputStream:77 - [STDOUT_REDIRECT] 
