2026-05-17 01:03:37,720 [INFO] Activator:176 - 


2026-05-17 01:03:37,742 [INFO] Activator:177 - !SESSION log4j initialized
2026-05-17 01:03:54,117 [INFO] LogOutputStream:77 - [STDOUT_REDIRECT] 
2026-05-17 01:04:06,143 [INFO] ApplicationProperties:184 - Using Application install path: C:\ST\STM32CubeIDE_1.18.1\STM32CubeIDE\plugins\com.st.stm32cube.common.mx_6.14.1.202504091515
2026-05-17 01:04:06,183 [INFO] DbMcusXml:78 - Set database path to: C:\ST\STM32CubeIDE_1.18.1\STM32CubeIDE\plugins\com.st.stm32cube.common.mx_6.14.1.202504091515\\db\/mcu/
2026-05-17 01:04:06,184 [INFO] ApiDb:274 - Set plugin database path to: C:\ST\STM32CubeIDE_1.18.1\STM32CubeIDE\plugins\com.st.stm32cube.common.mx_6.14.1.202504091515\\db\/plugins/boardmanager/
2026-05-17 01:04:06,185 [WARN] ApiDb:259 - Overriding images path with different value:  => C:\ST\STM32CubeIDE_1.18.1\STM32CubeIDE\plugins\com.st.stm32cube.common.mx_6.14.1.202504091515\\db\/plugins/mcufinder/images/
2026-05-17 01:04:06,209 [INFO] ApiDb:250 - Set database path to: C:\Users\HP\.stmcufinder\plugins\mcufinder//mcu/
2026-05-17 01:04:06,211 [INFO] DbMcusAds:125 - Set database path to: C:\Users\HP\.stmcufinder\plugins\mcufinder//mcu/
2026-05-17 01:04:06,220 [INFO] CrossReferenceDbSqlite:203 - Set database path to: C:\Users\HP\.stmcufinder\plugins\mcufinder//mcu/cs/
2026-05-17 01:04:06,472 [INFO] RulesReader:64 - Compatibility file has been processed (302 Rules)
2026-05-17 01:04:06,678 [INFO] DbMcusXml:78 - Set database path to: C:\ST\STM32CubeIDE_1.18.1\STM32CubeIDE\plugins\com.st.stm32cube.common.mx_6.14.1.202504091515\\db\/mcu/
2026-05-17 01:04:06,678 [INFO] ApiDb:274 - Set plugin database path to: C:\ST\STM32CubeIDE_1.18.1\STM32CubeIDE\plugins\com.st.stm32cube.common.mx_6.14.1.202504091515\\db\/plugins/boardmanager/
2026-05-17 01:04:06,679 [INFO] ApiDb:261 - Set plugin images path to: C:\ST\STM32CubeIDE_1.18.1\STM32CubeIDE\plugins\com.st.stm32cube.common.mx_6.14.1.202504091515\\db\/plugins/mcufinder/images/
2026-05-17 01:04:06,679 [WARN] DbFile:41 - Overriding database path with different value: C:\Users\HP\.stmcufinder\plugins\mcufinder/ => C:\Users\HP\.stmcufinder\plugins\mcufinder
2026-05-17 01:04:06,680 [INFO] ApiDb:250 - Set database path to: C:\Users\HP\.stmcufinder\plugins\mcufinder//mcu/
2026-05-17 01:04:06,680 [WARN] DbFile:41 - Overriding database path with different value: C:\Users\HP\.stmcufinder\plugins\mcufinder/ => C:\Users\HP\.stmcufinder\plugins\mcufinder
2026-05-17 01:04:06,680 [INFO] DbMcusAds:125 - Set database path to: C:\Users\HP\.stmcufinder\plugins\mcufinder//mcu/
2026-05-17 01:04:06,680 [WARN] DbFile:41 - Overriding database path with different value: C:\Users\HP\.stmcufinder\plugins\mcufinder/ => C:\Users\HP\.stmcufinder\plugins\mcufinder
2026-05-17 01:04:06,681 [WARN] DbFile:41 - Overriding database path with different value: C:\Users\HP\.stmcufinder\plugins\mcufinder/ => C:\Users\HP\.stmcufinder\plugins\mcufinder
2026-05-17 01:04:06,681 [INFO] CrossReferenceDbSqlite:203 - Set database path to: C:\Users\HP\.stmcufinder\plugins\mcufinder//mcu/cs/
2026-05-17 01:04:06,870 [INFO] MainPanel:272 - HeapMemory: 268435456
2026-05-17 01:04:07,125 [INFO] DbMcusXml:78 - Set database path to: C:\ST\STM32CubeIDE_1.18.1\STM32CubeIDE\plugins\com.st.stm32cube.common.mx_6.14.1.202504091515\\db\/mcu/
2026-05-17 01:04:07,126 [INFO] ApiDb:274 - Set plugin database path to: C:\ST\STM32CubeIDE_1.18.1\STM32CubeIDE\plugins\com.st.stm32cube.common.mx_6.14.1.202504091515\\db\/plugins/boardmanager/
2026-05-17 01:04:07,126 [INFO] ApiDb:261 - Set plugin images path to: C:\ST\STM32CubeIDE_1.18.1\STM32CubeIDE\plugins\com.st.stm32cube.common.mx_6.14.1.202504091515\\db\/plugins/mcufinder/images/
2026-05-17 01:04:07,127 [WARN] DbFile:41 - Overriding database path with different value: C:\Users\HP\.stmcufinder\plugins\mcufinder/ => C:\Users\HP\.stmcufinder\plugins\mcufinder
2026-05-17 01:04:07,127 [INFO] ApiDb:250 - Set database path to: C:\Users\HP\.stmcufinder\plugins\mcufinder//mcu/
2026-05-17 01:04:07,128 [WARN] DbFile:41 - Overriding database path with different value: C:\Users\HP\.stmcufinder\plugins\mcufinder/ => C:\Users\HP\.stmcufinder\plugins\mcufinder
2026-05-17 01:04:07,128 [INFO] DbMcusAds:125 - Set database path to: C:\Users\HP\.stmcufinder\plugins\mcufinder//mcu/
2026-05-17 01:04:07,128 [WARN] DbFile:41 - Overriding database path with different value: C:\Users\HP\.stmcufinder\plugins\mcufinder/ => C:\Users\HP\.stmcufinder\plugins\mcufinder
2026-05-17 01:04:07,128 [WARN] DbFile:41 - Overriding database path with different value: C:\Users\HP\.stmcufinder\plugins\mcufinder/ => C:\Users\HP\.stmcufinder\plugins\mcufinder
2026-05-17 01:04:07,128 [INFO] CrossReferenceDbSqlite:203 - Set database path to: C:\Users\HP\.stmcufinder\plugins\mcufinder//mcu/cs/
2026-05-17 01:04:07,171 [INFO] ApplicationProperties:184 - Using Application install path: C:\ST\STM32CubeIDE_1.18.1\STM32CubeIDE\plugins\com.st.stm32cube.common.mx_6.14.1.202504091515
2026-05-17 01:04:07,174 [INFO] PluginManage:196 - Search for loadable plugins [exclusion list=, ]
2026-05-17 01:04:07,178 [INFO] PluginManage:310 - Check plugin analytics
2026-05-17 01:04:17,113 [INFO] AnalyticsPlugin:253 - Accepted Software Licenses: 
2026-05-17 01:04:17,114 [INFO] AnalyticsPlugin:255 - Accepted CMSIS Pack Licenses: 
2026-05-17 01:04:17,114 [INFO] AnalyticsPlugin:257 - Accepted Firmware Licenses: FW.F4.1.28.0
2026-05-17 01:04:17,119 [INFO] PluginManage:359 - Loaded plugin analytics (category:tool,tabindex:-1)
2026-05-17 01:04:17,120 [INFO] PluginManage:310 - Check plugin cadmodel
2026-05-17 01:04:17,131 [INFO] CADModel:105 - Init CAD model plugin
2026-05-17 01:04:17,131 [INFO] PluginManage:359 - Loaded plugin cadmodel (category:power,tabindex:5)
2026-05-17 01:04:17,132 [INFO] PluginManage:310 - Check plugin clock
2026-05-17 01:04:17,153 [INFO] PluginManage:359 - Loaded plugin clock (category:base,tabindex:2)
2026-05-17 01:04:17,153 [INFO] PluginManage:310 - Check plugin ddr
2026-05-17 01:04:17,161 [INFO] PluginManage:359 - Loaded plugin ddr (category:tool,tabindex:6)
2026-05-17 01:04:17,161 [INFO] PluginManage:310 - Check plugin filemanager
2026-05-17 01:04:17,525 [INFO] PluginManage:359 - Loaded plugin filemanager (category:base,tabindex:10)
2026-05-17 01:04:17,526 [INFO] PluginManage:310 - Check plugin ipmanager
2026-05-17 01:04:17,544 [INFO] PluginManage:359 - Loaded plugin ipmanager (category:base,tabindex:5)
2026-05-17 01:04:17,544 [INFO] PluginManage:310 - Check plugin lpbam
2026-05-17 01:04:17,565 [INFO] PluginManage:359 - Loaded plugin lpbam (category:base,tabindex:0)
2026-05-17 01:04:17,565 [INFO] PluginManage:310 - Check plugin memorymap
2026-05-17 01:04:17,597 [INFO] PluginManage:359 - Loaded plugin memorymap (category:base,tabindex:4)
2026-05-17 01:04:17,598 [INFO] PluginManage:310 - Check plugin pinoutandconfiguration
2026-05-17 01:04:17,620 [INFO] PluginManage:359 - Loaded plugin pinoutandconfiguration (category:base,tabindex:1)
2026-05-17 01:04:17,620 [INFO] PluginManage:310 - Check plugin pinoutconfig
2026-05-17 01:04:17,841 [WARN] SupportedApi:132 - Cannot load RTOS API schema: s4s-elt-must-match.1: The content of 'definitions' must match (annotation?, (simpleType | complexType)?, (unique | key | keyref)*)). A problem was found starting at: attribute.
2026-05-17 01:04:18,217 [INFO] PluginManage:359 - Loaded plugin pinoutconfig (category:base,tabindex:0)
2026-05-17 01:04:18,217 [INFO] PluginManage:310 - Check plugin power
2026-05-17 01:04:18,241 [INFO] PluginManage:359 - Loaded plugin power (category:power,tabindex:4)
2026-05-17 01:04:18,241 [INFO] PluginManage:310 - Check plugin projectmanager
2026-05-17 01:04:18,279 [INFO] PluginManage:359 - Loaded plugin projectmanager (category:projectmanager,tabindex:4)
2026-05-17 01:04:18,279 [INFO] PluginManage:310 - Check plugin rif
2026-05-17 01:04:18,298 [INFO] PluginManage:359 - Loaded plugin rif (category:base,tabindex:3)
2026-05-17 01:04:18,298 [INFO] PluginManage:310 - Check plugin thirdparty
2026-05-17 01:04:18,634 [INFO] PluginManage:359 - Loaded plugin thirdparty (category:base,tabindex:-1)
2026-05-17 01:04:18,634 [WARN] IntegrityCheckThread:84 - waiting for thirdparty lock release [integrity check]
2026-05-17 01:04:18,636 [INFO] PluginManage:310 - Check plugin tools
2026-05-17 01:04:18,636 [INFO] IntegrityCheckThread:86 - entering critical section [integrity check]
2026-05-17 01:04:18,636 [INFO] ThirdPartyUpdaterWithRetryManager:70 - Updater plugin not ready yet. [1/15]
2026-05-17 01:04:18,642 [INFO] PluginManage:359 - Loaded plugin tools (category:base,tabindex:7)
2026-05-17 01:04:18,642 [INFO] PluginManage:310 - Check plugin tutovideos
2026-05-17 01:04:19,070 [INFO] PluginManage:359 - Loaded plugin tutovideos (category:base,tabindex:-1)
2026-05-17 01:04:19,070 [INFO] PluginManage:310 - Check plugin updater
2026-05-17 01:04:19,133 [INFO] PluginManage:359 - Loaded plugin updater (category:base,tabindex:12)
2026-05-17 01:04:19,134 [INFO] PluginManage:310 - Check plugin userauth
2026-05-17 01:04:19,146 [INFO] UserAuth:118 - Init User Auth plugin
2026-05-17 01:04:19,149 [INFO] PluginManage:359 - Loaded plugin userauth (category:base,tabindex:14)
2026-05-17 01:04:19,150 [INFO] PluginManage:283 - PluginManage : Loaded plugins [18]
2026-05-17 01:04:19,732 [INFO] PinOutPanel:1589 - setPackage(No Configuration,No Configuration)
2026-05-17 01:04:19,943 [INFO] CADModel:165 - CPN selected for project level
2026-05-17 01:04:19,943 [INFO] CADModel:114 - Register for checkConnection events
2026-05-17 01:04:19,985 [INFO] IPUIPlugin:80 - create IPUIPlugin
2026-05-17 01:04:19,985 [INFO] PluginManager:220 - loadIPPluginJar : add adc
2026-05-17 01:04:19,992 [INFO] IPUIPlugin:80 - create IPUIPlugin
2026-05-17 01:04:19,993 [INFO] PluginManager:220 - loadIPPluginJar : add aes
2026-05-17 01:04:19,999 [INFO] IPUIPlugin:80 - create IPUIPlugin
2026-05-17 01:04:19,999 [INFO] PluginManager:220 - loadIPPluginJar : add can
2026-05-17 01:04:20,003 [INFO] IPUIPlugin:80 - create IPUIPlugin
2026-05-17 01:04:20,003 [INFO] PluginManager:220 - loadIPPluginJar : add comp
2026-05-17 01:04:20,009 [INFO] IPUIPlugin:80 - create IPUIPlugin
2026-05-17 01:04:20,009 [INFO] PluginManager:220 - loadIPPluginJar : add cryp
2026-05-17 01:04:20,017 [INFO] IPUIPlugin:80 - create IPUIPlugin
2026-05-17 01:04:20,017 [INFO] PluginManager:220 - loadIPPluginJar : add ddr_ctrl_phy
2026-05-17 01:04:20,025 [INFO] IPUIPlugin:80 - create IPUIPlugin
2026-05-17 01:04:20,025 [INFO] PluginManager:220 - loadIPPluginJar : add dfsdm
2026-05-17 01:04:20,037 [INFO] IPUIPlugin:80 - create IPUIPlugin
2026-05-17 01:04:20,038 [INFO] PluginManager:220 - loadIPPluginJar : add dma
2026-05-17 01:04:20,045 [INFO] IPUIPlugin:80 - create IPUIPlugin
2026-05-17 01:04:20,045 [INFO] PluginManager:220 - loadIPPluginJar : add dma3
2026-05-17 01:04:20,052 [INFO] IPUIPlugin:80 - create IPUIPlugin
2026-05-17 01:04:20,053 [INFO] PluginManager:220 - loadIPPluginJar : add extmemmanager
2026-05-17 01:04:20,057 [INFO] IPUIPlugin:80 - create IPUIPlugin
2026-05-17 01:04:20,058 [INFO] PluginManager:220 - loadIPPluginJar : add fatfs
2026-05-17 01:04:20,069 [INFO] IPUIPlugin:80 - create IPUIPlugin
2026-05-17 01:04:20,069 [INFO] PluginManager:220 - loadIPPluginJar : add fmc
2026-05-17 01:04:20,083 [INFO] IPUIPlugin:80 - create IPUIPlugin
2026-05-17 01:04:20,084 [INFO] PluginManager:220 - loadIPPluginJar : add freertos
2026-05-17 01:04:20,088 [INFO] IPUIPlugin:80 - create IPUIPlugin
2026-05-17 01:04:20,088 [INFO] PluginManager:220 - loadIPPluginJar : add genericplugin
2026-05-17 01:04:20,095 [INFO] IPUIPlugin:80 - create IPUIPlugin
2026-05-17 01:04:20,095 [INFO] PluginManager:220 - loadIPPluginJar : add gfxmmu
2026-05-17 01:04:20,106 [INFO] IPUIPlugin:80 - create IPUIPlugin
2026-05-17 01:04:20,107 [INFO] PluginManager:220 - loadIPPluginJar : add gic
2026-05-17 01:04:20,116 [INFO] IPUIPlugin:80 - create IPUIPlugin
2026-05-17 01:04:20,116 [INFO] PluginManager:220 - loadIPPluginJar : add gpio
2026-05-17 01:04:20,124 [INFO] IPUIPlugin:80 - create IPUIPlugin
2026-05-17 01:04:20,124 [INFO] PluginManager:220 - loadIPPluginJar : add gtzc
2026-05-17 01:04:20,130 [INFO] IPUIPlugin:80 - create IPUIPlugin
2026-05-17 01:04:20,131 [INFO] PluginManager:220 - loadIPPluginJar : add hash
2026-05-17 01:04:20,137 [INFO] IPUIPlugin:80 - create IPUIPlugin
2026-05-17 01:04:20,138 [INFO] PluginManager:220 - loadIPPluginJar : add i2c
2026-05-17 01:04:20,143 [INFO] IPUIPlugin:80 - create IPUIPlugin
2026-05-17 01:04:20,144 [INFO] PluginManager:220 - loadIPPluginJar : add i2s
2026-05-17 01:04:20,151 [INFO] IPUIPlugin:80 - create IPUIPlugin
2026-05-17 01:04:20,151 [INFO] PluginManager:220 - loadIPPluginJar : add i3c
2026-05-17 01:04:20,159 [INFO] IPUIPlugin:80 - create IPUIPlugin
2026-05-17 01:04:20,159 [INFO] PluginManager:220 - loadIPPluginJar : add ipddr
2026-05-17 01:04:20,173 [INFO] IPUIPlugin:80 - create IPUIPlugin
2026-05-17 01:04:20,174 [INFO] PluginManager:220 - loadIPPluginJar : add linkedlist
2026-05-17 01:04:20,181 [INFO] IPUIPlugin:80 - create IPUIPlugin
2026-05-17 01:04:20,182 [INFO] PluginManager:220 - loadIPPluginJar : add lorawan
2026-05-17 01:04:20,185 [INFO] IPUIPlugin:80 - create IPUIPlugin
2026-05-17 01:04:20,185 [INFO] PluginManager:220 - loadIPPluginJar : add ltdc
2026-05-17 01:04:20,198 [INFO] IPUIPlugin:80 - create IPUIPlugin
2026-05-17 01:04:20,198 [INFO] PluginManager:220 - loadIPPluginJar : add mdma
2026-05-17 01:04:20,206 [INFO] IPUIPlugin:80 - create IPUIPlugin
2026-05-17 01:04:20,207 [INFO] PluginManager:220 - loadIPPluginJar : add nvic
2026-05-17 01:04:20,214 [INFO] IPUIPlugin:80 - create IPUIPlugin
2026-05-17 01:04:20,214 [INFO] PluginManager:220 - loadIPPluginJar : add opamp
2026-05-17 01:04:20,221 [INFO] IPUIPlugin:80 - create IPUIPlugin
2026-05-17 01:04:20,222 [INFO] PluginManager:220 - loadIPPluginJar : add openamp
2026-05-17 01:04:20,231 [INFO] IPUIPlugin:80 - create IPUIPlugin
2026-05-17 01:04:20,232 [INFO] PluginManager:220 - loadIPPluginJar : add pdm2pcm
2026-05-17 01:04:20,248 [INFO] IPUIPlugin:80 - create IPUIPlugin
2026-05-17 01:04:20,252 [INFO] PluginManager:220 - loadIPPluginJar : add plateformsettings
2026-05-17 01:04:20,258 [INFO] IPUIPlugin:80 - create IPUIPlugin
2026-05-17 01:04:20,258 [INFO] PluginManager:220 - loadIPPluginJar : add quadspi
2026-05-17 01:04:20,262 [INFO] IPUIPlugin:80 - create IPUIPlugin
2026-05-17 01:04:20,264 [INFO] PluginManager:220 - loadIPPluginJar : add radio
2026-05-17 01:04:20,273 [INFO] IPUIPlugin:80 - create IPUIPlugin
2026-05-17 01:04:20,273 [INFO] PluginManager:220 - loadIPPluginJar : add resmgrutility
2026-05-17 01:04:20,281 [INFO] IPUIPlugin:80 - create IPUIPlugin
2026-05-17 01:04:20,282 [INFO] PluginManager:220 - loadIPPluginJar : add sai
2026-05-17 01:04:20,288 [INFO] IPUIPlugin:80 - create IPUIPlugin
2026-05-17 01:04:20,288 [INFO] PluginManager:220 - loadIPPluginJar : add spi
2026-05-17 01:04:20,304 [INFO] IPUIPlugin:80 - create IPUIPlugin
2026-05-17 01:04:20,304 [INFO] PluginManager:220 - loadIPPluginJar : add stm32_wpan
2026-05-17 01:04:20,309 [INFO] IPUIPlugin:80 - create IPUIPlugin
2026-05-17 01:04:20,309 [INFO] PluginManager:220 - loadIPPluginJar : add tim
2026-05-17 01:04:20,317 [INFO] IPUIPlugin:80 - create IPUIPlugin
2026-05-17 01:04:20,317 [INFO] PluginManager:220 - loadIPPluginJar : add touchsensing
2026-05-17 01:04:20,323 [INFO] IPUIPlugin:80 - create IPUIPlugin
2026-05-17 01:04:20,323 [INFO] PluginManager:220 - loadIPPluginJar : add tracer_emb
2026-05-17 01:04:20,329 [INFO] IPUIPlugin:80 - create IPUIPlugin
2026-05-17 01:04:20,329 [INFO] PluginManager:220 - loadIPPluginJar : add ts
2026-05-17 01:04:20,334 [INFO] IPUIPlugin:80 - create IPUIPlugin
2026-05-17 01:04:20,334 [INFO] PluginManager:220 - loadIPPluginJar : add tsc
2026-05-17 01:04:20,340 [INFO] IPUIPlugin:80 - create IPUIPlugin
2026-05-17 01:04:20,341 [INFO] PluginManager:220 - loadIPPluginJar : add ucpd
2026-05-17 01:04:20,347 [INFO] IPUIPlugin:80 - create IPUIPlugin
2026-05-17 01:04:20,347 [INFO] PluginManager:220 - loadIPPluginJar : add usart
2026-05-17 01:04:20,361 [INFO] IPUIPlugin:80 - create IPUIPlugin
2026-05-17 01:04:20,361 [INFO] PluginManager:220 - loadIPPluginJar : add usbx
2026-05-17 01:04:20,593 [FATAL] Updater:351 - Updater called before beeing initialized
2026-05-17 01:04:20,656 [INFO] RulesReader:64 - Compatibility file has been processed (302 Rules)
2026-05-17 01:04:20,682 [INFO] RulesReader:64 - Compatibility file has been processed (302 Rules)
2026-05-17 01:04:20,697 [INFO] CADModel:165 - CPN selected for project level
2026-05-17 01:04:20,697 [INFO] CADModel:114 - Register for checkConnection events
2026-05-17 01:04:20,698 [FATAL] Updater:351 - Updater called before beeing initialized
2026-05-17 01:04:20,698 [ERROR] CADModel:125 - Updater not yet initialized, retry later 
2026-05-17 01:04:21,108 [FATAL] Updater:351 - Updater called before beeing initialized
2026-05-17 01:04:21,113 [INFO] CADModel:165 - CPN selected for project level
2026-05-17 01:04:21,113 [INFO] CADModel:114 - Register for checkConnection events
2026-05-17 01:04:21,113 [FATAL] Updater:351 - Updater called before beeing initialized
2026-05-17 01:04:21,114 [ERROR] CADModel:125 - Updater not yet initialized, retry later 
2026-05-17 01:04:21,122 [FATAL] Updater:351 - Updater called before beeing initialized
2026-05-17 01:04:21,402 [FATAL] Updater:351 - Updater called before beeing initialized
2026-05-17 01:04:21,409 [INFO] DbMcusAds:53 - JSON generation date=Thu Mar 05 20:02:52 IST 2026 (1772721172890)
2026-05-17 01:04:21,410 [FATAL] Updater:351 - Updater called before beeing initialized
2026-05-17 01:04:21,493 [WARN] DetailPanel:346 - Failed to get advertising image, set to default
2026-05-17 01:04:21,639 [INFO] ThirdPartyUpdaterWithRetryManager:70 - Updater plugin not ready yet. [2/15]
2026-05-17 01:04:22,120 [FATAL] Updater:351 - Updater called before beeing initialized
2026-05-17 01:04:22,124 [FATAL] Updater:351 - Updater called before beeing initialized
2026-05-17 01:04:22,125 [FATAL] Updater:351 - Updater called before beeing initialized
2026-05-17 01:04:22,126 [WARN] DetailPanel:346 - Failed to get advertising image, set to default
2026-05-17 01:04:22,127 [FATAL] Updater:351 - Updater called before beeing initialized
2026-05-17 01:04:22,270 [ERROR] Updater:1198 - MainUpdater not yet initialized. External WinMGr cannot be set.
2026-05-17 01:04:22,278 [INFO] Updater:1134 - Updater Version found : 6.14.1
2026-05-17 01:04:22,320 [INFO] ApplicationProperties:184 - Using Application install path: C:\ST\STM32CubeIDE_1.18.1\STM32CubeIDE\plugins\com.st.stm32cube.common.mx_6.14.1.202504091515
2026-05-17 01:04:23,917 [ERROR] LogOutputStream:75 - [STDERR_REDIRECT] May 17, 2026 1:04:23 AM java.util.prefs.WindowsPreferences <init>
2026-05-17 01:04:23,921 [ERROR] LogOutputStream:75 - [STDERR_REDIRECT] WARNING: Could not open/create prefs root node Software\JavaSoft\Prefs at root 0xffffffff80000002. Windows RegCreateKeyEx(...) returned error code 5.
2026-05-17 01:04:23,921 [ERROR] LogOutputStream:75 - [STDERR_REDIRECT] 
2026-05-17 01:04:24,497 [INFO] MainUpdater:2872 - connection check result : 10
2026-05-17 01:04:24,499 [INFO] MainUpdater:289 - Updater Check For Update Now.
2026-05-17 01:04:24,499 [INFO] MicroXplorer:498 - Change Database Version : DB.6.0.141
2026-05-17 01:04:24,514 [INFO] McuFinderGlobals:63 - Set McuFinder mode to 2 (CubeIDE integrated)
2026-05-17 01:04:24,517 [INFO] UserAuth:484 - Internet connection configuration mode: 1
2026-05-17 01:04:24,560 [INFO] JxBrowserEngine:152 - Initiate JxBrowser Engine with user profile folder
2026-05-17 01:04:24,640 [WARN] MainUpdater:1193 - Updater busy. Cannot search thirdparties
2026-05-17 01:04:24,640 [INFO] ThirdPartyUpdaterWithRetryManager:96 - Updater plugin is busy. [1/15]
2026-05-17 01:04:24,801 [INFO] CheckServerUpdateThread:120 - End of CheckServer Thread
2026-05-17 01:04:28,625 [WARN] PackLoader:240 - Cannot read IP mode file for STMicroelectronics.X-CUBE-AZRTOS-H7.3.5.0
2026-05-17 01:04:28,651 [WARN] PackLoader:240 - Cannot read IP mode file for STMicroelectronics.FP-SNS-MOTENVWB1.1.4.0
2026-05-17 01:04:28,665 [WARN] PackLoader:240 - Cannot read IP mode file for STMicroelectronics.FP-ATR-ASTRA1.2.0.2
2026-05-17 01:04:28,683 [WARN] PackLoader:240 - Cannot read IP mode file for STMicroelectronics.X-CUBE-SMBUS.2.1.0
2026-05-17 01:04:28,696 [WARN] PackLoader:240 - Cannot read IP mode file for STMicroelectronics.X-CUBE-ST60.1.0.0
2026-05-17 01:04:28,749 [WARN] PackLoader:240 - Cannot read IP mode file for STMicroelectronics.X-CUBE-AZRTOS-F7.1.1.0
2026-05-17 01:04:28,765 [ERROR] Engine:466 - C:\Users\HP\.stm32cubemx\thirdparties\pdsc\STMicroelectronics.FP-SNS-MOTENV1.5.1.0.pdsc: PDSC version is not supported
2026-05-17 01:04:28,821 [WARN] PackLoader:240 - Cannot read IP mode file for Infineon.AIROC-Wi-Fi-Bluetooth-STM32.1.7.0
2026-05-17 01:04:28,904 [WARN] PackLoader:240 - Cannot read IP mode file for STMicroelectronics.X-CUBE-AZRTOS-H7.3.4.0
2026-05-17 01:04:28,947 [WARN] PackLoader:240 - Cannot read IP mode file for STMicroelectronics.X-CUBE-DISPLAY.3.0.0
2026-05-17 01:04:29,105 [WARN] PackLoader:240 - Cannot read IP mode file for STMicroelectronics.X-CUBE-GNSS1.7.1.1
2026-05-17 01:04:29,149 [ERROR] Engine:466 - C:\Users\HP\.stm32cubemx\thirdparties\pdsc\STMicroelectronics.FP-SNS-MOTENVWB1.1.5.0.pdsc: PDSC version is not supported
2026-05-17 01:04:29,214 [WARN] PackLoader:240 - Cannot read IP mode file for STMicroelectronics.X-CUBE-NFC10.1.0.0
2026-05-17 01:04:29,298 [WARN] PackLoader:240 - Cannot read IP mode file for STMicroelectronics.X-CUBE-BLEMGR.4.0.0
2026-05-17 01:04:29,326 [WARN] PackLoader:240 - Cannot read IP mode file for STMicroelectronics.X-CUBE-ST60.1.1.0
2026-05-17 01:04:29,362 [WARN] PackLoader:240 - Cannot read IP mode file for emotas.I-CUBE-CANOPEN.1.3.0
2026-05-17 01:04:29,373 [WARN] PackLoader:240 - Cannot read IP mode file for STMicroelectronics.X-CUBE-GNSS1.7.1.0
2026-05-17 01:04:29,390 [WARN] ConditionMgr:438 - getConditionDescription Invalid condition id : Cortex-A Device cause : null
2026-05-17 01:04:29,429 [WARN] ConditionMgr:1044 - genDependencies : Invalid condition id : Cortex-A Device cause : null
2026-05-17 01:04:29,430 [WARN] ConditionMgr:1044 - genDependencies : Invalid condition id : Cortex-A Device cause : null
2026-05-17 01:04:29,430 [WARN] ConditionMgr:1044 - genDependencies : Invalid condition id : Cortex-A Device cause : null
2026-05-17 01:04:29,441 [ERROR] Engine:466 - C:\Users\HP\.stm32cubemx\thirdparties\pdsc\STMicroelectronics.FP-SNS-STBOX1.2.1.0.pdsc: PDSC version is not supported
2026-05-17 01:04:29,453 [WARN] PackLoader:240 - Cannot read IP mode file for STMicroelectronics.FP-SNS-SMARTAG2.1.2.0
2026-05-17 01:04:29,473 [WARN] PackLoader:240 - Cannot read IP mode file for STMicroelectronics.FP-SNS-FLIGHT1.5.1.0
2026-05-17 01:04:29,503 [INFO] LogOutputStream:77 - [STDOUT_REDIRECT] 1 : Invalid condition id : UX_CORESTACK_Condition cause : null
2026-05-17 01:04:29,506 [INFO] LogOutputStream:77 - [STDOUT_REDIRECT] 1 : Invalid condition id : UX_CORESTACK_Condition cause : null
2026-05-17 01:04:29,509 [INFO] LogOutputStream:77 - [STDOUT_REDIRECT] 1 : Invalid condition id : UX_CORESTACK_Condition cause : null
2026-05-17 01:04:29,511 [INFO] LogOutputStream:77 - [STDOUT_REDIRECT] 1 : Invalid condition id : UX_CORESTACK_Condition cause : null
2026-05-17 01:04:29,514 [INFO] LogOutputStream:77 - [STDOUT_REDIRECT] 1 : Invalid condition id : UX_CORESTACK_Condition cause : null
2026-05-17 01:04:29,520 [WARN] PackLoader:240 - Cannot read IP mode file for STMicroelectronics.X-CUBE-AZRTOS-WL.2.0.0
2026-05-17 01:04:29,535 [WARN] PackLoader:240 - Cannot read IP mode file for STMicroelectronics.FP-SNS-MOTENV1.5.0.0
2026-05-17 01:04:29,586 [WARN] PackLoader:240 - Cannot read IP mode file for STMicroelectronics.X-CUBE-AZRTOS-H7RS.1.2.0
2026-05-17 01:04:29,612 [WARN] PackLoader:240 - Cannot read IP mode file for WES.I-CUBE-Cesium.1.3.0
2026-05-17 01:04:29,627 [WARN] PackLoader:240 - Cannot read IP mode file for STMicroelectronics.X-CUBE-BLE2.3.3.0
2026-05-17 01:04:29,673 [WARN] PackLoader:240 - Cannot read IP mode file for STMicroelectronics.X-CUBE-NFC9.1.0.0
2026-05-17 01:04:29,690 [WARN] PackLoader:240 - Cannot read IP mode file for wolfSSL.I-CUBE-wolfSSL.5.8.0
2026-05-17 01:04:29,702 [WARN] PackLoader:240 - Cannot read IP mode file for STMicroelectronics.X-CUBE-BLE1.7.1.0
2026-05-17 01:04:29,725 [WARN] PackLoader:240 - Cannot read IP mode file for wolfSSL.I-CUBE-wolfMQTT.1.19.2
2026-05-17 01:04:29,734 [ERROR] Engine:466 - C:\Users\HP\.stm32cubemx\thirdparties\pdsc\STMicroelectronics.X-CUBE-FREERTOS.1.4.0.pdsc: PDSC version is not supported
2026-05-17 01:04:29,747 [WARN] PackLoader:240 - Cannot read IP mode file for STMicroelectronics.X-CUBE-EEPRMA1.5.2.0
2026-05-17 01:04:29,757 [ERROR] Engine:466 - C:\Users\HP\.stm32cubemx\thirdparties\pdsc\STMicroelectronics.X-CUBE-ST67W61.1.1.0.pdsc: PDSC version is not supported
2026-05-17 01:04:29,767 [WARN] PackLoader:240 - Cannot read IP mode file for STMicroelectronics.X-CUBE-AI.10.1.0
2026-05-17 01:04:29,773 [ERROR] Engine:466 - C:\Users\HP\.stm32cubemx\thirdparties\pdsc\STMicroelectronics.FP-SNS-STAIOTCFT.1.1.0.pdsc: PDSC version is not supported
2026-05-17 01:04:29,853 [INFO] WebApp:169 - Instantiating new browser for Auth
2026-05-17 01:04:29,862 [WARN] PackLoader:240 - Cannot read IP mode file for STMicroelectronics.X-CUBE-MEMS1.12.0.0
2026-05-17 01:04:30,182 [WARN] PackLoader:240 - Cannot read IP mode file for STMicroelectronics.X-CUBE-AZRTOS-G0.1.1.0
2026-05-17 01:04:30,199 [WARN] PackLoader:240 - Cannot read IP mode file for STMicroelectronics.X-CUBE-SAFEA1.1.2.2
2026-05-17 01:04:30,213 [WARN] PackLoader:240 - Cannot read IP mode file for STMicroelectronics.X-CUBE-NFC4.3.0.0
2026-05-17 01:04:30,237 [WARN] PackLoader:240 - Cannot read IP mode file for EmbeddedOffice.I-CUBE-FS-RTOS.1.0.1
2026-05-17 01:04:30,251 [WARN] PackLoader:240 - Cannot read IP mode file for STMicroelectronics.X-CUBE-WB05N.2.0.0
2026-05-17 01:04:30,260 [WARN] PackLoader:240 - Cannot read IP mode file for wolfSSL.I-CUBE-wolfTPM.3.8.0
2026-05-17 01:04:30,272 [WARN] PackLoader:240 - Cannot read IP mode file for STMicroelectronics.X-CUBE-TCPP.4.2.0
2026-05-17 01:04:30,288 [WARN] PackLoader:240 - Cannot read IP mode file for RealThread.X-CUBE-RT-Thread_Nano.4.1.1
2026-05-17 01:04:30,299 [WARN] PackLoader:240 - Cannot read IP mode file for STMicroelectronics.FP-ATR-SIGFOX1.3.2.0
2026-05-17 01:04:30,309 [WARN] PackLoader:240 - Cannot read IP mode file for STMicroelectronics.X-CUBE-EEPRMA1.5.1.0
2026-05-17 01:04:30,318 [ERROR] Engine:466 - C:\Users\HP\.stm32cubemx\thirdparties\pdsc\STMicroelectronics.X-CUBE-FREERTOS.1.5.0.pdsc: PDSC version is not supported
2026-05-17 01:04:30,332 [WARN] PackLoader:240 - Cannot read IP mode file for ITTIA_DB.I-CUBE-ITTIADB.8.9.0
2026-05-17 01:04:30,347 [WARN] PackLoader:240 - Cannot read IP mode file for STMicroelectronics.X-CUBE-NFC6.3.2.0
2026-05-17 01:04:30,366 [WARN] PackLoader:240 - Cannot read IP mode file for STMicroelectronics.X-CUBE-ST67W61.1.0.0
2026-05-17 01:04:30,372 [WARN] PackLoader:240 - Cannot read IP mode file for STMicroelectronics.X-CUBE-AI.10.2.0
2026-05-17 01:04:30,477 [WARN] PackLoader:240 - Cannot read IP mode file for STMicroelectronics.X-CUBE-MEMS1.12.1.0
2026-05-17 01:04:30,673 [WARN] PackLoader:240 - Cannot read IP mode file for SEGGER.I-CUBE-embOS.1.3.1
2026-05-17 01:04:30,758 [WARN] PackLoader:240 - Cannot read IP mode file for STMicroelectronics.X-CUBE-ALGOBUILD.1.4.0
2026-05-17 01:04:30,862 [WARN] PackLoader:240 - Cannot read IP mode file for STMicroelectronics.X-CUBE-MEMS1.11.3.0
2026-05-17 01:04:31,270 [WARN] PackLoader:240 - Cannot read IP mode file for STMicroelectronics.X-CUBE-PM33A1.1.0.0
2026-05-17 01:04:31,312 [WARN] PackLoader:240 - Cannot read IP mode file for STMicroelectronics.X-CUBE-AZRTOS-F4.1.1.0
2026-05-17 01:04:31,328 [WARN] PackLoader:240 - Cannot read IP mode file for Avnet-IotConnect.X-CUBE-IoTC-DA16k-PMOD.1.0.0
2026-05-17 01:04:31,342 [WARN] PackLoader:240 - Cannot read IP mode file for STMicroelectronics.X-CUBE-ISPU.2.1.0
2026-05-17 01:04:31,361 [ERROR] Engine:466 - C:\Users\HP\.stm32cubemx\thirdparties\pdsc\STMicroelectronics.X-CUBE-IPS.3.2.0.pdsc: PDSC version is not supported
2026-05-17 01:04:31,372 [WARN] PackLoader:240 - Cannot read IP mode file for STMicroelectronics.eDS-WB_DPC_TT-BIDIR.2.1.1
2026-05-17 01:04:31,387 [WARN] PackLoader:240 - Cannot read IP mode file for STMicroelectronics.X-CUBE-NFC12.1.0.0
2026-05-17 01:04:31,433 [WARN] PackLoader:240 - Cannot read IP mode file for STMicroelectronics.X-CUBE-AZRTOS-L5.2.0.0
2026-05-17 01:04:31,457 [WARN] PackLoader:240 - Cannot read IP mode file for STMicroelectronics.X-CUBE-NFC6.3.1.0
2026-05-17 01:04:31,470 [WARN] PackLoader:240 - Cannot read IP mode file for STMicroelectronics.eDS-WB_DPC_VIENNA.1.2.0
2026-05-17 01:04:31,478 [WARN] PackLoader:240 - Cannot read IP mode file for STMicroelectronics.eDS-WB_DPC_3PH2L-BIDIR.1.1.1
2026-05-17 01:04:31,483 [ERROR] Engine:466 - C:\Users\HP\.stm32cubemx\thirdparties\pdsc\STMicroelectronics.X-CUBE-ST67W61.1.3.0.pdsc: PDSC version is not supported
2026-05-17 01:04:31,495 [WARN] PackLoader:240 - Cannot read IP mode file for STMicroelectronics.X-CUBE-FREERTOS.1.3.1
2026-05-17 01:04:31,509 [WARN] PackLoader:240 - Cannot read IP mode file for STMicroelectronics.X-CUBE-TOUCHGFX.4.26.0
2026-05-17 01:04:31,515 [WARN] PackLoader:240 - Cannot read IP mode file for STMicroelectronics.X-CUBE-TOUCHGFX.4.26.1
2026-05-17 01:04:31,526 [WARN] PackLoader:240 - Cannot read IP mode file for STMicroelectronics.FP-SNS-STAIOTCFT.1.0.0
2026-05-17 01:04:31,540 [WARN] PackLoader:240 - Cannot read IP mode file for STMicroelectronics.X-CUBE-DPower.1.3.0
2026-05-17 01:04:31,586 [WARN] ConditionMgr:438 - getConditionDescription Invalid condition id : LAN8742 Phy interface Condition cause : null
2026-05-17 01:04:31,589 [WARN] PackLoader:240 - Cannot read IP mode file for STMicroelectronics.X-CUBE-AZRTOS-L4.2.0.0
2026-05-17 01:04:31,594 [WARN] ConditionMgr:1044 - genDependencies : Invalid condition id : LAN8742 Phy interface Condition cause : null
2026-05-17 01:04:31,594 [WARN] ConditionMgr:1044 - genDependencies : Invalid condition id : LAN8742 Phy interface Condition cause : null
2026-05-17 01:04:31,595 [WARN] ConditionMgr:1044 - genDependencies : Invalid condition id : LAN8742 Phy interface Condition cause : null
2026-05-17 01:04:31,616 [WARN] PackLoader:240 - Cannot read IP mode file for STMicroelectronics.X-CUBE-SFXS2LP1.4.0.0
2026-05-17 01:04:31,632 [WARN] PackLoader:240 - Cannot read IP mode file for STMicroelectronics.X-CUBE-WB05N.2.1.0
2026-05-17 01:04:31,640 [ERROR] Engine:466 - C:\Users\HP\.stm32cubemx\thirdparties\pdsc\STMicroelectronics.X-CUBE-ST67W61.1.2.0.pdsc: PDSC version is not supported
2026-05-17 01:04:31,695 [WARN] PackLoader:240 - Cannot read IP mode file for STMicroelectronics.X-CUBE-AZRTOS-H7.3.3.0
2026-05-17 01:04:31,723 [WARN] PackLoader:240 - Cannot read IP mode file for STMicroelectronics.X-CUBE-BLEMGR.4.1.0
2026-05-17 01:04:31,754 [WARN] ConditionMgr:438 - getConditionDescription Invalid condition id : UX DEVICE CLASS RTOS Condition cause : null
2026-05-17 01:04:31,754 [WARN] ConditionMgr:438 - getConditionDescription Invalid condition id : UX DEVICE CLASS RTOS Condition cause : null
2026-05-17 01:04:31,759 [WARN] PackLoader:240 - Cannot read IP mode file for STMicroelectronics.X-CUBE-AZRTOS-WB.2.0.0
2026-05-17 01:04:31,759 [WARN] ConditionMgr:1044 - genDependencies : Invalid condition id : UX DEVICE CLASS RTOS Condition cause : null
2026-05-17 01:04:31,761 [WARN] ConditionMgr:1044 - genDependencies : Invalid condition id : UX DEVICE CLASS RTOS Condition cause : null
2026-05-17 01:04:31,762 [WARN] ConditionMgr:1044 - genDependencies : Invalid condition id : UX DEVICE CLASS RTOS Condition cause : null
2026-05-17 01:04:31,763 [WARN] ConditionMgr:1044 - genDependencies : Invalid condition id : UX DEVICE CLASS RTOS Condition cause : null
2026-05-17 01:04:31,763 [WARN] ConditionMgr:1044 - genDependencies : Invalid condition id : UX DEVICE CLASS RTOS Condition cause : null
2026-05-17 01:04:31,774 [WARN] PackLoader:240 - Cannot read IP mode file for STMicroelectronics.X-CUBE-GNSS1.7.0.1
2026-05-17 01:04:31,781 [WARN] PackLoader:240 - Cannot read IP mode file for STMicroelectronics.X-CUBE-TOUCHGFX.4.25.0
2026-05-17 01:04:31,795 [WARN] PackLoader:240 - Cannot read IP mode file for STMicroelectronics.FP-SNS-STBOX1.2.0.0
2026-05-17 01:04:31,813 [WARN] PackLoader:240 - Cannot read IP mode file for STMicroelectronics.X-CUBE-STSE01.2.0.0
2026-05-17 01:04:31,836 [WARN] PackLoader:240 - Cannot read IP mode file for STMicroelectronics.X-CUBE-SUBG2.5.0.0
2026-05-17 01:04:31,876 [WARN] PackLoader:240 - Cannot read IP mode file for STMicroelectronics.X-CUBE-AZRTOS-H7RS.1.1.0
2026-05-17 01:04:31,892 [WARN] PackLoader:240 - Cannot read IP mode file for Cesanta.I-CUBE-Mongoose.7.13.0
2026-05-17 01:04:31,920 [WARN] PackLoader:240 - Cannot read IP mode file for STMicroelectronics.X-CUBE-AZRTOS-G4.2.0.0
2026-05-17 01:04:31,935 [WARN] PackLoader:240 - Cannot read IP mode file for wolfSSL.I-CUBE-wolfSSH.1.4.20
2026-05-17 01:04:31,960 [WARN] PackLoader:240 - Cannot read IP mode file for STMicroelectronics.X-CUBE-NFC7.2.0.0
2026-05-17 01:04:32,037 [WARN] PackLoader:240 - Cannot read IP mode file for STMicroelectronics.X-CUBE-IPS.3.1.0
2026-05-17 01:04:32,057 [WARN] PackLoader:240 - Cannot read IP mode file for STMicroelectronics.X-CUBE-ALS.1.0.2
2026-05-17 01:04:32,069 [WARN] PackLoader:240 - Cannot read IP mode file for STMicroelectronics.X-CUBE-STSE01.1.0.0
2026-05-17 01:04:32,091 [WARN] PackLoader:240 - Cannot read IP mode file for portGmbH.I-Cube-SoM-uGOAL.1.1.0
2026-05-17 01:04:32,121 [WARN] PackLoader:240 - Cannot read IP mode file for STMicroelectronics.X-CUBE-TOF1.3.4.3
2026-05-17 01:04:32,156 [INFO] ThirdParty:978 - Integrity check success = true
2026-05-17 01:04:32,156 [INFO] IntegrityCheckThread:100 - exiting critical section [integrity check]
2026-05-17 01:04:32,157 [INFO] IntegrityCheckThread:103 - End integrity checks thread
2026-05-17 01:04:32,399 [INFO] WebApp:463 - Apply proxy settings
2026-05-17 01:04:32,400 [INFO] WebApp:548 - Chromium requires no authentication
2026-05-17 01:04:32,423 [INFO] WebApp:491 - Direct internet connection detected
2026-05-17 01:04:32,501 [INFO] WebApp:894 - Register for checkConnection events
2026-05-17 01:04:32,501 [INFO] WebApp:463 - Apply proxy settings
2026-05-17 01:04:32,501 [INFO] WebApp:548 - Chromium requires no authentication
2026-05-17 01:04:32,503 [INFO] WebApp:491 - Direct internet connection detected
2026-05-17 01:04:32,911 [INFO] WebApp:191 - Connection restablished
2026-05-17 01:04:32,977 [INFO] WebApp:225 - Starting web application
2026-05-17 01:04:32,977 [INFO] WebApp:593 - Web application path used C:\ST\STM32CubeIDE_1.18.1\STM32CubeIDE\plugins\com.st.stm32cube.common.mx_6.14.1.202504091515\db\plugins\mcufinder\reactClient1\index.html
2026-05-17 01:04:33,885 [INFO] UserAuth:484 - Internet connection configuration mode: 1
2026-05-17 01:58:25,588 [INFO] WebApp:194 - Connection lost
2026-05-17 18:31:21,557 [INFO] WebApp:191 - Connection restablished
2026-05-17 18:31:30,418 [INFO] WebApp:194 - Connection lost
2026-05-17 18:31:30,446 [INFO] WebApp:191 - Connection restablished
2026-05-17 20:05:58,068 [INFO] WebApp:194 - Connection lost
2026-05-17 20:05:59,520 [INFO] WebApp:191 - Connection restablished
2026-05-17 20:15:06,597 [INFO] WebApp:194 - Connection lost
2026-05-17 20:21:35,822 [INFO] WebApp:191 - Connection restablished
2026-05-17 20:21:36,689 [INFO] WebApp:194 - Connection lost
2026-05-17 20:21:37,036 [INFO] WebApp:191 - Connection restablished
2026-05-17 20:47:12,243 [INFO] WebApp:194 - Connection lost
