2026-03-25 17:15:12,369 [INFO] Activator:176 - 


2026-03-25 17:15:12,390 [INFO] Activator:177 - !SESSION log4j initialized
2026-03-25 17:15:28,573 [INFO] LogOutputStream:77 - [STDOUT_REDIRECT] 
2026-03-25 17:15:31,997 [INFO] ApplicationProperties:184 - Using Application install path: C:\ST\STM32CubeIDE_1.18.1\STM32CubeIDE\plugins\com.st.stm32cube.common.mx_6.14.1.202504091515
2026-03-25 17:15:32,050 [INFO] DbMcusXml:78 - Set database path to: C:\ST\STM32CubeIDE_1.18.1\STM32CubeIDE\plugins\com.st.stm32cube.common.mx_6.14.1.202504091515\\db\/mcu/
2026-03-25 17:15:32,051 [INFO] ApiDb:274 - Set plugin database path to: C:\ST\STM32CubeIDE_1.18.1\STM32CubeIDE\plugins\com.st.stm32cube.common.mx_6.14.1.202504091515\\db\/plugins/boardmanager/
2026-03-25 17:15:32,053 [WARN] ApiDb:259 - Overriding images path with different value:  => C:\ST\STM32CubeIDE_1.18.1\STM32CubeIDE\plugins\com.st.stm32cube.common.mx_6.14.1.202504091515\\db\/plugins/mcufinder/images/
2026-03-25 17:15:32,087 [INFO] ApiDb:250 - Set database path to: C:\Users\HP\.stmcufinder\plugins\mcufinder//mcu/
2026-03-25 17:15:32,091 [INFO] DbMcusAds:125 - Set database path to: C:\Users\HP\.stmcufinder\plugins\mcufinder//mcu/
2026-03-25 17:15:32,099 [INFO] CrossReferenceDbSqlite:203 - Set database path to: C:\Users\HP\.stmcufinder\plugins\mcufinder//mcu/cs/
2026-03-25 17:15:32,463 [INFO] RulesReader:64 - Compatibility file has been processed (302 Rules)
2026-03-25 17:15:32,748 [INFO] DbMcusXml:78 - Set database path to: C:\ST\STM32CubeIDE_1.18.1\STM32CubeIDE\plugins\com.st.stm32cube.common.mx_6.14.1.202504091515\\db\/mcu/
2026-03-25 17:15:32,749 [INFO] ApiDb:274 - Set plugin database path to: C:\ST\STM32CubeIDE_1.18.1\STM32CubeIDE\plugins\com.st.stm32cube.common.mx_6.14.1.202504091515\\db\/plugins/boardmanager/
2026-03-25 17:15:32,749 [INFO] ApiDb:261 - Set plugin images path to: C:\ST\STM32CubeIDE_1.18.1\STM32CubeIDE\plugins\com.st.stm32cube.common.mx_6.14.1.202504091515\\db\/plugins/mcufinder/images/
2026-03-25 17:15:32,750 [WARN] DbFile:41 - Overriding database path with different value: C:\Users\HP\.stmcufinder\plugins\mcufinder/ => C:\Users\HP\.stmcufinder\plugins\mcufinder
2026-03-25 17:15:32,750 [INFO] ApiDb:250 - Set database path to: C:\Users\HP\.stmcufinder\plugins\mcufinder//mcu/
2026-03-25 17:15:32,750 [WARN] DbFile:41 - Overriding database path with different value: C:\Users\HP\.stmcufinder\plugins\mcufinder/ => C:\Users\HP\.stmcufinder\plugins\mcufinder
2026-03-25 17:15:32,750 [INFO] DbMcusAds:125 - Set database path to: C:\Users\HP\.stmcufinder\plugins\mcufinder//mcu/
2026-03-25 17:15:32,751 [WARN] DbFile:41 - Overriding database path with different value: C:\Users\HP\.stmcufinder\plugins\mcufinder/ => C:\Users\HP\.stmcufinder\plugins\mcufinder
2026-03-25 17:15:32,751 [WARN] DbFile:41 - Overriding database path with different value: C:\Users\HP\.stmcufinder\plugins\mcufinder/ => C:\Users\HP\.stmcufinder\plugins\mcufinder
2026-03-25 17:15:32,751 [INFO] CrossReferenceDbSqlite:203 - Set database path to: C:\Users\HP\.stmcufinder\plugins\mcufinder//mcu/cs/
2026-03-25 17:15:33,030 [INFO] MainPanel:272 - HeapMemory: 268435456
2026-03-25 17:15:33,365 [INFO] DbMcusXml:78 - Set database path to: C:\ST\STM32CubeIDE_1.18.1\STM32CubeIDE\plugins\com.st.stm32cube.common.mx_6.14.1.202504091515\\db\/mcu/
2026-03-25 17:15:33,366 [INFO] ApiDb:274 - Set plugin database path to: C:\ST\STM32CubeIDE_1.18.1\STM32CubeIDE\plugins\com.st.stm32cube.common.mx_6.14.1.202504091515\\db\/plugins/boardmanager/
2026-03-25 17:15:33,366 [INFO] ApiDb:261 - Set plugin images path to: C:\ST\STM32CubeIDE_1.18.1\STM32CubeIDE\plugins\com.st.stm32cube.common.mx_6.14.1.202504091515\\db\/plugins/mcufinder/images/
2026-03-25 17:15:33,367 [WARN] DbFile:41 - Overriding database path with different value: C:\Users\HP\.stmcufinder\plugins\mcufinder/ => C:\Users\HP\.stmcufinder\plugins\mcufinder
2026-03-25 17:15:33,367 [INFO] ApiDb:250 - Set database path to: C:\Users\HP\.stmcufinder\plugins\mcufinder//mcu/
2026-03-25 17:15:33,367 [WARN] DbFile:41 - Overriding database path with different value: C:\Users\HP\.stmcufinder\plugins\mcufinder/ => C:\Users\HP\.stmcufinder\plugins\mcufinder
2026-03-25 17:15:33,368 [INFO] DbMcusAds:125 - Set database path to: C:\Users\HP\.stmcufinder\plugins\mcufinder//mcu/
2026-03-25 17:15:33,368 [WARN] DbFile:41 - Overriding database path with different value: C:\Users\HP\.stmcufinder\plugins\mcufinder/ => C:\Users\HP\.stmcufinder\plugins\mcufinder
2026-03-25 17:15:33,368 [WARN] DbFile:41 - Overriding database path with different value: C:\Users\HP\.stmcufinder\plugins\mcufinder/ => C:\Users\HP\.stmcufinder\plugins\mcufinder
2026-03-25 17:15:33,369 [INFO] CrossReferenceDbSqlite:203 - Set database path to: C:\Users\HP\.stmcufinder\plugins\mcufinder//mcu/cs/
2026-03-25 17:15:33,425 [INFO] ApplicationProperties:184 - Using Application install path: C:\ST\STM32CubeIDE_1.18.1\STM32CubeIDE\plugins\com.st.stm32cube.common.mx_6.14.1.202504091515
2026-03-25 17:15:33,430 [INFO] PluginManage:196 - Search for loadable plugins [exclusion list=, ]
2026-03-25 17:15:33,438 [INFO] PluginManage:310 - Check plugin analytics
2026-03-25 17:15:33,953 [INFO] AnalyticsPlugin:253 - Accepted Software Licenses: 
2026-03-25 17:15:33,954 [INFO] AnalyticsPlugin:255 - Accepted CMSIS Pack Licenses: 
2026-03-25 17:15:33,954 [INFO] AnalyticsPlugin:257 - Accepted Firmware Licenses: FW.F4.1.28.0
2026-03-25 17:15:33,961 [INFO] PluginManage:359 - Loaded plugin analytics (category:tool,tabindex:-1)
2026-03-25 17:15:33,962 [INFO] PluginManage:310 - Check plugin cadmodel
2026-03-25 17:15:33,979 [INFO] CADModel:105 - Init CAD model plugin
2026-03-25 17:15:33,979 [INFO] PluginManage:359 - Loaded plugin cadmodel (category:power,tabindex:5)
2026-03-25 17:15:33,980 [INFO] PluginManage:310 - Check plugin clock
2026-03-25 17:15:34,006 [INFO] PluginManage:359 - Loaded plugin clock (category:base,tabindex:2)
2026-03-25 17:15:34,007 [INFO] PluginManage:310 - Check plugin ddr
2026-03-25 17:15:34,014 [INFO] PluginManage:359 - Loaded plugin ddr (category:tool,tabindex:6)
2026-03-25 17:15:34,014 [INFO] PluginManage:310 - Check plugin filemanager
2026-03-25 17:15:34,465 [INFO] PluginManage:359 - Loaded plugin filemanager (category:base,tabindex:10)
2026-03-25 17:15:34,465 [INFO] PluginManage:310 - Check plugin ipmanager
2026-03-25 17:15:34,488 [INFO] PluginManage:359 - Loaded plugin ipmanager (category:base,tabindex:5)
2026-03-25 17:15:34,488 [INFO] PluginManage:310 - Check plugin lpbam
2026-03-25 17:15:34,513 [INFO] PluginManage:359 - Loaded plugin lpbam (category:base,tabindex:0)
2026-03-25 17:15:34,513 [INFO] PluginManage:310 - Check plugin memorymap
2026-03-25 17:15:34,551 [INFO] PluginManage:359 - Loaded plugin memorymap (category:base,tabindex:4)
2026-03-25 17:15:34,551 [INFO] PluginManage:310 - Check plugin pinoutandconfiguration
2026-03-25 17:15:34,577 [INFO] PluginManage:359 - Loaded plugin pinoutandconfiguration (category:base,tabindex:1)
2026-03-25 17:15:34,577 [INFO] PluginManage:310 - Check plugin pinoutconfig
2026-03-25 17:15:34,898 [WARN] SupportedApi:132 - Cannot load RTOS API schema: s4s-elt-must-match.1: The content of 'definitions' must match (annotation?, (simpleType | complexType)?, (unique | key | keyref)*)). A problem was found starting at: attribute.
2026-03-25 17:15:35,322 [INFO] PluginManage:359 - Loaded plugin pinoutconfig (category:base,tabindex:0)
2026-03-25 17:15:35,323 [INFO] PluginManage:310 - Check plugin power
2026-03-25 17:15:35,354 [INFO] PluginManage:359 - Loaded plugin power (category:power,tabindex:4)
2026-03-25 17:15:35,354 [INFO] PluginManage:310 - Check plugin projectmanager
2026-03-25 17:15:35,394 [INFO] PluginManage:359 - Loaded plugin projectmanager (category:projectmanager,tabindex:4)
2026-03-25 17:15:35,395 [INFO] PluginManage:310 - Check plugin rif
2026-03-25 17:15:35,412 [INFO] PluginManage:359 - Loaded plugin rif (category:base,tabindex:3)
2026-03-25 17:15:35,413 [INFO] PluginManage:310 - Check plugin thirdparty
2026-03-25 17:15:35,773 [INFO] PluginManage:359 - Loaded plugin thirdparty (category:base,tabindex:-1)
2026-03-25 17:15:35,773 [INFO] PluginManage:310 - Check plugin tools
2026-03-25 17:15:35,773 [WARN] IntegrityCheckThread:84 - waiting for thirdparty lock release [integrity check]
2026-03-25 17:15:35,774 [INFO] IntegrityCheckThread:86 - entering critical section [integrity check]
2026-03-25 17:15:35,774 [INFO] ThirdPartyUpdaterWithRetryManager:70 - Updater plugin not ready yet. [1/15]
2026-03-25 17:15:35,781 [INFO] PluginManage:359 - Loaded plugin tools (category:base,tabindex:7)
2026-03-25 17:15:35,781 [INFO] PluginManage:310 - Check plugin tutovideos
2026-03-25 17:15:36,333 [INFO] PluginManage:359 - Loaded plugin tutovideos (category:base,tabindex:-1)
2026-03-25 17:15:36,334 [INFO] PluginManage:310 - Check plugin updater
2026-03-25 17:15:36,393 [INFO] PluginManage:359 - Loaded plugin updater (category:base,tabindex:12)
2026-03-25 17:15:36,393 [INFO] PluginManage:310 - Check plugin userauth
2026-03-25 17:15:36,403 [INFO] UserAuth:118 - Init User Auth plugin
2026-03-25 17:15:36,406 [INFO] PluginManage:359 - Loaded plugin userauth (category:base,tabindex:14)
2026-03-25 17:15:36,409 [INFO] PluginManage:283 - PluginManage : Loaded plugins [18]
2026-03-25 17:15:37,021 [INFO] PinOutPanel:1589 - setPackage(No Configuration,No Configuration)
2026-03-25 17:15:37,268 [INFO] CADModel:165 - CPN selected for project level
2026-03-25 17:15:37,269 [INFO] CADModel:114 - Register for checkConnection events
2026-03-25 17:15:37,312 [INFO] IPUIPlugin:80 - create IPUIPlugin
2026-03-25 17:15:37,312 [INFO] PluginManager:220 - loadIPPluginJar : add adc
2026-03-25 17:15:37,320 [INFO] IPUIPlugin:80 - create IPUIPlugin
2026-03-25 17:15:37,320 [INFO] PluginManager:220 - loadIPPluginJar : add aes
2026-03-25 17:15:37,331 [INFO] IPUIPlugin:80 - create IPUIPlugin
2026-03-25 17:15:37,332 [INFO] PluginManager:220 - loadIPPluginJar : add can
2026-03-25 17:15:37,338 [INFO] IPUIPlugin:80 - create IPUIPlugin
2026-03-25 17:15:37,338 [INFO] PluginManager:220 - loadIPPluginJar : add comp
2026-03-25 17:15:37,345 [INFO] IPUIPlugin:80 - create IPUIPlugin
2026-03-25 17:15:37,345 [INFO] PluginManager:220 - loadIPPluginJar : add cryp
2026-03-25 17:15:37,352 [INFO] IPUIPlugin:80 - create IPUIPlugin
2026-03-25 17:15:37,353 [INFO] PluginManager:220 - loadIPPluginJar : add ddr_ctrl_phy
2026-03-25 17:15:37,359 [INFO] IPUIPlugin:80 - create IPUIPlugin
2026-03-25 17:15:37,360 [INFO] PluginManager:220 - loadIPPluginJar : add dfsdm
2026-03-25 17:15:37,377 [INFO] IPUIPlugin:80 - create IPUIPlugin
2026-03-25 17:15:37,379 [INFO] PluginManager:220 - loadIPPluginJar : add dma
2026-03-25 17:15:37,385 [INFO] IPUIPlugin:80 - create IPUIPlugin
2026-03-25 17:15:37,385 [INFO] PluginManager:220 - loadIPPluginJar : add dma3
2026-03-25 17:15:37,393 [INFO] IPUIPlugin:80 - create IPUIPlugin
2026-03-25 17:15:37,393 [INFO] PluginManager:220 - loadIPPluginJar : add extmemmanager
2026-03-25 17:15:37,398 [INFO] IPUIPlugin:80 - create IPUIPlugin
2026-03-25 17:15:37,398 [INFO] PluginManager:220 - loadIPPluginJar : add fatfs
2026-03-25 17:15:37,409 [INFO] IPUIPlugin:80 - create IPUIPlugin
2026-03-25 17:15:37,409 [INFO] PluginManager:220 - loadIPPluginJar : add fmc
2026-03-25 17:15:37,424 [INFO] IPUIPlugin:80 - create IPUIPlugin
2026-03-25 17:15:37,425 [INFO] PluginManager:220 - loadIPPluginJar : add freertos
2026-03-25 17:15:37,428 [INFO] IPUIPlugin:80 - create IPUIPlugin
2026-03-25 17:15:37,428 [INFO] PluginManager:220 - loadIPPluginJar : add genericplugin
2026-03-25 17:15:37,434 [INFO] IPUIPlugin:80 - create IPUIPlugin
2026-03-25 17:15:37,434 [INFO] PluginManager:220 - loadIPPluginJar : add gfxmmu
2026-03-25 17:15:37,446 [INFO] IPUIPlugin:80 - create IPUIPlugin
2026-03-25 17:15:37,447 [INFO] PluginManager:220 - loadIPPluginJar : add gic
2026-03-25 17:15:37,463 [INFO] IPUIPlugin:80 - create IPUIPlugin
2026-03-25 17:15:37,464 [INFO] PluginManager:220 - loadIPPluginJar : add gpio
2026-03-25 17:15:37,474 [INFO] IPUIPlugin:80 - create IPUIPlugin
2026-03-25 17:15:37,474 [INFO] PluginManager:220 - loadIPPluginJar : add gtzc
2026-03-25 17:15:37,482 [INFO] IPUIPlugin:80 - create IPUIPlugin
2026-03-25 17:15:37,483 [INFO] PluginManager:220 - loadIPPluginJar : add hash
2026-03-25 17:15:37,491 [INFO] IPUIPlugin:80 - create IPUIPlugin
2026-03-25 17:15:37,491 [INFO] PluginManager:220 - loadIPPluginJar : add i2c
2026-03-25 17:15:37,499 [INFO] IPUIPlugin:80 - create IPUIPlugin
2026-03-25 17:15:37,500 [INFO] PluginManager:220 - loadIPPluginJar : add i2s
2026-03-25 17:15:37,512 [INFO] IPUIPlugin:80 - create IPUIPlugin
2026-03-25 17:15:37,512 [INFO] PluginManager:220 - loadIPPluginJar : add i3c
2026-03-25 17:15:37,523 [INFO] IPUIPlugin:80 - create IPUIPlugin
2026-03-25 17:15:37,523 [INFO] PluginManager:220 - loadIPPluginJar : add ipddr
2026-03-25 17:15:37,546 [INFO] IPUIPlugin:80 - create IPUIPlugin
2026-03-25 17:15:37,546 [INFO] PluginManager:220 - loadIPPluginJar : add linkedlist
2026-03-25 17:15:37,554 [INFO] IPUIPlugin:80 - create IPUIPlugin
2026-03-25 17:15:37,555 [INFO] PluginManager:220 - loadIPPluginJar : add lorawan
2026-03-25 17:15:37,559 [INFO] IPUIPlugin:80 - create IPUIPlugin
2026-03-25 17:15:37,559 [INFO] PluginManager:220 - loadIPPluginJar : add ltdc
2026-03-25 17:15:37,621 [INFO] IPUIPlugin:80 - create IPUIPlugin
2026-03-25 17:15:37,622 [INFO] PluginManager:220 - loadIPPluginJar : add mdma
2026-03-25 17:15:37,632 [INFO] IPUIPlugin:80 - create IPUIPlugin
2026-03-25 17:15:37,632 [INFO] PluginManager:220 - loadIPPluginJar : add nvic
2026-03-25 17:15:37,641 [INFO] IPUIPlugin:80 - create IPUIPlugin
2026-03-25 17:15:37,642 [INFO] PluginManager:220 - loadIPPluginJar : add opamp
2026-03-25 17:15:37,652 [INFO] IPUIPlugin:80 - create IPUIPlugin
2026-03-25 17:15:37,653 [INFO] PluginManager:220 - loadIPPluginJar : add openamp
2026-03-25 17:15:37,668 [INFO] IPUIPlugin:80 - create IPUIPlugin
2026-03-25 17:15:37,668 [INFO] PluginManager:220 - loadIPPluginJar : add pdm2pcm
2026-03-25 17:15:37,688 [INFO] IPUIPlugin:80 - create IPUIPlugin
2026-03-25 17:15:37,698 [INFO] PluginManager:220 - loadIPPluginJar : add plateformsettings
2026-03-25 17:15:37,704 [INFO] IPUIPlugin:80 - create IPUIPlugin
2026-03-25 17:15:37,704 [INFO] PluginManager:220 - loadIPPluginJar : add quadspi
2026-03-25 17:15:37,710 [INFO] IPUIPlugin:80 - create IPUIPlugin
2026-03-25 17:15:37,713 [INFO] PluginManager:220 - loadIPPluginJar : add radio
2026-03-25 17:15:37,723 [INFO] IPUIPlugin:80 - create IPUIPlugin
2026-03-25 17:15:37,724 [INFO] PluginManager:220 - loadIPPluginJar : add resmgrutility
2026-03-25 17:15:37,737 [INFO] IPUIPlugin:80 - create IPUIPlugin
2026-03-25 17:15:37,738 [INFO] PluginManager:220 - loadIPPluginJar : add sai
2026-03-25 17:15:37,746 [INFO] IPUIPlugin:80 - create IPUIPlugin
2026-03-25 17:15:37,746 [INFO] PluginManager:220 - loadIPPluginJar : add spi
2026-03-25 17:15:37,949 [INFO] IPUIPlugin:80 - create IPUIPlugin
2026-03-25 17:15:37,950 [INFO] PluginManager:220 - loadIPPluginJar : add stm32_wpan
2026-03-25 17:15:37,960 [INFO] IPUIPlugin:80 - create IPUIPlugin
2026-03-25 17:15:37,960 [INFO] PluginManager:220 - loadIPPluginJar : add tim
2026-03-25 17:15:37,969 [INFO] IPUIPlugin:80 - create IPUIPlugin
2026-03-25 17:15:37,971 [INFO] PluginManager:220 - loadIPPluginJar : add touchsensing
2026-03-25 17:15:37,978 [INFO] IPUIPlugin:80 - create IPUIPlugin
2026-03-25 17:15:37,978 [INFO] PluginManager:220 - loadIPPluginJar : add tracer_emb
2026-03-25 17:15:37,984 [INFO] IPUIPlugin:80 - create IPUIPlugin
2026-03-25 17:15:37,984 [INFO] PluginManager:220 - loadIPPluginJar : add ts
2026-03-25 17:15:37,990 [INFO] IPUIPlugin:80 - create IPUIPlugin
2026-03-25 17:15:37,990 [INFO] PluginManager:220 - loadIPPluginJar : add tsc
2026-03-25 17:15:38,000 [INFO] IPUIPlugin:80 - create IPUIPlugin
2026-03-25 17:15:38,000 [INFO] PluginManager:220 - loadIPPluginJar : add ucpd
2026-03-25 17:15:38,009 [INFO] IPUIPlugin:80 - create IPUIPlugin
2026-03-25 17:15:38,010 [INFO] PluginManager:220 - loadIPPluginJar : add usart
2026-03-25 17:15:38,020 [INFO] IPUIPlugin:80 - create IPUIPlugin
2026-03-25 17:15:38,020 [INFO] PluginManager:220 - loadIPPluginJar : add usbx
2026-03-25 17:15:38,279 [FATAL] Updater:351 - Updater called before beeing initialized
2026-03-25 17:15:38,362 [INFO] RulesReader:64 - Compatibility file has been processed (302 Rules)
2026-03-25 17:15:38,391 [INFO] RulesReader:64 - Compatibility file has been processed (302 Rules)
2026-03-25 17:15:38,407 [INFO] CADModel:165 - CPN selected for project level
2026-03-25 17:15:38,407 [INFO] CADModel:114 - Register for checkConnection events
2026-03-25 17:15:38,407 [FATAL] Updater:351 - Updater called before beeing initialized
2026-03-25 17:15:38,407 [ERROR] CADModel:125 - Updater not yet initialized, retry later 
2026-03-25 17:15:38,776 [INFO] ThirdPartyUpdaterWithRetryManager:70 - Updater plugin not ready yet. [2/15]
2026-03-25 17:15:39,003 [FATAL] Updater:351 - Updater called before beeing initialized
2026-03-25 17:15:39,008 [INFO] CADModel:165 - CPN selected for project level
2026-03-25 17:15:39,008 [INFO] CADModel:114 - Register for checkConnection events
2026-03-25 17:15:39,008 [FATAL] Updater:351 - Updater called before beeing initialized
2026-03-25 17:15:39,008 [ERROR] CADModel:125 - Updater not yet initialized, retry later 
2026-03-25 17:15:39,016 [FATAL] Updater:351 - Updater called before beeing initialized
2026-03-25 17:15:39,306 [FATAL] Updater:351 - Updater called before beeing initialized
2026-03-25 17:15:39,316 [INFO] DbMcusAds:53 - JSON generation date=Wed Feb 18 20:02:49 IST 2026 (1771425169371)
2026-03-25 17:15:39,317 [FATAL] Updater:351 - Updater called before beeing initialized
2026-03-25 17:15:39,443 [WARN] DetailPanel:346 - Failed to get advertising image, set to default
2026-03-25 17:15:40,592 [FATAL] Updater:351 - Updater called before beeing initialized
2026-03-25 17:15:40,599 [FATAL] Updater:351 - Updater called before beeing initialized
2026-03-25 17:15:40,599 [FATAL] Updater:351 - Updater called before beeing initialized
2026-03-25 17:15:40,600 [WARN] DetailPanel:346 - Failed to get advertising image, set to default
2026-03-25 17:15:40,604 [FATAL] Updater:351 - Updater called before beeing initialized
2026-03-25 17:15:40,759 [ERROR] Updater:1198 - MainUpdater not yet initialized. External WinMGr cannot be set.
2026-03-25 17:15:40,768 [INFO] Updater:1134 - Updater Version found : 6.14.1
2026-03-25 17:15:40,840 [INFO] ApplicationProperties:184 - Using Application install path: C:\ST\STM32CubeIDE_1.18.1\STM32CubeIDE\plugins\com.st.stm32cube.common.mx_6.14.1.202504091515
2026-03-25 17:15:41,778 [FATAL] Updater:351 - Updater called before beeing initialized
2026-03-25 17:15:41,779 [ERROR] IntegrityCheckThread:130 - Cannot retrieve database content from updater: error 21
2026-03-25 17:15:41,779 [INFO] ThirdParty:978 - Integrity check success = false
2026-03-25 17:15:41,780 [INFO] IntegrityCheckThread:100 - exiting critical section [integrity check]
2026-03-25 17:15:41,780 [INFO] IntegrityCheckThread:103 - End integrity checks thread
2026-03-25 17:15:42,455 [ERROR] LogOutputStream:75 - [STDERR_REDIRECT] Mar 25, 2026 5:15:42 PM java.util.prefs.WindowsPreferences <init>
2026-03-25 17:15:42,465 [ERROR] LogOutputStream:75 - [STDERR_REDIRECT] WARNING: Could not open/create prefs root node Software\JavaSoft\Prefs at root 0xffffffff80000002. Windows RegCreateKeyEx(...) returned error code 5.
2026-03-25 17:15:42,465 [ERROR] LogOutputStream:75 - [STDERR_REDIRECT] 
2026-03-25 17:15:43,296 [INFO] MainUpdater:2872 - connection check result : 10
2026-03-25 17:15:43,297 [INFO] MainUpdater:3566 - Updater definition file requires update
2026-03-25 17:15:43,299 [INFO] MainUpdater:289 - Updater Check For Update Now.
2026-03-25 17:15:43,299 [INFO] MicroXplorer:498 - Change Database Version : DB.6.0.141
2026-03-25 17:15:43,316 [INFO] McuFinderGlobals:63 - Set McuFinder mode to 2 (CubeIDE integrated)
2026-03-25 17:15:43,320 [INFO] UserAuth:484 - Internet connection configuration mode: 1
2026-03-25 17:15:43,362 [INFO] JxBrowserEngine:152 - Initiate JxBrowser Engine with user profile folder
2026-03-25 17:15:43,692 [INFO] ServerAccessManage:473 - Download File updaters.zip
2026-03-25 17:15:43,909 [INFO] FileExtend:242 - Unzip File : updaters.zip
2026-03-25 17:15:43,909 [INFO] FileExtend:257 - Standard Zip Deflate
2026-03-25 17:15:47,452 [INFO] ServerAccessManage:473 - Download File PacksControlFlags.xml
2026-03-25 17:15:47,748 [INFO] ServerAccessManage:473 - Download File cubemx.pidx
2026-03-25 17:15:48,086 [INFO] LoadServerUpdatesThread:375 - End of LoadServerUpdate Thread
2026-03-25 17:15:48,324 [INFO] CheckServerUpdateThread:120 - End of CheckServer Thread
2026-03-25 17:15:51,155 [INFO] WebApp:169 - Instantiating new browser for Auth
2026-03-25 17:15:54,077 [INFO] WebApp:463 - Apply proxy settings
2026-03-25 17:15:54,094 [INFO] WebApp:548 - Chromium requires no authentication
2026-03-25 17:15:54,122 [INFO] WebApp:491 - Direct internet connection detected
2026-03-25 17:15:54,201 [INFO] WebApp:894 - Register for checkConnection events
2026-03-25 17:15:54,202 [INFO] WebApp:463 - Apply proxy settings
2026-03-25 17:15:54,202 [INFO] WebApp:548 - Chromium requires no authentication
2026-03-25 17:15:54,203 [INFO] WebApp:491 - Direct internet connection detected
2026-03-25 17:15:54,768 [INFO] WebApp:225 - Starting web application
2026-03-25 17:15:54,768 [INFO] WebApp:593 - Web application path used C:\ST\STM32CubeIDE_1.18.1\STM32CubeIDE\plugins\com.st.stm32cube.common.mx_6.14.1.202504091515\db\plugins\mcufinder\reactClient1\index.html
2026-03-25 17:15:56,513 [INFO] WebApp:191 - Connection restablished
2026-03-25 17:15:56,676 [INFO] UserAuth:484 - Internet connection configuration mode: 1
2026-03-25 17:17:11,491 [ERROR] LogOutputStream:75 - [STDERR_REDIRECT] 
