2026-01-31 01:16:54,656 [INFO] Activator:176 - 


2026-01-31 01:16:54,679 [INFO] Activator:177 - !SESSION log4j initialized
2026-01-31 01:17:17,600 [INFO] LogOutputStream:77 - [STDOUT_REDIRECT] 
2026-01-31 01:17:20,960 [INFO] ApplicationProperties:184 - Using Application install path: C:\ST\STM32CubeIDE_1.18.1\STM32CubeIDE\plugins\com.st.stm32cube.common.mx_6.14.1.202504091515
2026-01-31 01:17:21,004 [INFO] DbMcusXml:78 - Set database path to: C:\ST\STM32CubeIDE_1.18.1\STM32CubeIDE\plugins\com.st.stm32cube.common.mx_6.14.1.202504091515\\db\/mcu/
2026-01-31 01:17:21,004 [INFO] ApiDb:274 - Set plugin database path to: C:\ST\STM32CubeIDE_1.18.1\STM32CubeIDE\plugins\com.st.stm32cube.common.mx_6.14.1.202504091515\\db\/plugins/boardmanager/
2026-01-31 01:17:21,005 [WARN] ApiDb:259 - Overriding images path with different value:  => C:\ST\STM32CubeIDE_1.18.1\STM32CubeIDE\plugins\com.st.stm32cube.common.mx_6.14.1.202504091515\\db\/plugins/mcufinder/images/
2026-01-31 01:17:21,030 [INFO] ApiDb:250 - Set database path to: C:\Users\HP\.stmcufinder\plugins\mcufinder//mcu/
2026-01-31 01:17:21,033 [INFO] DbMcusAds:125 - Set database path to: C:\Users\HP\.stmcufinder\plugins\mcufinder//mcu/
2026-01-31 01:17:21,039 [INFO] CrossReferenceDbSqlite:203 - Set database path to: C:\Users\HP\.stmcufinder\plugins\mcufinder//mcu/cs/
2026-01-31 01:17:21,392 [INFO] RulesReader:64 - Compatibility file has been processed (302 Rules)
2026-01-31 01:17:21,669 [INFO] DbMcusXml:78 - Set database path to: C:\ST\STM32CubeIDE_1.18.1\STM32CubeIDE\plugins\com.st.stm32cube.common.mx_6.14.1.202504091515\\db\/mcu/
2026-01-31 01:17:21,669 [INFO] ApiDb:274 - Set plugin database path to: C:\ST\STM32CubeIDE_1.18.1\STM32CubeIDE\plugins\com.st.stm32cube.common.mx_6.14.1.202504091515\\db\/plugins/boardmanager/
2026-01-31 01:17:21,670 [INFO] ApiDb:261 - Set plugin images path to: C:\ST\STM32CubeIDE_1.18.1\STM32CubeIDE\plugins\com.st.stm32cube.common.mx_6.14.1.202504091515\\db\/plugins/mcufinder/images/
2026-01-31 01:17:21,670 [WARN] DbFile:41 - Overriding database path with different value: C:\Users\HP\.stmcufinder\plugins\mcufinder/ => C:\Users\HP\.stmcufinder\plugins\mcufinder
2026-01-31 01:17:21,671 [INFO] ApiDb:250 - Set database path to: C:\Users\HP\.stmcufinder\plugins\mcufinder//mcu/
2026-01-31 01:17:21,671 [WARN] DbFile:41 - Overriding database path with different value: C:\Users\HP\.stmcufinder\plugins\mcufinder/ => C:\Users\HP\.stmcufinder\plugins\mcufinder
2026-01-31 01:17:21,672 [INFO] DbMcusAds:125 - Set database path to: C:\Users\HP\.stmcufinder\plugins\mcufinder//mcu/
2026-01-31 01:17:21,672 [WARN] DbFile:41 - Overriding database path with different value: C:\Users\HP\.stmcufinder\plugins\mcufinder/ => C:\Users\HP\.stmcufinder\plugins\mcufinder
2026-01-31 01:17:21,672 [WARN] DbFile:41 - Overriding database path with different value: C:\Users\HP\.stmcufinder\plugins\mcufinder/ => C:\Users\HP\.stmcufinder\plugins\mcufinder
2026-01-31 01:17:21,673 [INFO] CrossReferenceDbSqlite:203 - Set database path to: C:\Users\HP\.stmcufinder\plugins\mcufinder//mcu/cs/
2026-01-31 01:17:21,886 [INFO] MainPanel:272 - HeapMemory: 268435456
2026-01-31 01:17:22,432 [INFO] DbMcusXml:78 - Set database path to: C:\ST\STM32CubeIDE_1.18.1\STM32CubeIDE\plugins\com.st.stm32cube.common.mx_6.14.1.202504091515\\db\/mcu/
2026-01-31 01:17:22,432 [INFO] ApiDb:274 - Set plugin database path to: C:\ST\STM32CubeIDE_1.18.1\STM32CubeIDE\plugins\com.st.stm32cube.common.mx_6.14.1.202504091515\\db\/plugins/boardmanager/
2026-01-31 01:17:22,433 [INFO] ApiDb:261 - Set plugin images path to: C:\ST\STM32CubeIDE_1.18.1\STM32CubeIDE\plugins\com.st.stm32cube.common.mx_6.14.1.202504091515\\db\/plugins/mcufinder/images/
2026-01-31 01:17:22,439 [WARN] DbFile:41 - Overriding database path with different value: C:\Users\HP\.stmcufinder\plugins\mcufinder/ => C:\Users\HP\.stmcufinder\plugins\mcufinder
2026-01-31 01:17:22,439 [INFO] ApiDb:250 - Set database path to: C:\Users\HP\.stmcufinder\plugins\mcufinder//mcu/
2026-01-31 01:17:22,439 [WARN] DbFile:41 - Overriding database path with different value: C:\Users\HP\.stmcufinder\plugins\mcufinder/ => C:\Users\HP\.stmcufinder\plugins\mcufinder
2026-01-31 01:17:22,441 [INFO] DbMcusAds:125 - Set database path to: C:\Users\HP\.stmcufinder\plugins\mcufinder//mcu/
2026-01-31 01:17:22,441 [WARN] DbFile:41 - Overriding database path with different value: C:\Users\HP\.stmcufinder\plugins\mcufinder/ => C:\Users\HP\.stmcufinder\plugins\mcufinder
2026-01-31 01:17:22,442 [WARN] DbFile:41 - Overriding database path with different value: C:\Users\HP\.stmcufinder\plugins\mcufinder/ => C:\Users\HP\.stmcufinder\plugins\mcufinder
2026-01-31 01:17:22,442 [INFO] CrossReferenceDbSqlite:203 - Set database path to: C:\Users\HP\.stmcufinder\plugins\mcufinder//mcu/cs/
2026-01-31 01:17:22,584 [INFO] ApplicationProperties:184 - Using Application install path: C:\ST\STM32CubeIDE_1.18.1\STM32CubeIDE\plugins\com.st.stm32cube.common.mx_6.14.1.202504091515
2026-01-31 01:17:22,593 [INFO] PluginManage:196 - Search for loadable plugins [exclusion list=, ]
2026-01-31 01:17:22,599 [INFO] PluginManage:310 - Check plugin analytics
2026-01-31 01:17:23,495 [INFO] AnalyticsPlugin:253 - Accepted Software Licenses: 
2026-01-31 01:17:23,495 [INFO] AnalyticsPlugin:255 - Accepted CMSIS Pack Licenses: 
2026-01-31 01:17:23,496 [INFO] AnalyticsPlugin:257 - Accepted Firmware Licenses: FW.F4.1.28.0
2026-01-31 01:17:23,531 [INFO] PluginManage:359 - Loaded plugin analytics (category:tool,tabindex:-1)
2026-01-31 01:17:23,531 [INFO] PluginManage:310 - Check plugin cadmodel
2026-01-31 01:17:23,546 [INFO] CADModel:105 - Init CAD model plugin
2026-01-31 01:17:23,547 [INFO] PluginManage:359 - Loaded plugin cadmodel (category:power,tabindex:5)
2026-01-31 01:17:23,548 [INFO] PluginManage:310 - Check plugin clock
2026-01-31 01:17:23,574 [INFO] PluginManage:359 - Loaded plugin clock (category:base,tabindex:2)
2026-01-31 01:17:23,574 [INFO] PluginManage:310 - Check plugin ddr
2026-01-31 01:17:23,581 [INFO] PluginManage:359 - Loaded plugin ddr (category:tool,tabindex:6)
2026-01-31 01:17:23,581 [INFO] PluginManage:310 - Check plugin filemanager
2026-01-31 01:17:24,016 [INFO] PluginManage:359 - Loaded plugin filemanager (category:base,tabindex:10)
2026-01-31 01:17:24,017 [INFO] PluginManage:310 - Check plugin ipmanager
2026-01-31 01:17:24,040 [INFO] PluginManage:359 - Loaded plugin ipmanager (category:base,tabindex:5)
2026-01-31 01:17:24,040 [INFO] PluginManage:310 - Check plugin lpbam
2026-01-31 01:17:24,060 [INFO] PluginManage:359 - Loaded plugin lpbam (category:base,tabindex:0)
2026-01-31 01:17:24,061 [INFO] PluginManage:310 - Check plugin memorymap
2026-01-31 01:17:24,100 [INFO] PluginManage:359 - Loaded plugin memorymap (category:base,tabindex:4)
2026-01-31 01:17:24,102 [INFO] PluginManage:310 - Check plugin pinoutandconfiguration
2026-01-31 01:17:24,126 [INFO] PluginManage:359 - Loaded plugin pinoutandconfiguration (category:base,tabindex:1)
2026-01-31 01:17:24,127 [INFO] PluginManage:310 - Check plugin pinoutconfig
2026-01-31 01:17:24,646 [WARN] SupportedApi:132 - Cannot load RTOS API schema: s4s-elt-must-match.1: The content of 'definitions' must match (annotation?, (simpleType | complexType)?, (unique | key | keyref)*)). A problem was found starting at: attribute.
2026-01-31 01:17:25,183 [INFO] PluginManage:359 - Loaded plugin pinoutconfig (category:base,tabindex:0)
2026-01-31 01:17:25,184 [INFO] PluginManage:310 - Check plugin power
2026-01-31 01:17:25,217 [INFO] PluginManage:359 - Loaded plugin power (category:power,tabindex:4)
2026-01-31 01:17:25,219 [INFO] PluginManage:310 - Check plugin projectmanager
2026-01-31 01:17:25,277 [INFO] PluginManage:359 - Loaded plugin projectmanager (category:projectmanager,tabindex:4)
2026-01-31 01:17:25,278 [INFO] PluginManage:310 - Check plugin rif
2026-01-31 01:17:25,301 [INFO] PluginManage:359 - Loaded plugin rif (category:base,tabindex:3)
2026-01-31 01:17:25,302 [INFO] PluginManage:310 - Check plugin thirdparty
2026-01-31 01:17:25,943 [INFO] PluginManage:359 - Loaded plugin thirdparty (category:base,tabindex:-1)
2026-01-31 01:17:25,943 [INFO] PluginManage:310 - Check plugin tools
2026-01-31 01:17:25,942 [WARN] IntegrityCheckThread:84 - waiting for thirdparty lock release [integrity check]
2026-01-31 01:17:25,945 [INFO] IntegrityCheckThread:86 - entering critical section [integrity check]
2026-01-31 01:17:25,947 [INFO] ThirdPartyUpdaterWithRetryManager:70 - Updater plugin not ready yet. [1/15]
2026-01-31 01:17:25,956 [INFO] PluginManage:359 - Loaded plugin tools (category:base,tabindex:7)
2026-01-31 01:17:25,958 [INFO] PluginManage:310 - Check plugin tutovideos
2026-01-31 01:17:26,624 [INFO] PluginManage:359 - Loaded plugin tutovideos (category:base,tabindex:-1)
2026-01-31 01:17:26,625 [INFO] PluginManage:310 - Check plugin updater
2026-01-31 01:17:26,684 [INFO] PluginManage:359 - Loaded plugin updater (category:base,tabindex:12)
2026-01-31 01:17:26,685 [INFO] PluginManage:310 - Check plugin userauth
2026-01-31 01:17:26,698 [INFO] UserAuth:118 - Init User Auth plugin
2026-01-31 01:17:26,701 [INFO] PluginManage:359 - Loaded plugin userauth (category:base,tabindex:14)
2026-01-31 01:17:26,704 [INFO] PluginManage:283 - PluginManage : Loaded plugins [18]
2026-01-31 01:17:27,830 [INFO] PinOutPanel:1589 - setPackage(No Configuration,No Configuration)
2026-01-31 01:17:28,247 [INFO] CADModel:165 - CPN selected for project level
2026-01-31 01:17:28,248 [INFO] CADModel:114 - Register for checkConnection events
2026-01-31 01:17:28,362 [INFO] IPUIPlugin:80 - create IPUIPlugin
2026-01-31 01:17:28,365 [INFO] PluginManager:220 - loadIPPluginJar : add adc
2026-01-31 01:17:28,379 [INFO] IPUIPlugin:80 - create IPUIPlugin
2026-01-31 01:17:28,379 [INFO] PluginManager:220 - loadIPPluginJar : add aes
2026-01-31 01:17:28,410 [INFO] IPUIPlugin:80 - create IPUIPlugin
2026-01-31 01:17:28,413 [INFO] PluginManager:220 - loadIPPluginJar : add can
2026-01-31 01:17:28,421 [INFO] IPUIPlugin:80 - create IPUIPlugin
2026-01-31 01:17:28,421 [INFO] PluginManager:220 - loadIPPluginJar : add comp
2026-01-31 01:17:28,432 [INFO] IPUIPlugin:80 - create IPUIPlugin
2026-01-31 01:17:28,433 [INFO] PluginManager:220 - loadIPPluginJar : add cryp
2026-01-31 01:17:28,440 [INFO] IPUIPlugin:80 - create IPUIPlugin
2026-01-31 01:17:28,440 [INFO] PluginManager:220 - loadIPPluginJar : add ddr_ctrl_phy
2026-01-31 01:17:28,451 [INFO] IPUIPlugin:80 - create IPUIPlugin
2026-01-31 01:17:28,451 [INFO] PluginManager:220 - loadIPPluginJar : add dfsdm
2026-01-31 01:17:28,468 [INFO] IPUIPlugin:80 - create IPUIPlugin
2026-01-31 01:17:28,470 [INFO] PluginManager:220 - loadIPPluginJar : add dma
2026-01-31 01:17:28,478 [INFO] IPUIPlugin:80 - create IPUIPlugin
2026-01-31 01:17:28,479 [INFO] PluginManager:220 - loadIPPluginJar : add dma3
2026-01-31 01:17:28,487 [INFO] IPUIPlugin:80 - create IPUIPlugin
2026-01-31 01:17:28,487 [INFO] PluginManager:220 - loadIPPluginJar : add extmemmanager
2026-01-31 01:17:28,493 [INFO] IPUIPlugin:80 - create IPUIPlugin
2026-01-31 01:17:28,493 [INFO] PluginManager:220 - loadIPPluginJar : add fatfs
2026-01-31 01:17:28,506 [INFO] IPUIPlugin:80 - create IPUIPlugin
2026-01-31 01:17:28,506 [INFO] PluginManager:220 - loadIPPluginJar : add fmc
2026-01-31 01:17:28,529 [INFO] IPUIPlugin:80 - create IPUIPlugin
2026-01-31 01:17:28,529 [INFO] PluginManager:220 - loadIPPluginJar : add freertos
2026-01-31 01:17:28,534 [INFO] IPUIPlugin:80 - create IPUIPlugin
2026-01-31 01:17:28,536 [INFO] PluginManager:220 - loadIPPluginJar : add genericplugin
2026-01-31 01:17:28,544 [INFO] IPUIPlugin:80 - create IPUIPlugin
2026-01-31 01:17:28,545 [INFO] PluginManager:220 - loadIPPluginJar : add gfxmmu
2026-01-31 01:17:28,561 [INFO] IPUIPlugin:80 - create IPUIPlugin
2026-01-31 01:17:28,561 [INFO] PluginManager:220 - loadIPPluginJar : add gic
2026-01-31 01:17:28,573 [INFO] IPUIPlugin:80 - create IPUIPlugin
2026-01-31 01:17:28,575 [INFO] PluginManager:220 - loadIPPluginJar : add gpio
2026-01-31 01:17:28,585 [INFO] IPUIPlugin:80 - create IPUIPlugin
2026-01-31 01:17:28,586 [INFO] PluginManager:220 - loadIPPluginJar : add gtzc
2026-01-31 01:17:28,596 [INFO] IPUIPlugin:80 - create IPUIPlugin
2026-01-31 01:17:28,597 [INFO] PluginManager:220 - loadIPPluginJar : add hash
2026-01-31 01:17:28,615 [INFO] IPUIPlugin:80 - create IPUIPlugin
2026-01-31 01:17:28,616 [INFO] PluginManager:220 - loadIPPluginJar : add i2c
2026-01-31 01:17:28,633 [INFO] IPUIPlugin:80 - create IPUIPlugin
2026-01-31 01:17:28,634 [INFO] PluginManager:220 - loadIPPluginJar : add i2s
2026-01-31 01:17:28,645 [INFO] IPUIPlugin:80 - create IPUIPlugin
2026-01-31 01:17:28,646 [INFO] PluginManager:220 - loadIPPluginJar : add i3c
2026-01-31 01:17:28,655 [INFO] IPUIPlugin:80 - create IPUIPlugin
2026-01-31 01:17:28,656 [INFO] PluginManager:220 - loadIPPluginJar : add ipddr
2026-01-31 01:17:28,690 [INFO] IPUIPlugin:80 - create IPUIPlugin
2026-01-31 01:17:28,691 [INFO] PluginManager:220 - loadIPPluginJar : add linkedlist
2026-01-31 01:17:28,701 [INFO] IPUIPlugin:80 - create IPUIPlugin
2026-01-31 01:17:28,702 [INFO] PluginManager:220 - loadIPPluginJar : add lorawan
2026-01-31 01:17:28,708 [INFO] IPUIPlugin:80 - create IPUIPlugin
2026-01-31 01:17:28,708 [INFO] PluginManager:220 - loadIPPluginJar : add ltdc
2026-01-31 01:17:28,729 [INFO] IPUIPlugin:80 - create IPUIPlugin
2026-01-31 01:17:28,729 [INFO] PluginManager:220 - loadIPPluginJar : add mdma
2026-01-31 01:17:28,738 [INFO] IPUIPlugin:80 - create IPUIPlugin
2026-01-31 01:17:28,740 [INFO] PluginManager:220 - loadIPPluginJar : add nvic
2026-01-31 01:17:28,749 [INFO] IPUIPlugin:80 - create IPUIPlugin
2026-01-31 01:17:28,749 [INFO] PluginManager:220 - loadIPPluginJar : add opamp
2026-01-31 01:17:28,762 [INFO] IPUIPlugin:80 - create IPUIPlugin
2026-01-31 01:17:28,764 [INFO] PluginManager:220 - loadIPPluginJar : add openamp
2026-01-31 01:17:28,780 [INFO] IPUIPlugin:80 - create IPUIPlugin
2026-01-31 01:17:28,780 [INFO] PluginManager:220 - loadIPPluginJar : add pdm2pcm
2026-01-31 01:17:28,799 [INFO] IPUIPlugin:80 - create IPUIPlugin
2026-01-31 01:17:28,808 [INFO] PluginManager:220 - loadIPPluginJar : add plateformsettings
2026-01-31 01:17:28,813 [INFO] IPUIPlugin:80 - create IPUIPlugin
2026-01-31 01:17:28,813 [INFO] PluginManager:220 - loadIPPluginJar : add quadspi
2026-01-31 01:17:28,819 [INFO] IPUIPlugin:80 - create IPUIPlugin
2026-01-31 01:17:28,822 [INFO] PluginManager:220 - loadIPPluginJar : add radio
2026-01-31 01:17:28,840 [INFO] IPUIPlugin:80 - create IPUIPlugin
2026-01-31 01:17:28,840 [INFO] PluginManager:220 - loadIPPluginJar : add resmgrutility
2026-01-31 01:17:28,851 [INFO] IPUIPlugin:80 - create IPUIPlugin
2026-01-31 01:17:28,851 [INFO] PluginManager:220 - loadIPPluginJar : add sai
2026-01-31 01:17:28,864 [INFO] IPUIPlugin:80 - create IPUIPlugin
2026-01-31 01:17:28,865 [INFO] PluginManager:220 - loadIPPluginJar : add spi
2026-01-31 01:17:28,902 [INFO] IPUIPlugin:80 - create IPUIPlugin
2026-01-31 01:17:28,903 [INFO] PluginManager:220 - loadIPPluginJar : add stm32_wpan
2026-01-31 01:17:28,912 [INFO] IPUIPlugin:80 - create IPUIPlugin
2026-01-31 01:17:28,913 [INFO] PluginManager:220 - loadIPPluginJar : add tim
2026-01-31 01:17:28,924 [INFO] IPUIPlugin:80 - create IPUIPlugin
2026-01-31 01:17:28,925 [INFO] PluginManager:220 - loadIPPluginJar : add touchsensing
2026-01-31 01:17:28,938 [INFO] IPUIPlugin:80 - create IPUIPlugin
2026-01-31 01:17:28,939 [INFO] PluginManager:220 - loadIPPluginJar : add tracer_emb
2026-01-31 01:17:28,950 [INFO] IPUIPlugin:80 - create IPUIPlugin
2026-01-31 01:17:28,950 [INFO] PluginManager:220 - loadIPPluginJar : add ts
2026-01-31 01:17:28,958 [INFO] ThirdPartyUpdaterWithRetryManager:70 - Updater plugin not ready yet. [2/15]
2026-01-31 01:17:28,957 [INFO] IPUIPlugin:80 - create IPUIPlugin
2026-01-31 01:17:28,962 [INFO] PluginManager:220 - loadIPPluginJar : add tsc
2026-01-31 01:17:28,970 [INFO] IPUIPlugin:80 - create IPUIPlugin
2026-01-31 01:17:28,971 [INFO] PluginManager:220 - loadIPPluginJar : add ucpd
2026-01-31 01:17:28,983 [INFO] IPUIPlugin:80 - create IPUIPlugin
2026-01-31 01:17:28,983 [INFO] PluginManager:220 - loadIPPluginJar : add usart
2026-01-31 01:17:28,995 [INFO] IPUIPlugin:80 - create IPUIPlugin
2026-01-31 01:17:28,996 [INFO] PluginManager:220 - loadIPPluginJar : add usbx
2026-01-31 01:17:29,383 [FATAL] Updater:351 - Updater called before beeing initialized
2026-01-31 01:17:29,487 [INFO] RulesReader:64 - Compatibility file has been processed (302 Rules)
2026-01-31 01:17:29,530 [INFO] RulesReader:64 - Compatibility file has been processed (302 Rules)
2026-01-31 01:17:29,552 [INFO] CADModel:165 - CPN selected for project level
2026-01-31 01:17:29,552 [INFO] CADModel:114 - Register for checkConnection events
2026-01-31 01:17:29,553 [FATAL] Updater:351 - Updater called before beeing initialized
2026-01-31 01:17:29,553 [ERROR] CADModel:125 - Updater not yet initialized, retry later 
2026-01-31 01:17:30,195 [FATAL] Updater:351 - Updater called before beeing initialized
2026-01-31 01:17:30,202 [INFO] CADModel:165 - CPN selected for project level
2026-01-31 01:17:30,202 [INFO] CADModel:114 - Register for checkConnection events
2026-01-31 01:17:30,203 [FATAL] Updater:351 - Updater called before beeing initialized
2026-01-31 01:17:30,203 [ERROR] CADModel:125 - Updater not yet initialized, retry later 
2026-01-31 01:17:30,216 [FATAL] Updater:351 - Updater called before beeing initialized
2026-01-31 01:17:31,223 [FATAL] Updater:351 - Updater called before beeing initialized
2026-01-31 01:17:31,240 [INFO] DbMcusAds:53 - JSON generation date=Thu Jan 08 21:27:51 IST 2026 (1767887871456)
2026-01-31 01:17:31,240 [FATAL] Updater:351 - Updater called before beeing initialized
2026-01-31 01:17:31,374 [WARN] DetailPanel:346 - Failed to get advertising image, set to default
2026-01-31 01:17:31,960 [INFO] ThirdPartyUpdaterWithRetryManager:70 - Updater plugin not ready yet. [3/15]
2026-01-31 01:17:32,228 [FATAL] Updater:351 - Updater called before beeing initialized
2026-01-31 01:17:32,236 [FATAL] Updater:351 - Updater called before beeing initialized
2026-01-31 01:17:32,237 [FATAL] Updater:351 - Updater called before beeing initialized
2026-01-31 01:17:32,237 [WARN] DetailPanel:346 - Failed to get advertising image, set to default
2026-01-31 01:17:32,240 [FATAL] Updater:351 - Updater called before beeing initialized
2026-01-31 01:17:32,424 [ERROR] Updater:1198 - MainUpdater not yet initialized. External WinMGr cannot be set.
2026-01-31 01:17:32,433 [INFO] Updater:1134 - Updater Version found : 6.14.1
2026-01-31 01:17:32,503 [INFO] ApplicationProperties:184 - Using Application install path: C:\ST\STM32CubeIDE_1.18.1\STM32CubeIDE\plugins\com.st.stm32cube.common.mx_6.14.1.202504091515
2026-01-31 01:17:34,117 [ERROR] LogOutputStream:75 - [STDERR_REDIRECT] Jan 31, 2026 1:17:34 AM java.util.prefs.WindowsPreferences <init>
2026-01-31 01:17:34,121 [ERROR] LogOutputStream:75 - [STDERR_REDIRECT] WARNING: Could not open/create prefs root node Software\JavaSoft\Prefs at root 0xffffffff80000002. Windows RegCreateKeyEx(...) returned error code 5.
2026-01-31 01:17:34,122 [ERROR] LogOutputStream:75 - [STDERR_REDIRECT] 
2026-01-31 01:17:34,846 [INFO] MainUpdater:2872 - connection check result : 10
2026-01-31 01:17:34,847 [INFO] MainUpdater:289 - Updater Check For Update Now.
2026-01-31 01:17:34,847 [INFO] MicroXplorer:498 - Change Database Version : DB.6.0.141
2026-01-31 01:17:34,865 [INFO] McuFinderGlobals:63 - Set McuFinder mode to 2 (CubeIDE integrated)
2026-01-31 01:17:34,868 [INFO] UserAuth:484 - Internet connection configuration mode: 1
2026-01-31 01:17:34,933 [INFO] JxBrowserEngine:152 - Initiate JxBrowser Engine with user profile folder
2026-01-31 01:17:34,961 [WARN] MainUpdater:1193 - Updater busy. Cannot search thirdparties
2026-01-31 01:17:34,962 [INFO] ThirdPartyUpdaterWithRetryManager:96 - Updater plugin is busy. [1/15]
2026-01-31 01:17:35,172 [INFO] CheckServerUpdateThread:120 - End of CheckServer Thread
2026-01-31 01:17:39,037 [WARN] PackLoader:240 - Cannot read IP mode file for STMicroelectronics.FP-SNS-MOTENVWB1.1.4.0
2026-01-31 01:17:39,059 [WARN] PackLoader:240 - Cannot read IP mode file for STMicroelectronics.FP-ATR-ASTRA1.2.0.2
2026-01-31 01:17:39,083 [WARN] PackLoader:240 - Cannot read IP mode file for STMicroelectronics.X-CUBE-SMBUS.2.1.0
2026-01-31 01:17:39,097 [WARN] PackLoader:240 - Cannot read IP mode file for STMicroelectronics.X-CUBE-ST60.1.0.0
2026-01-31 01:17:39,190 [WARN] PackLoader:240 - Cannot read IP mode file for STMicroelectronics.X-CUBE-AZRTOS-F7.1.1.0
2026-01-31 01:17:39,211 [ERROR] Engine:466 - C:\Users\HP\.stm32cubemx\thirdparties\pdsc\STMicroelectronics.FP-SNS-MOTENV1.5.1.0.pdsc: PDSC version is not supported
2026-01-31 01:17:39,349 [WARN] PackLoader:240 - Cannot read IP mode file for Infineon.AIROC-Wi-Fi-Bluetooth-STM32.1.7.0
2026-01-31 01:17:39,789 [WARN] PackLoader:240 - Cannot read IP mode file for STMicroelectronics.X-CUBE-AZRTOS-H7.3.4.0
2026-01-31 01:17:39,959 [WARN] PackLoader:240 - Cannot read IP mode file for STMicroelectronics.X-CUBE-DISPLAY.3.0.0
2026-01-31 01:17:40,047 [WARN] PackLoader:240 - Cannot read IP mode file for STMicroelectronics.X-CUBE-NFC10.1.0.0
2026-01-31 01:17:40,404 [WARN] PackLoader:240 - Cannot read IP mode file for STMicroelectronics.X-CUBE-BLEMGR.4.0.0
2026-01-31 01:17:40,481 [WARN] PackLoader:240 - Cannot read IP mode file for STMicroelectronics.X-CUBE-ST60.1.1.0
2026-01-31 01:17:40,525 [WARN] PackLoader:240 - Cannot read IP mode file for emotas.I-CUBE-CANOPEN.1.3.0
2026-01-31 01:17:40,565 [WARN] PackLoader:240 - Cannot read IP mode file for STMicroelectronics.X-CUBE-GNSS1.7.1.0
2026-01-31 01:17:40,610 [WARN] ConditionMgr:438 - getConditionDescription Invalid condition id : Cortex-A Device cause : null
2026-01-31 01:17:40,670 [WARN] ConditionMgr:1044 - genDependencies : Invalid condition id : Cortex-A Device cause : null
2026-01-31 01:17:40,670 [WARN] ConditionMgr:1044 - genDependencies : Invalid condition id : Cortex-A Device cause : null
2026-01-31 01:17:40,671 [WARN] ConditionMgr:1044 - genDependencies : Invalid condition id : Cortex-A Device cause : null
2026-01-31 01:17:40,683 [ERROR] Engine:466 - C:\Users\HP\.stm32cubemx\thirdparties\pdsc\STMicroelectronics.FP-SNS-STBOX1.2.1.0.pdsc: PDSC version is not supported
2026-01-31 01:17:40,703 [WARN] PackLoader:240 - Cannot read IP mode file for STMicroelectronics.FP-SNS-SMARTAG2.1.2.0
2026-01-31 01:17:40,733 [WARN] PackLoader:240 - Cannot read IP mode file for STMicroelectronics.FP-SNS-FLIGHT1.5.1.0
2026-01-31 01:17:40,783 [INFO] LogOutputStream:77 - [STDOUT_REDIRECT] 1 : Invalid condition id : UX_CORESTACK_Condition cause : null
2026-01-31 01:17:40,787 [INFO] LogOutputStream:77 - [STDOUT_REDIRECT] 1 : Invalid condition id : UX_CORESTACK_Condition cause : null
2026-01-31 01:17:40,797 [INFO] LogOutputStream:77 - [STDOUT_REDIRECT] 1 : Invalid condition id : UX_CORESTACK_Condition cause : null
2026-01-31 01:17:40,805 [INFO] LogOutputStream:77 - [STDOUT_REDIRECT] 1 : Invalid condition id : UX_CORESTACK_Condition cause : null
2026-01-31 01:17:40,810 [INFO] LogOutputStream:77 - [STDOUT_REDIRECT] 1 : Invalid condition id : UX_CORESTACK_Condition cause : null
2026-01-31 01:17:40,835 [WARN] PackLoader:240 - Cannot read IP mode file for STMicroelectronics.X-CUBE-AZRTOS-WL.2.0.0
2026-01-31 01:17:40,850 [WARN] PackLoader:240 - Cannot read IP mode file for STMicroelectronics.FP-SNS-MOTENV1.5.0.0
2026-01-31 01:17:40,902 [WARN] PackLoader:240 - Cannot read IP mode file for STMicroelectronics.X-CUBE-AZRTOS-H7RS.1.2.0
2026-01-31 01:17:40,933 [WARN] PackLoader:240 - Cannot read IP mode file for WES.I-CUBE-Cesium.1.3.0
2026-01-31 01:17:40,947 [WARN] PackLoader:240 - Cannot read IP mode file for STMicroelectronics.X-CUBE-BLE2.3.3.0
2026-01-31 01:17:41,003 [WARN] PackLoader:240 - Cannot read IP mode file for STMicroelectronics.X-CUBE-NFC9.1.0.0
2026-01-31 01:17:41,023 [WARN] PackLoader:240 - Cannot read IP mode file for wolfSSL.I-CUBE-wolfSSL.5.8.0
2026-01-31 01:17:41,046 [WARN] PackLoader:240 - Cannot read IP mode file for STMicroelectronics.X-CUBE-BLE1.7.1.0
2026-01-31 01:17:41,059 [WARN] PackLoader:240 - Cannot read IP mode file for wolfSSL.I-CUBE-wolfMQTT.1.19.2
2026-01-31 01:17:41,067 [ERROR] Engine:466 - C:\Users\HP\.stm32cubemx\thirdparties\pdsc\STMicroelectronics.X-CUBE-FREERTOS.1.4.0.pdsc: PDSC version is not supported
2026-01-31 01:17:41,086 [WARN] PackLoader:240 - Cannot read IP mode file for STMicroelectronics.X-CUBE-EEPRMA1.5.2.0
2026-01-31 01:17:41,100 [ERROR] Engine:466 - C:\Users\HP\.stm32cubemx\thirdparties\pdsc\STMicroelectronics.X-CUBE-ST67W61.1.1.0.pdsc: PDSC version is not supported
2026-01-31 01:17:41,114 [WARN] PackLoader:240 - Cannot read IP mode file for STMicroelectronics.X-CUBE-AI.10.1.0
2026-01-31 01:17:41,302 [INFO] WebApp:169 - Instantiating new browser for Auth
2026-01-31 01:17:41,393 [WARN] PackLoader:240 - Cannot read IP mode file for STMicroelectronics.X-CUBE-MEMS1.12.0.0
2026-01-31 01:17:41,983 [WARN] PackLoader:240 - Cannot read IP mode file for STMicroelectronics.X-CUBE-AZRTOS-G0.1.1.0
2026-01-31 01:17:42,037 [WARN] PackLoader:240 - Cannot read IP mode file for STMicroelectronics.X-CUBE-SAFEA1.1.2.2
2026-01-31 01:17:42,063 [WARN] PackLoader:240 - Cannot read IP mode file for STMicroelectronics.X-CUBE-NFC4.3.0.0
2026-01-31 01:17:42,108 [WARN] PackLoader:240 - Cannot read IP mode file for EmbeddedOffice.I-CUBE-FS-RTOS.1.0.1
2026-01-31 01:17:42,141 [WARN] PackLoader:240 - Cannot read IP mode file for STMicroelectronics.X-CUBE-WB05N.2.0.0
2026-01-31 01:17:42,161 [WARN] PackLoader:240 - Cannot read IP mode file for wolfSSL.I-CUBE-wolfTPM.3.8.0
2026-01-31 01:17:42,206 [WARN] PackLoader:240 - Cannot read IP mode file for STMicroelectronics.X-CUBE-TCPP.4.2.0
2026-01-31 01:17:42,230 [WARN] PackLoader:240 - Cannot read IP mode file for RealThread.X-CUBE-RT-Thread_Nano.4.1.1
2026-01-31 01:17:42,259 [WARN] PackLoader:240 - Cannot read IP mode file for STMicroelectronics.FP-ATR-SIGFOX1.3.2.0
2026-01-31 01:17:42,276 [WARN] PackLoader:240 - Cannot read IP mode file for STMicroelectronics.X-CUBE-EEPRMA1.5.1.0
2026-01-31 01:17:42,308 [WARN] PackLoader:240 - Cannot read IP mode file for ITTIA_DB.I-CUBE-ITTIADB.8.9.0
2026-01-31 01:17:42,328 [WARN] PackLoader:240 - Cannot read IP mode file for STMicroelectronics.X-CUBE-NFC6.3.2.0
2026-01-31 01:17:42,360 [WARN] PackLoader:240 - Cannot read IP mode file for STMicroelectronics.X-CUBE-ST67W61.1.0.0
2026-01-31 01:17:42,369 [WARN] PackLoader:240 - Cannot read IP mode file for STMicroelectronics.X-CUBE-AI.10.2.0
2026-01-31 01:17:42,454 [WARN] PackLoader:240 - Cannot read IP mode file for SEGGER.I-CUBE-embOS.1.3.1
2026-01-31 01:17:42,581 [WARN] PackLoader:240 - Cannot read IP mode file for STMicroelectronics.X-CUBE-ALGOBUILD.1.4.0
2026-01-31 01:17:42,722 [WARN] PackLoader:240 - Cannot read IP mode file for STMicroelectronics.X-CUBE-MEMS1.11.3.0
2026-01-31 01:17:43,097 [WARN] PackLoader:240 - Cannot read IP mode file for STMicroelectronics.X-CUBE-PM33A1.1.0.0
2026-01-31 01:17:43,226 [WARN] PackLoader:240 - Cannot read IP mode file for STMicroelectronics.X-CUBE-AZRTOS-F4.1.1.0
2026-01-31 01:17:43,276 [WARN] PackLoader:240 - Cannot read IP mode file for Avnet-IotConnect.X-CUBE-IoTC-DA16k-PMOD.1.0.0
2026-01-31 01:17:43,294 [WARN] PackLoader:240 - Cannot read IP mode file for STMicroelectronics.X-CUBE-ISPU.2.1.0
2026-01-31 01:17:43,310 [ERROR] Engine:466 - C:\Users\HP\.stm32cubemx\thirdparties\pdsc\STMicroelectronics.X-CUBE-IPS.3.2.0.pdsc: PDSC version is not supported
2026-01-31 01:17:43,332 [WARN] PackLoader:240 - Cannot read IP mode file for STMicroelectronics.X-CUBE-NFC12.1.0.0
2026-01-31 01:17:43,373 [WARN] PackLoader:240 - Cannot read IP mode file for STMicroelectronics.X-CUBE-AZRTOS-L5.2.0.0
2026-01-31 01:17:43,399 [WARN] PackLoader:240 - Cannot read IP mode file for STMicroelectronics.X-CUBE-NFC6.3.1.0
2026-01-31 01:17:43,426 [WARN] PackLoader:240 - Cannot read IP mode file for STMicroelectronics.X-CUBE-FREERTOS.1.3.1
2026-01-31 01:17:43,448 [WARN] PackLoader:240 - Cannot read IP mode file for STMicroelectronics.X-CUBE-TOUCHGFX.4.26.0
2026-01-31 01:17:43,472 [WARN] PackLoader:240 - Cannot read IP mode file for STMicroelectronics.FP-SNS-STAIOTCFT.1.0.0
2026-01-31 01:17:43,487 [WARN] PackLoader:240 - Cannot read IP mode file for STMicroelectronics.X-CUBE-DPower.1.3.0
2026-01-31 01:17:43,559 [WARN] ConditionMgr:438 - getConditionDescription Invalid condition id : LAN8742 Phy interface Condition cause : null
2026-01-31 01:17:43,560 [WARN] PackLoader:240 - Cannot read IP mode file for STMicroelectronics.X-CUBE-AZRTOS-L4.2.0.0
2026-01-31 01:17:43,563 [WARN] ConditionMgr:1044 - genDependencies : Invalid condition id : LAN8742 Phy interface Condition cause : null
2026-01-31 01:17:43,565 [WARN] ConditionMgr:1044 - genDependencies : Invalid condition id : LAN8742 Phy interface Condition cause : null
2026-01-31 01:17:43,566 [WARN] ConditionMgr:1044 - genDependencies : Invalid condition id : LAN8742 Phy interface Condition cause : null
2026-01-31 01:17:43,598 [WARN] PackLoader:240 - Cannot read IP mode file for STMicroelectronics.X-CUBE-SFXS2LP1.4.0.0
2026-01-31 01:17:43,609 [ERROR] Engine:466 - C:\Users\HP\.stm32cubemx\thirdparties\pdsc\STMicroelectronics.X-CUBE-ST67W61.1.2.0.pdsc: PDSC version is not supported
2026-01-31 01:17:43,682 [WARN] PackLoader:240 - Cannot read IP mode file for STMicroelectronics.X-CUBE-AZRTOS-H7.3.3.0
2026-01-31 01:17:43,735 [WARN] PackLoader:240 - Cannot read IP mode file for STMicroelectronics.X-CUBE-BLEMGR.4.1.0
2026-01-31 01:17:43,797 [WARN] ConditionMgr:438 - getConditionDescription Invalid condition id : UX DEVICE CLASS RTOS Condition cause : null
2026-01-31 01:17:43,799 [WARN] ConditionMgr:438 - getConditionDescription Invalid condition id : UX DEVICE CLASS RTOS Condition cause : null
2026-01-31 01:17:43,803 [WARN] PackLoader:240 - Cannot read IP mode file for STMicroelectronics.X-CUBE-AZRTOS-WB.2.0.0
2026-01-31 01:17:43,806 [WARN] ConditionMgr:1044 - genDependencies : Invalid condition id : UX DEVICE CLASS RTOS Condition cause : null
2026-01-31 01:17:43,806 [WARN] ConditionMgr:1044 - genDependencies : Invalid condition id : UX DEVICE CLASS RTOS Condition cause : null
2026-01-31 01:17:43,807 [WARN] ConditionMgr:1044 - genDependencies : Invalid condition id : UX DEVICE CLASS RTOS Condition cause : null
2026-01-31 01:17:43,809 [WARN] ConditionMgr:1044 - genDependencies : Invalid condition id : UX DEVICE CLASS RTOS Condition cause : null
2026-01-31 01:17:43,809 [WARN] ConditionMgr:1044 - genDependencies : Invalid condition id : UX DEVICE CLASS RTOS Condition cause : null
2026-01-31 01:17:43,832 [WARN] PackLoader:240 - Cannot read IP mode file for STMicroelectronics.X-CUBE-GNSS1.7.0.1
2026-01-31 01:17:43,846 [WARN] PackLoader:240 - Cannot read IP mode file for STMicroelectronics.X-CUBE-TOUCHGFX.4.25.0
2026-01-31 01:17:43,874 [WARN] PackLoader:240 - Cannot read IP mode file for STMicroelectronics.FP-SNS-STBOX1.2.0.0
2026-01-31 01:17:43,913 [WARN] PackLoader:240 - Cannot read IP mode file for STMicroelectronics.X-CUBE-STSE01.2.0.0
2026-01-31 01:17:43,954 [WARN] PackLoader:240 - Cannot read IP mode file for STMicroelectronics.X-CUBE-SUBG2.5.0.0
2026-01-31 01:17:44,022 [WARN] PackLoader:240 - Cannot read IP mode file for STMicroelectronics.X-CUBE-AZRTOS-H7RS.1.1.0
2026-01-31 01:17:44,062 [WARN] PackLoader:240 - Cannot read IP mode file for Cesanta.I-CUBE-Mongoose.7.13.0
2026-01-31 01:17:44,099 [WARN] PackLoader:240 - Cannot read IP mode file for STMicroelectronics.X-CUBE-AZRTOS-G4.2.0.0
2026-01-31 01:17:44,119 [WARN] PackLoader:240 - Cannot read IP mode file for wolfSSL.I-CUBE-wolfSSH.1.4.20
2026-01-31 01:17:44,141 [WARN] PackLoader:240 - Cannot read IP mode file for STMicroelectronics.X-CUBE-NFC7.2.0.0
2026-01-31 01:17:44,201 [WARN] PackLoader:240 - Cannot read IP mode file for STMicroelectronics.X-CUBE-IPS.3.1.0
2026-01-31 01:17:44,238 [WARN] PackLoader:240 - Cannot read IP mode file for STMicroelectronics.X-CUBE-ALS.1.0.2
2026-01-31 01:17:44,261 [WARN] PackLoader:240 - Cannot read IP mode file for STMicroelectronics.X-CUBE-STSE01.1.0.0
2026-01-31 01:17:44,309 [WARN] PackLoader:240 - Cannot read IP mode file for portGmbH.I-Cube-SoM-uGOAL.1.1.0
2026-01-31 01:17:44,338 [WARN] PackLoader:240 - Cannot read IP mode file for STMicroelectronics.X-CUBE-TOF1.3.4.3
2026-01-31 01:17:44,369 [INFO] ThirdParty:978 - Integrity check success = true
2026-01-31 01:17:44,370 [INFO] IntegrityCheckThread:100 - exiting critical section [integrity check]
2026-01-31 01:17:44,371 [INFO] IntegrityCheckThread:103 - End integrity checks thread
2026-01-31 01:17:45,340 [INFO] WebApp:463 - Apply proxy settings
2026-01-31 01:17:45,341 [INFO] WebApp:548 - Chromium requires no authentication
2026-01-31 01:17:45,379 [INFO] WebApp:491 - Direct internet connection detected
2026-01-31 01:17:45,561 [INFO] WebApp:894 - Register for checkConnection events
2026-01-31 01:17:45,562 [INFO] WebApp:463 - Apply proxy settings
2026-01-31 01:17:45,562 [INFO] WebApp:548 - Chromium requires no authentication
2026-01-31 01:17:45,563 [INFO] WebApp:491 - Direct internet connection detected
2026-01-31 01:17:46,191 [INFO] WebApp:191 - Connection restablished
2026-01-31 01:17:47,193 [INFO] WebApp:225 - Starting web application
2026-01-31 01:17:47,194 [INFO] WebApp:593 - Web application path used C:\ST\STM32CubeIDE_1.18.1\STM32CubeIDE\plugins\com.st.stm32cube.common.mx_6.14.1.202504091515\db\plugins\mcufinder\reactClient1\index.html
2026-01-31 01:17:48,978 [INFO] UserAuth:484 - Internet connection configuration mode: 1
2026-01-31 03:25:54,460 [INFO] WebApp:194 - Connection lost
2026-01-31 03:25:55,130 [INFO] WebApp:191 - Connection restablished
2026-01-31 10:18:34,589 [INFO] WebApp:194 - Connection lost
2026-01-31 10:18:37,323 [INFO] WebApp:191 - Connection restablished
2026-01-31 12:06:20,598 [INFO] WebApp:194 - Connection lost
2026-01-31 12:06:22,693 [INFO] WebApp:191 - Connection restablished
2026-01-31 12:06:24,218 [INFO] WebApp:194 - Connection lost
2026-01-31 12:06:24,503 [INFO] WebApp:191 - Connection restablished
