2026-04-26 09:02:28,340 [INFO] WebApp:194 - Connection lost
2026-04-26 09:02:30,272 [INFO] WebApp:191 - Connection restablished
2026-04-26 19:28:10,366 [INFO] Activator:176 - 


2026-04-26 19:28:10,371 [INFO] Activator:177 - !SESSION log4j initialized
2026-04-26 19:28:23,369 [INFO] LogOutputStream:77 - [STDOUT_REDIRECT] 
2026-04-26 19:28:25,643 [INFO] ApplicationProperties:184 - Using Application install path: C:\ST\STM32CubeIDE_1.18.1\STM32CubeIDE\plugins\com.st.stm32cube.common.mx_6.14.1.202504091515
2026-04-26 19:28:25,686 [INFO] DbMcusXml:78 - Set database path to: C:\ST\STM32CubeIDE_1.18.1\STM32CubeIDE\plugins\com.st.stm32cube.common.mx_6.14.1.202504091515\\db\/mcu/
2026-04-26 19:28:25,687 [INFO] ApiDb:274 - Set plugin database path to: C:\ST\STM32CubeIDE_1.18.1\STM32CubeIDE\plugins\com.st.stm32cube.common.mx_6.14.1.202504091515\\db\/plugins/boardmanager/
2026-04-26 19:28:25,687 [WARN] ApiDb:259 - Overriding images path with different value:  => C:\ST\STM32CubeIDE_1.18.1\STM32CubeIDE\plugins\com.st.stm32cube.common.mx_6.14.1.202504091515\\db\/plugins/mcufinder/images/
2026-04-26 19:28:25,708 [INFO] ApiDb:250 - Set database path to: C:\Users\HP\.stmcufinder\plugins\mcufinder//mcu/
2026-04-26 19:28:25,709 [INFO] DbMcusAds:125 - Set database path to: C:\Users\HP\.stmcufinder\plugins\mcufinder//mcu/
2026-04-26 19:28:25,714 [INFO] CrossReferenceDbSqlite:203 - Set database path to: C:\Users\HP\.stmcufinder\plugins\mcufinder//mcu/cs/
2026-04-26 19:28:25,987 [INFO] RulesReader:64 - Compatibility file has been processed (302 Rules)
2026-04-26 19:28:26,183 [INFO] DbMcusXml:78 - Set database path to: C:\ST\STM32CubeIDE_1.18.1\STM32CubeIDE\plugins\com.st.stm32cube.common.mx_6.14.1.202504091515\\db\/mcu/
2026-04-26 19:28:26,183 [INFO] ApiDb:274 - Set plugin database path to: C:\ST\STM32CubeIDE_1.18.1\STM32CubeIDE\plugins\com.st.stm32cube.common.mx_6.14.1.202504091515\\db\/plugins/boardmanager/
2026-04-26 19:28:26,184 [INFO] ApiDb:261 - Set plugin images path to: C:\ST\STM32CubeIDE_1.18.1\STM32CubeIDE\plugins\com.st.stm32cube.common.mx_6.14.1.202504091515\\db\/plugins/mcufinder/images/
2026-04-26 19:28:26,184 [WARN] DbFile:41 - Overriding database path with different value: C:\Users\HP\.stmcufinder\plugins\mcufinder/ => C:\Users\HP\.stmcufinder\plugins\mcufinder
2026-04-26 19:28:26,184 [INFO] ApiDb:250 - Set database path to: C:\Users\HP\.stmcufinder\plugins\mcufinder//mcu/
2026-04-26 19:28:26,184 [WARN] DbFile:41 - Overriding database path with different value: C:\Users\HP\.stmcufinder\plugins\mcufinder/ => C:\Users\HP\.stmcufinder\plugins\mcufinder
2026-04-26 19:28:26,184 [INFO] DbMcusAds:125 - Set database path to: C:\Users\HP\.stmcufinder\plugins\mcufinder//mcu/
2026-04-26 19:28:26,184 [WARN] DbFile:41 - Overriding database path with different value: C:\Users\HP\.stmcufinder\plugins\mcufinder/ => C:\Users\HP\.stmcufinder\plugins\mcufinder
2026-04-26 19:28:26,186 [WARN] DbFile:41 - Overriding database path with different value: C:\Users\HP\.stmcufinder\plugins\mcufinder/ => C:\Users\HP\.stmcufinder\plugins\mcufinder
2026-04-26 19:28:26,186 [INFO] CrossReferenceDbSqlite:203 - Set database path to: C:\Users\HP\.stmcufinder\plugins\mcufinder//mcu/cs/
2026-04-26 19:28:26,408 [INFO] MainPanel:272 - HeapMemory: 268435456
2026-04-26 19:28:26,667 [INFO] DbMcusXml:78 - Set database path to: C:\ST\STM32CubeIDE_1.18.1\STM32CubeIDE\plugins\com.st.stm32cube.common.mx_6.14.1.202504091515\\db\/mcu/
2026-04-26 19:28:26,668 [INFO] ApiDb:274 - Set plugin database path to: C:\ST\STM32CubeIDE_1.18.1\STM32CubeIDE\plugins\com.st.stm32cube.common.mx_6.14.1.202504091515\\db\/plugins/boardmanager/
2026-04-26 19:28:26,668 [INFO] ApiDb:261 - Set plugin images path to: C:\ST\STM32CubeIDE_1.18.1\STM32CubeIDE\plugins\com.st.stm32cube.common.mx_6.14.1.202504091515\\db\/plugins/mcufinder/images/
2026-04-26 19:28:26,669 [WARN] DbFile:41 - Overriding database path with different value: C:\Users\HP\.stmcufinder\plugins\mcufinder/ => C:\Users\HP\.stmcufinder\plugins\mcufinder
2026-04-26 19:28:26,669 [INFO] ApiDb:250 - Set database path to: C:\Users\HP\.stmcufinder\plugins\mcufinder//mcu/
2026-04-26 19:28:26,669 [WARN] DbFile:41 - Overriding database path with different value: C:\Users\HP\.stmcufinder\plugins\mcufinder/ => C:\Users\HP\.stmcufinder\plugins\mcufinder
2026-04-26 19:28:26,669 [INFO] DbMcusAds:125 - Set database path to: C:\Users\HP\.stmcufinder\plugins\mcufinder//mcu/
2026-04-26 19:28:26,670 [WARN] DbFile:41 - Overriding database path with different value: C:\Users\HP\.stmcufinder\plugins\mcufinder/ => C:\Users\HP\.stmcufinder\plugins\mcufinder
2026-04-26 19:28:26,670 [WARN] DbFile:41 - Overriding database path with different value: C:\Users\HP\.stmcufinder\plugins\mcufinder/ => C:\Users\HP\.stmcufinder\plugins\mcufinder
2026-04-26 19:28:26,670 [INFO] CrossReferenceDbSqlite:203 - Set database path to: C:\Users\HP\.stmcufinder\plugins\mcufinder//mcu/cs/
2026-04-26 19:28:26,748 [INFO] ApplicationProperties:184 - Using Application install path: C:\ST\STM32CubeIDE_1.18.1\STM32CubeIDE\plugins\com.st.stm32cube.common.mx_6.14.1.202504091515
2026-04-26 19:28:26,752 [INFO] PluginManage:196 - Search for loadable plugins [exclusion list=, ]
2026-04-26 19:28:26,764 [INFO] PluginManage:310 - Check plugin analytics
2026-04-26 19:28:27,274 [INFO] AnalyticsPlugin:253 - Accepted Software Licenses: 
2026-04-26 19:28:27,275 [INFO] AnalyticsPlugin:255 - Accepted CMSIS Pack Licenses: 
2026-04-26 19:28:27,276 [INFO] AnalyticsPlugin:257 - Accepted Firmware Licenses: FW.F4.1.28.0
2026-04-26 19:28:27,282 [INFO] PluginManage:359 - Loaded plugin analytics (category:tool,tabindex:-1)
2026-04-26 19:28:27,283 [INFO] PluginManage:310 - Check plugin cadmodel
2026-04-26 19:28:27,294 [INFO] CADModel:105 - Init CAD model plugin
2026-04-26 19:28:27,296 [INFO] PluginManage:359 - Loaded plugin cadmodel (category:power,tabindex:5)
2026-04-26 19:28:27,296 [INFO] PluginManage:310 - Check plugin clock
2026-04-26 19:28:27,320 [INFO] PluginManage:359 - Loaded plugin clock (category:base,tabindex:2)
2026-04-26 19:28:27,321 [INFO] PluginManage:310 - Check plugin ddr
2026-04-26 19:28:27,326 [INFO] PluginManage:359 - Loaded plugin ddr (category:tool,tabindex:6)
2026-04-26 19:28:27,327 [INFO] PluginManage:310 - Check plugin filemanager
2026-04-26 19:28:27,691 [INFO] PluginManage:359 - Loaded plugin filemanager (category:base,tabindex:10)
2026-04-26 19:28:27,692 [INFO] PluginManage:310 - Check plugin ipmanager
2026-04-26 19:28:27,708 [INFO] PluginManage:359 - Loaded plugin ipmanager (category:base,tabindex:5)
2026-04-26 19:28:27,708 [INFO] PluginManage:310 - Check plugin lpbam
2026-04-26 19:28:27,729 [INFO] PluginManage:359 - Loaded plugin lpbam (category:base,tabindex:0)
2026-04-26 19:28:27,729 [INFO] PluginManage:310 - Check plugin memorymap
2026-04-26 19:28:27,763 [INFO] PluginManage:359 - Loaded plugin memorymap (category:base,tabindex:4)
2026-04-26 19:28:27,763 [INFO] PluginManage:310 - Check plugin pinoutandconfiguration
2026-04-26 19:28:27,786 [INFO] PluginManage:359 - Loaded plugin pinoutandconfiguration (category:base,tabindex:1)
2026-04-26 19:28:27,787 [INFO] PluginManage:310 - Check plugin pinoutconfig
2026-04-26 19:28:28,012 [WARN] SupportedApi:132 - Cannot load RTOS API schema: s4s-elt-must-match.1: The content of 'definitions' must match (annotation?, (simpleType | complexType)?, (unique | key | keyref)*)). A problem was found starting at: attribute.
2026-04-26 19:28:28,348 [INFO] PluginManage:359 - Loaded plugin pinoutconfig (category:base,tabindex:0)
2026-04-26 19:28:28,348 [INFO] PluginManage:310 - Check plugin power
2026-04-26 19:28:28,370 [INFO] PluginManage:359 - Loaded plugin power (category:power,tabindex:4)
2026-04-26 19:28:28,371 [INFO] PluginManage:310 - Check plugin projectmanager
2026-04-26 19:28:28,412 [INFO] PluginManage:359 - Loaded plugin projectmanager (category:projectmanager,tabindex:4)
2026-04-26 19:28:28,413 [INFO] PluginManage:310 - Check plugin rif
2026-04-26 19:28:28,430 [INFO] PluginManage:359 - Loaded plugin rif (category:base,tabindex:3)
2026-04-26 19:28:28,430 [INFO] PluginManage:310 - Check plugin thirdparty
2026-04-26 19:28:28,762 [INFO] PluginManage:359 - Loaded plugin thirdparty (category:base,tabindex:-1)
2026-04-26 19:28:28,763 [INFO] PluginManage:310 - Check plugin tools
2026-04-26 19:28:28,762 [WARN] IntegrityCheckThread:84 - waiting for thirdparty lock release [integrity check]
2026-04-26 19:28:28,763 [INFO] IntegrityCheckThread:86 - entering critical section [integrity check]
2026-04-26 19:28:28,764 [INFO] ThirdPartyUpdaterWithRetryManager:70 - Updater plugin not ready yet. [1/15]
2026-04-26 19:28:28,769 [INFO] PluginManage:359 - Loaded plugin tools (category:base,tabindex:7)
2026-04-26 19:28:28,769 [INFO] PluginManage:310 - Check plugin tutovideos
2026-04-26 19:28:29,218 [INFO] PluginManage:359 - Loaded plugin tutovideos (category:base,tabindex:-1)
2026-04-26 19:28:29,218 [INFO] PluginManage:310 - Check plugin updater
2026-04-26 19:28:29,304 [INFO] PluginManage:359 - Loaded plugin updater (category:base,tabindex:12)
2026-04-26 19:28:29,305 [INFO] PluginManage:310 - Check plugin userauth
2026-04-26 19:28:29,324 [INFO] UserAuth:118 - Init User Auth plugin
2026-04-26 19:28:29,327 [INFO] PluginManage:359 - Loaded plugin userauth (category:base,tabindex:14)
2026-04-26 19:28:29,328 [INFO] PluginManage:283 - PluginManage : Loaded plugins [18]
2026-04-26 19:28:29,999 [INFO] PinOutPanel:1589 - setPackage(No Configuration,No Configuration)
2026-04-26 19:28:30,268 [INFO] CADModel:165 - CPN selected for project level
2026-04-26 19:28:30,268 [INFO] CADModel:114 - Register for checkConnection events
2026-04-26 19:28:30,329 [INFO] IPUIPlugin:80 - create IPUIPlugin
2026-04-26 19:28:30,331 [INFO] PluginManager:220 - loadIPPluginJar : add adc
2026-04-26 19:28:30,339 [INFO] IPUIPlugin:80 - create IPUIPlugin
2026-04-26 19:28:30,339 [INFO] PluginManager:220 - loadIPPluginJar : add aes
2026-04-26 19:28:30,348 [INFO] IPUIPlugin:80 - create IPUIPlugin
2026-04-26 19:28:30,349 [INFO] PluginManager:220 - loadIPPluginJar : add can
2026-04-26 19:28:30,353 [INFO] IPUIPlugin:80 - create IPUIPlugin
2026-04-26 19:28:30,354 [INFO] PluginManager:220 - loadIPPluginJar : add comp
2026-04-26 19:28:30,368 [INFO] IPUIPlugin:80 - create IPUIPlugin
2026-04-26 19:28:30,369 [INFO] PluginManager:220 - loadIPPluginJar : add cryp
2026-04-26 19:28:30,380 [INFO] IPUIPlugin:80 - create IPUIPlugin
2026-04-26 19:28:30,380 [INFO] PluginManager:220 - loadIPPluginJar : add ddr_ctrl_phy
2026-04-26 19:28:30,389 [INFO] IPUIPlugin:80 - create IPUIPlugin
2026-04-26 19:28:30,389 [INFO] PluginManager:220 - loadIPPluginJar : add dfsdm
2026-04-26 19:28:30,406 [INFO] IPUIPlugin:80 - create IPUIPlugin
2026-04-26 19:28:30,407 [INFO] PluginManager:220 - loadIPPluginJar : add dma
2026-04-26 19:28:30,415 [INFO] IPUIPlugin:80 - create IPUIPlugin
2026-04-26 19:28:30,416 [INFO] PluginManager:220 - loadIPPluginJar : add dma3
2026-04-26 19:28:30,429 [INFO] IPUIPlugin:80 - create IPUIPlugin
2026-04-26 19:28:30,430 [INFO] PluginManager:220 - loadIPPluginJar : add extmemmanager
2026-04-26 19:28:30,435 [INFO] IPUIPlugin:80 - create IPUIPlugin
2026-04-26 19:28:30,436 [INFO] PluginManager:220 - loadIPPluginJar : add fatfs
2026-04-26 19:28:30,447 [INFO] IPUIPlugin:80 - create IPUIPlugin
2026-04-26 19:28:30,447 [INFO] PluginManager:220 - loadIPPluginJar : add fmc
2026-04-26 19:28:30,460 [INFO] IPUIPlugin:80 - create IPUIPlugin
2026-04-26 19:28:30,460 [INFO] PluginManager:220 - loadIPPluginJar : add freertos
2026-04-26 19:28:30,465 [INFO] IPUIPlugin:80 - create IPUIPlugin
2026-04-26 19:28:30,465 [INFO] PluginManager:220 - loadIPPluginJar : add genericplugin
2026-04-26 19:28:30,470 [INFO] IPUIPlugin:80 - create IPUIPlugin
2026-04-26 19:28:30,471 [INFO] PluginManager:220 - loadIPPluginJar : add gfxmmu
2026-04-26 19:28:30,481 [INFO] IPUIPlugin:80 - create IPUIPlugin
2026-04-26 19:28:30,481 [INFO] PluginManager:220 - loadIPPluginJar : add gic
2026-04-26 19:28:30,490 [INFO] IPUIPlugin:80 - create IPUIPlugin
2026-04-26 19:28:30,490 [INFO] PluginManager:220 - loadIPPluginJar : add gpio
2026-04-26 19:28:30,497 [INFO] IPUIPlugin:80 - create IPUIPlugin
2026-04-26 19:28:30,497 [INFO] PluginManager:220 - loadIPPluginJar : add gtzc
2026-04-26 19:28:30,502 [INFO] IPUIPlugin:80 - create IPUIPlugin
2026-04-26 19:28:30,503 [INFO] PluginManager:220 - loadIPPluginJar : add hash
2026-04-26 19:28:30,509 [INFO] IPUIPlugin:80 - create IPUIPlugin
2026-04-26 19:28:30,509 [INFO] PluginManager:220 - loadIPPluginJar : add i2c
2026-04-26 19:28:30,516 [INFO] IPUIPlugin:80 - create IPUIPlugin
2026-04-26 19:28:30,516 [INFO] PluginManager:220 - loadIPPluginJar : add i2s
2026-04-26 19:28:30,522 [INFO] IPUIPlugin:80 - create IPUIPlugin
2026-04-26 19:28:30,522 [INFO] PluginManager:220 - loadIPPluginJar : add i3c
2026-04-26 19:28:30,531 [INFO] IPUIPlugin:80 - create IPUIPlugin
2026-04-26 19:28:30,531 [INFO] PluginManager:220 - loadIPPluginJar : add ipddr
2026-04-26 19:28:30,547 [INFO] IPUIPlugin:80 - create IPUIPlugin
2026-04-26 19:28:30,547 [INFO] PluginManager:220 - loadIPPluginJar : add linkedlist
2026-04-26 19:28:30,554 [INFO] IPUIPlugin:80 - create IPUIPlugin
2026-04-26 19:28:30,555 [INFO] PluginManager:220 - loadIPPluginJar : add lorawan
2026-04-26 19:28:30,559 [INFO] IPUIPlugin:80 - create IPUIPlugin
2026-04-26 19:28:30,559 [INFO] PluginManager:220 - loadIPPluginJar : add ltdc
2026-04-26 19:28:30,571 [INFO] IPUIPlugin:80 - create IPUIPlugin
2026-04-26 19:28:30,572 [INFO] PluginManager:220 - loadIPPluginJar : add mdma
2026-04-26 19:28:30,579 [INFO] IPUIPlugin:80 - create IPUIPlugin
2026-04-26 19:28:30,579 [INFO] PluginManager:220 - loadIPPluginJar : add nvic
2026-04-26 19:28:30,587 [INFO] IPUIPlugin:80 - create IPUIPlugin
2026-04-26 19:28:30,587 [INFO] PluginManager:220 - loadIPPluginJar : add opamp
2026-04-26 19:28:30,595 [INFO] IPUIPlugin:80 - create IPUIPlugin
2026-04-26 19:28:30,595 [INFO] PluginManager:220 - loadIPPluginJar : add openamp
2026-04-26 19:28:30,603 [INFO] IPUIPlugin:80 - create IPUIPlugin
2026-04-26 19:28:30,603 [INFO] PluginManager:220 - loadIPPluginJar : add pdm2pcm
2026-04-26 19:28:30,620 [INFO] IPUIPlugin:80 - create IPUIPlugin
2026-04-26 19:28:30,626 [INFO] PluginManager:220 - loadIPPluginJar : add plateformsettings
2026-04-26 19:28:30,630 [INFO] IPUIPlugin:80 - create IPUIPlugin
2026-04-26 19:28:30,630 [INFO] PluginManager:220 - loadIPPluginJar : add quadspi
2026-04-26 19:28:30,635 [INFO] IPUIPlugin:80 - create IPUIPlugin
2026-04-26 19:28:30,637 [INFO] PluginManager:220 - loadIPPluginJar : add radio
2026-04-26 19:28:30,645 [INFO] IPUIPlugin:80 - create IPUIPlugin
2026-04-26 19:28:30,646 [INFO] PluginManager:220 - loadIPPluginJar : add resmgrutility
2026-04-26 19:28:30,652 [INFO] IPUIPlugin:80 - create IPUIPlugin
2026-04-26 19:28:30,653 [INFO] PluginManager:220 - loadIPPluginJar : add sai
2026-04-26 19:28:30,659 [INFO] IPUIPlugin:80 - create IPUIPlugin
2026-04-26 19:28:30,659 [INFO] PluginManager:220 - loadIPPluginJar : add spi
2026-04-26 19:28:30,672 [INFO] IPUIPlugin:80 - create IPUIPlugin
2026-04-26 19:28:30,672 [INFO] PluginManager:220 - loadIPPluginJar : add stm32_wpan
2026-04-26 19:28:30,677 [INFO] IPUIPlugin:80 - create IPUIPlugin
2026-04-26 19:28:30,677 [INFO] PluginManager:220 - loadIPPluginJar : add tim
2026-04-26 19:28:30,687 [INFO] IPUIPlugin:80 - create IPUIPlugin
2026-04-26 19:28:30,687 [INFO] PluginManager:220 - loadIPPluginJar : add touchsensing
2026-04-26 19:28:30,695 [INFO] IPUIPlugin:80 - create IPUIPlugin
2026-04-26 19:28:30,696 [INFO] PluginManager:220 - loadIPPluginJar : add tracer_emb
2026-04-26 19:28:30,702 [INFO] IPUIPlugin:80 - create IPUIPlugin
2026-04-26 19:28:30,702 [INFO] PluginManager:220 - loadIPPluginJar : add ts
2026-04-26 19:28:30,709 [INFO] IPUIPlugin:80 - create IPUIPlugin
2026-04-26 19:28:30,709 [INFO] PluginManager:220 - loadIPPluginJar : add tsc
2026-04-26 19:28:30,715 [INFO] IPUIPlugin:80 - create IPUIPlugin
2026-04-26 19:28:30,716 [INFO] PluginManager:220 - loadIPPluginJar : add ucpd
2026-04-26 19:28:30,726 [INFO] IPUIPlugin:80 - create IPUIPlugin
2026-04-26 19:28:30,728 [INFO] PluginManager:220 - loadIPPluginJar : add usart
2026-04-26 19:28:30,739 [INFO] IPUIPlugin:80 - create IPUIPlugin
2026-04-26 19:28:30,739 [INFO] PluginManager:220 - loadIPPluginJar : add usbx
2026-04-26 19:28:30,963 [FATAL] Updater:351 - Updater called before beeing initialized
2026-04-26 19:28:31,029 [INFO] RulesReader:64 - Compatibility file has been processed (302 Rules)
2026-04-26 19:28:31,055 [INFO] RulesReader:64 - Compatibility file has been processed (302 Rules)
2026-04-26 19:28:31,072 [INFO] CADModel:165 - CPN selected for project level
2026-04-26 19:28:31,073 [INFO] CADModel:114 - Register for checkConnection events
2026-04-26 19:28:31,073 [FATAL] Updater:351 - Updater called before beeing initialized
2026-04-26 19:28:31,073 [ERROR] CADModel:125 - Updater not yet initialized, retry later 
2026-04-26 19:28:31,452 [FATAL] Updater:351 - Updater called before beeing initialized
2026-04-26 19:28:31,458 [INFO] CADModel:165 - CPN selected for project level
2026-04-26 19:28:31,458 [INFO] CADModel:114 - Register for checkConnection events
2026-04-26 19:28:31,459 [FATAL] Updater:351 - Updater called before beeing initialized
2026-04-26 19:28:31,459 [ERROR] CADModel:125 - Updater not yet initialized, retry later 
2026-04-26 19:28:31,467 [FATAL] Updater:351 - Updater called before beeing initialized
2026-04-26 19:28:31,756 [FATAL] Updater:351 - Updater called before beeing initialized
2026-04-26 19:28:31,765 [INFO] ThirdPartyUpdaterWithRetryManager:70 - Updater plugin not ready yet. [2/15]
2026-04-26 19:28:31,765 [INFO] DbMcusAds:53 - JSON generation date=Thu Mar 05 20:02:52 IST 2026 (1772721172890)
2026-04-26 19:28:31,765 [FATAL] Updater:351 - Updater called before beeing initialized
2026-04-26 19:28:31,858 [WARN] DetailPanel:346 - Failed to get advertising image, set to default
2026-04-26 19:28:32,538 [FATAL] Updater:351 - Updater called before beeing initialized
2026-04-26 19:28:32,546 [FATAL] Updater:351 - Updater called before beeing initialized
2026-04-26 19:28:32,546 [FATAL] Updater:351 - Updater called before beeing initialized
2026-04-26 19:28:32,546 [WARN] DetailPanel:346 - Failed to get advertising image, set to default
2026-04-26 19:28:32,550 [FATAL] Updater:351 - Updater called before beeing initialized
2026-04-26 19:28:32,703 [ERROR] Updater:1198 - MainUpdater not yet initialized. External WinMGr cannot be set.
2026-04-26 19:28:32,710 [INFO] Updater:1134 - Updater Version found : 6.14.1
2026-04-26 19:28:32,772 [INFO] ApplicationProperties:184 - Using Application install path: C:\ST\STM32CubeIDE_1.18.1\STM32CubeIDE\plugins\com.st.stm32cube.common.mx_6.14.1.202504091515
2026-04-26 19:28:34,381 [ERROR] LogOutputStream:75 - [STDERR_REDIRECT] Apr 26, 2026 7:28:34 PM java.util.prefs.WindowsPreferences <init>
2026-04-26 19:28:34,384 [ERROR] LogOutputStream:75 - [STDERR_REDIRECT] WARNING: Could not open/create prefs root node Software\JavaSoft\Prefs at root 0xffffffff80000002. Windows RegCreateKeyEx(...) returned error code 5.
2026-04-26 19:28:34,385 [ERROR] LogOutputStream:75 - [STDERR_REDIRECT] 
2026-04-26 19:28:34,767 [FATAL] Updater:351 - Updater called before beeing initialized
2026-04-26 19:28:34,768 [ERROR] IntegrityCheckThread:130 - Cannot retrieve database content from updater: error 21
2026-04-26 19:28:34,769 [INFO] ThirdParty:978 - Integrity check success = false
2026-04-26 19:28:34,769 [INFO] IntegrityCheckThread:100 - exiting critical section [integrity check]
2026-04-26 19:28:34,769 [INFO] IntegrityCheckThread:103 - End integrity checks thread
2026-04-26 19:28:35,811 [INFO] MainUpdater:2872 - connection check result : 10
2026-04-26 19:28:35,812 [INFO] MainUpdater:289 - Updater Check For Update Now.
2026-04-26 19:28:35,812 [INFO] MicroXplorer:498 - Change Database Version : DB.6.0.141
2026-04-26 19:28:35,826 [INFO] McuFinderGlobals:63 - Set McuFinder mode to 2 (CubeIDE integrated)
2026-04-26 19:28:35,828 [INFO] UserAuth:484 - Internet connection configuration mode: 1
2026-04-26 19:28:35,913 [INFO] JxBrowserEngine:152 - Initiate JxBrowser Engine with user profile folder
2026-04-26 19:28:36,264 [INFO] CheckServerUpdateThread:120 - End of CheckServer Thread
2026-04-26 19:28:40,472 [INFO] WebApp:169 - Instantiating new browser for Auth
2026-04-26 19:28:42,263 [INFO] WebApp:463 - Apply proxy settings
2026-04-26 19:28:42,264 [INFO] WebApp:548 - Chromium requires no authentication
2026-04-26 19:28:42,284 [INFO] WebApp:491 - Direct internet connection detected
2026-04-26 19:28:42,340 [INFO] WebApp:894 - Register for checkConnection events
2026-04-26 19:28:42,340 [INFO] WebApp:463 - Apply proxy settings
2026-04-26 19:28:42,341 [INFO] WebApp:548 - Chromium requires no authentication
2026-04-26 19:28:42,342 [INFO] WebApp:491 - Direct internet connection detected
2026-04-26 19:28:42,817 [INFO] WebApp:191 - Connection restablished
2026-04-26 19:28:43,051 [INFO] WebApp:225 - Starting web application
2026-04-26 19:28:43,052 [INFO] WebApp:593 - Web application path used C:\ST\STM32CubeIDE_1.18.1\STM32CubeIDE\plugins\com.st.stm32cube.common.mx_6.14.1.202504091515\db\plugins\mcufinder\reactClient1\index.html
2026-04-26 19:28:44,180 [INFO] UserAuth:484 - Internet connection configuration mode: 1
2026-04-26 19:37:21,690 [ERROR] ConfigurationRetriever:142 - IOException on connection: Read timed out
2026-04-26 22:42:01,586 [INFO] WebApp:194 - Connection lost
2026-04-26 22:42:02,173 [INFO] WebApp:191 - Connection restablished
