2026-04-19 09:21:11,594 [INFO] Activator:176 - 


2026-04-19 09:21:11,610 [INFO] Activator:177 - !SESSION log4j initialized
2026-04-19 09:21:25,885 [INFO] LogOutputStream:77 - [STDOUT_REDIRECT] 
2026-04-19 09:21:29,114 [INFO] ApplicationProperties:184 - Using Application install path: C:\ST\STM32CubeIDE_1.18.1\STM32CubeIDE\plugins\com.st.stm32cube.common.mx_6.14.1.202504091515
2026-04-19 09:21:29,163 [INFO] DbMcusXml:78 - Set database path to: C:\ST\STM32CubeIDE_1.18.1\STM32CubeIDE\plugins\com.st.stm32cube.common.mx_6.14.1.202504091515\\db\/mcu/
2026-04-19 09:21:29,164 [INFO] ApiDb:274 - Set plugin database path to: C:\ST\STM32CubeIDE_1.18.1\STM32CubeIDE\plugins\com.st.stm32cube.common.mx_6.14.1.202504091515\\db\/plugins/boardmanager/
2026-04-19 09:21:29,165 [WARN] ApiDb:259 - Overriding images path with different value:  => C:\ST\STM32CubeIDE_1.18.1\STM32CubeIDE\plugins\com.st.stm32cube.common.mx_6.14.1.202504091515\\db\/plugins/mcufinder/images/
2026-04-19 09:21:29,192 [INFO] ApiDb:250 - Set database path to: C:\Users\HP\.stmcufinder\plugins\mcufinder//mcu/
2026-04-19 09:21:29,196 [INFO] DbMcusAds:125 - Set database path to: C:\Users\HP\.stmcufinder\plugins\mcufinder//mcu/
2026-04-19 09:21:29,203 [INFO] CrossReferenceDbSqlite:203 - Set database path to: C:\Users\HP\.stmcufinder\plugins\mcufinder//mcu/cs/
2026-04-19 09:21:29,509 [INFO] RulesReader:64 - Compatibility file has been processed (302 Rules)
2026-04-19 09:21:29,727 [INFO] DbMcusXml:78 - Set database path to: C:\ST\STM32CubeIDE_1.18.1\STM32CubeIDE\plugins\com.st.stm32cube.common.mx_6.14.1.202504091515\\db\/mcu/
2026-04-19 09:21:29,727 [INFO] ApiDb:274 - Set plugin database path to: C:\ST\STM32CubeIDE_1.18.1\STM32CubeIDE\plugins\com.st.stm32cube.common.mx_6.14.1.202504091515\\db\/plugins/boardmanager/
2026-04-19 09:21:29,727 [INFO] ApiDb:261 - Set plugin images path to: C:\ST\STM32CubeIDE_1.18.1\STM32CubeIDE\plugins\com.st.stm32cube.common.mx_6.14.1.202504091515\\db\/plugins/mcufinder/images/
2026-04-19 09:21:29,729 [WARN] DbFile:41 - Overriding database path with different value: C:\Users\HP\.stmcufinder\plugins\mcufinder/ => C:\Users\HP\.stmcufinder\plugins\mcufinder
2026-04-19 09:21:29,729 [INFO] ApiDb:250 - Set database path to: C:\Users\HP\.stmcufinder\plugins\mcufinder//mcu/
2026-04-19 09:21:29,729 [WARN] DbFile:41 - Overriding database path with different value: C:\Users\HP\.stmcufinder\plugins\mcufinder/ => C:\Users\HP\.stmcufinder\plugins\mcufinder
2026-04-19 09:21:29,729 [INFO] DbMcusAds:125 - Set database path to: C:\Users\HP\.stmcufinder\plugins\mcufinder//mcu/
2026-04-19 09:21:29,730 [WARN] DbFile:41 - Overriding database path with different value: C:\Users\HP\.stmcufinder\plugins\mcufinder/ => C:\Users\HP\.stmcufinder\plugins\mcufinder
2026-04-19 09:21:29,730 [WARN] DbFile:41 - Overriding database path with different value: C:\Users\HP\.stmcufinder\plugins\mcufinder/ => C:\Users\HP\.stmcufinder\plugins\mcufinder
2026-04-19 09:21:29,730 [INFO] CrossReferenceDbSqlite:203 - Set database path to: C:\Users\HP\.stmcufinder\plugins\mcufinder//mcu/cs/
2026-04-19 09:21:29,921 [INFO] MainPanel:272 - HeapMemory: 268435456
2026-04-19 09:21:30,198 [INFO] DbMcusXml:78 - Set database path to: C:\ST\STM32CubeIDE_1.18.1\STM32CubeIDE\plugins\com.st.stm32cube.common.mx_6.14.1.202504091515\\db\/mcu/
2026-04-19 09:21:30,199 [INFO] ApiDb:274 - Set plugin database path to: C:\ST\STM32CubeIDE_1.18.1\STM32CubeIDE\plugins\com.st.stm32cube.common.mx_6.14.1.202504091515\\db\/plugins/boardmanager/
2026-04-19 09:21:30,199 [INFO] ApiDb:261 - Set plugin images path to: C:\ST\STM32CubeIDE_1.18.1\STM32CubeIDE\plugins\com.st.stm32cube.common.mx_6.14.1.202504091515\\db\/plugins/mcufinder/images/
2026-04-19 09:21:30,201 [WARN] DbFile:41 - Overriding database path with different value: C:\Users\HP\.stmcufinder\plugins\mcufinder/ => C:\Users\HP\.stmcufinder\plugins\mcufinder
2026-04-19 09:21:30,201 [INFO] ApiDb:250 - Set database path to: C:\Users\HP\.stmcufinder\plugins\mcufinder//mcu/
2026-04-19 09:21:30,201 [WARN] DbFile:41 - Overriding database path with different value: C:\Users\HP\.stmcufinder\plugins\mcufinder/ => C:\Users\HP\.stmcufinder\plugins\mcufinder
2026-04-19 09:21:30,202 [INFO] DbMcusAds:125 - Set database path to: C:\Users\HP\.stmcufinder\plugins\mcufinder//mcu/
2026-04-19 09:21:30,202 [WARN] DbFile:41 - Overriding database path with different value: C:\Users\HP\.stmcufinder\plugins\mcufinder/ => C:\Users\HP\.stmcufinder\plugins\mcufinder
2026-04-19 09:21:30,202 [WARN] DbFile:41 - Overriding database path with different value: C:\Users\HP\.stmcufinder\plugins\mcufinder/ => C:\Users\HP\.stmcufinder\plugins\mcufinder
2026-04-19 09:21:30,202 [INFO] CrossReferenceDbSqlite:203 - Set database path to: C:\Users\HP\.stmcufinder\plugins\mcufinder//mcu/cs/
2026-04-19 09:21:30,265 [INFO] ApplicationProperties:184 - Using Application install path: C:\ST\STM32CubeIDE_1.18.1\STM32CubeIDE\plugins\com.st.stm32cube.common.mx_6.14.1.202504091515
2026-04-19 09:21:30,270 [INFO] PluginManage:196 - Search for loadable plugins [exclusion list=, ]
2026-04-19 09:21:30,276 [INFO] PluginManage:310 - Check plugin analytics
2026-04-19 09:21:30,750 [INFO] AnalyticsPlugin:253 - Accepted Software Licenses: 
2026-04-19 09:21:30,751 [INFO] AnalyticsPlugin:255 - Accepted CMSIS Pack Licenses: 
2026-04-19 09:21:30,752 [INFO] AnalyticsPlugin:257 - Accepted Firmware Licenses: FW.F4.1.28.0
2026-04-19 09:21:30,758 [INFO] PluginManage:359 - Loaded plugin analytics (category:tool,tabindex:-1)
2026-04-19 09:21:30,759 [INFO] PluginManage:310 - Check plugin cadmodel
2026-04-19 09:21:30,779 [INFO] CADModel:105 - Init CAD model plugin
2026-04-19 09:21:30,780 [INFO] PluginManage:359 - Loaded plugin cadmodel (category:power,tabindex:5)
2026-04-19 09:21:30,781 [INFO] PluginManage:310 - Check plugin clock
2026-04-19 09:21:30,822 [INFO] PluginManage:359 - Loaded plugin clock (category:base,tabindex:2)
2026-04-19 09:21:30,822 [INFO] PluginManage:310 - Check plugin ddr
2026-04-19 09:21:30,832 [INFO] PluginManage:359 - Loaded plugin ddr (category:tool,tabindex:6)
2026-04-19 09:21:30,833 [INFO] PluginManage:310 - Check plugin filemanager
2026-04-19 09:21:31,311 [INFO] PluginManage:359 - Loaded plugin filemanager (category:base,tabindex:10)
2026-04-19 09:21:31,311 [INFO] PluginManage:310 - Check plugin ipmanager
2026-04-19 09:21:31,332 [INFO] PluginManage:359 - Loaded plugin ipmanager (category:base,tabindex:5)
2026-04-19 09:21:31,333 [INFO] PluginManage:310 - Check plugin lpbam
2026-04-19 09:21:31,362 [INFO] PluginManage:359 - Loaded plugin lpbam (category:base,tabindex:0)
2026-04-19 09:21:31,363 [INFO] PluginManage:310 - Check plugin memorymap
2026-04-19 09:21:31,405 [INFO] PluginManage:359 - Loaded plugin memorymap (category:base,tabindex:4)
2026-04-19 09:21:31,407 [INFO] PluginManage:310 - Check plugin pinoutandconfiguration
2026-04-19 09:21:31,434 [INFO] PluginManage:359 - Loaded plugin pinoutandconfiguration (category:base,tabindex:1)
2026-04-19 09:21:31,434 [INFO] PluginManage:310 - Check plugin pinoutconfig
2026-04-19 09:21:31,743 [WARN] SupportedApi:132 - Cannot load RTOS API schema: s4s-elt-must-match.1: The content of 'definitions' must match (annotation?, (simpleType | complexType)?, (unique | key | keyref)*)). A problem was found starting at: attribute.
2026-04-19 09:21:32,219 [INFO] PluginManage:359 - Loaded plugin pinoutconfig (category:base,tabindex:0)
2026-04-19 09:21:32,220 [INFO] PluginManage:310 - Check plugin power
2026-04-19 09:21:32,256 [INFO] PluginManage:359 - Loaded plugin power (category:power,tabindex:4)
2026-04-19 09:21:32,256 [INFO] PluginManage:310 - Check plugin projectmanager
2026-04-19 09:21:32,314 [INFO] PluginManage:359 - Loaded plugin projectmanager (category:projectmanager,tabindex:4)
2026-04-19 09:21:32,315 [INFO] PluginManage:310 - Check plugin rif
2026-04-19 09:21:32,349 [INFO] PluginManage:359 - Loaded plugin rif (category:base,tabindex:3)
2026-04-19 09:21:32,351 [INFO] PluginManage:310 - Check plugin thirdparty
2026-04-19 09:21:32,869 [INFO] PluginManage:359 - Loaded plugin thirdparty (category:base,tabindex:-1)
2026-04-19 09:21:32,869 [WARN] IntegrityCheckThread:84 - waiting for thirdparty lock release [integrity check]
2026-04-19 09:21:32,869 [INFO] PluginManage:310 - Check plugin tools
2026-04-19 09:21:32,870 [INFO] IntegrityCheckThread:86 - entering critical section [integrity check]
2026-04-19 09:21:32,870 [INFO] ThirdPartyUpdaterWithRetryManager:70 - Updater plugin not ready yet. [1/15]
2026-04-19 09:21:32,876 [INFO] PluginManage:359 - Loaded plugin tools (category:base,tabindex:7)
2026-04-19 09:21:32,876 [INFO] PluginManage:310 - Check plugin tutovideos
2026-04-19 09:21:33,371 [INFO] PluginManage:359 - Loaded plugin tutovideos (category:base,tabindex:-1)
2026-04-19 09:21:33,371 [INFO] PluginManage:310 - Check plugin updater
2026-04-19 09:21:33,438 [INFO] PluginManage:359 - Loaded plugin updater (category:base,tabindex:12)
2026-04-19 09:21:33,439 [INFO] PluginManage:310 - Check plugin userauth
2026-04-19 09:21:33,450 [INFO] UserAuth:118 - Init User Auth plugin
2026-04-19 09:21:33,453 [INFO] PluginManage:359 - Loaded plugin userauth (category:base,tabindex:14)
2026-04-19 09:21:33,455 [INFO] PluginManage:283 - PluginManage : Loaded plugins [18]
2026-04-19 09:21:34,123 [INFO] PinOutPanel:1589 - setPackage(No Configuration,No Configuration)
2026-04-19 09:21:34,375 [INFO] CADModel:165 - CPN selected for project level
2026-04-19 09:21:34,376 [INFO] CADModel:114 - Register for checkConnection events
2026-04-19 09:21:34,417 [INFO] IPUIPlugin:80 - create IPUIPlugin
2026-04-19 09:21:34,418 [INFO] PluginManager:220 - loadIPPluginJar : add adc
2026-04-19 09:21:34,424 [INFO] IPUIPlugin:80 - create IPUIPlugin
2026-04-19 09:21:34,424 [INFO] PluginManager:220 - loadIPPluginJar : add aes
2026-04-19 09:21:34,433 [INFO] IPUIPlugin:80 - create IPUIPlugin
2026-04-19 09:21:34,433 [INFO] PluginManager:220 - loadIPPluginJar : add can
2026-04-19 09:21:34,438 [INFO] IPUIPlugin:80 - create IPUIPlugin
2026-04-19 09:21:34,438 [INFO] PluginManager:220 - loadIPPluginJar : add comp
2026-04-19 09:21:34,446 [INFO] IPUIPlugin:80 - create IPUIPlugin
2026-04-19 09:21:34,446 [INFO] PluginManager:220 - loadIPPluginJar : add cryp
2026-04-19 09:21:34,454 [INFO] IPUIPlugin:80 - create IPUIPlugin
2026-04-19 09:21:34,454 [INFO] PluginManager:220 - loadIPPluginJar : add ddr_ctrl_phy
2026-04-19 09:21:34,461 [INFO] IPUIPlugin:80 - create IPUIPlugin
2026-04-19 09:21:34,462 [INFO] PluginManager:220 - loadIPPluginJar : add dfsdm
2026-04-19 09:21:34,476 [INFO] IPUIPlugin:80 - create IPUIPlugin
2026-04-19 09:21:34,476 [INFO] PluginManager:220 - loadIPPluginJar : add dma
2026-04-19 09:21:34,484 [INFO] IPUIPlugin:80 - create IPUIPlugin
2026-04-19 09:21:34,484 [INFO] PluginManager:220 - loadIPPluginJar : add dma3
2026-04-19 09:21:34,491 [INFO] IPUIPlugin:80 - create IPUIPlugin
2026-04-19 09:21:34,491 [INFO] PluginManager:220 - loadIPPluginJar : add extmemmanager
2026-04-19 09:21:34,496 [INFO] IPUIPlugin:80 - create IPUIPlugin
2026-04-19 09:21:34,496 [INFO] PluginManager:220 - loadIPPluginJar : add fatfs
2026-04-19 09:21:34,508 [INFO] IPUIPlugin:80 - create IPUIPlugin
2026-04-19 09:21:34,508 [INFO] PluginManager:220 - loadIPPluginJar : add fmc
2026-04-19 09:21:34,523 [INFO] IPUIPlugin:80 - create IPUIPlugin
2026-04-19 09:21:34,524 [INFO] PluginManager:220 - loadIPPluginJar : add freertos
2026-04-19 09:21:34,527 [INFO] IPUIPlugin:80 - create IPUIPlugin
2026-04-19 09:21:34,528 [INFO] PluginManager:220 - loadIPPluginJar : add genericplugin
2026-04-19 09:21:34,535 [INFO] IPUIPlugin:80 - create IPUIPlugin
2026-04-19 09:21:34,535 [INFO] PluginManager:220 - loadIPPluginJar : add gfxmmu
2026-04-19 09:21:34,547 [INFO] IPUIPlugin:80 - create IPUIPlugin
2026-04-19 09:21:34,548 [INFO] PluginManager:220 - loadIPPluginJar : add gic
2026-04-19 09:21:34,558 [INFO] IPUIPlugin:80 - create IPUIPlugin
2026-04-19 09:21:34,558 [INFO] PluginManager:220 - loadIPPluginJar : add gpio
2026-04-19 09:21:34,564 [INFO] IPUIPlugin:80 - create IPUIPlugin
2026-04-19 09:21:34,565 [INFO] PluginManager:220 - loadIPPluginJar : add gtzc
2026-04-19 09:21:34,572 [INFO] IPUIPlugin:80 - create IPUIPlugin
2026-04-19 09:21:34,574 [INFO] PluginManager:220 - loadIPPluginJar : add hash
2026-04-19 09:21:34,582 [INFO] IPUIPlugin:80 - create IPUIPlugin
2026-04-19 09:21:34,582 [INFO] PluginManager:220 - loadIPPluginJar : add i2c
2026-04-19 09:21:34,592 [INFO] IPUIPlugin:80 - create IPUIPlugin
2026-04-19 09:21:34,593 [INFO] PluginManager:220 - loadIPPluginJar : add i2s
2026-04-19 09:21:34,602 [INFO] IPUIPlugin:80 - create IPUIPlugin
2026-04-19 09:21:34,603 [INFO] PluginManager:220 - loadIPPluginJar : add i3c
2026-04-19 09:21:34,612 [INFO] IPUIPlugin:80 - create IPUIPlugin
2026-04-19 09:21:34,612 [INFO] PluginManager:220 - loadIPPluginJar : add ipddr
2026-04-19 09:21:34,633 [INFO] IPUIPlugin:80 - create IPUIPlugin
2026-04-19 09:21:34,633 [INFO] PluginManager:220 - loadIPPluginJar : add linkedlist
2026-04-19 09:21:34,643 [INFO] IPUIPlugin:80 - create IPUIPlugin
2026-04-19 09:21:34,643 [INFO] PluginManager:220 - loadIPPluginJar : add lorawan
2026-04-19 09:21:34,649 [INFO] IPUIPlugin:80 - create IPUIPlugin
2026-04-19 09:21:34,650 [INFO] PluginManager:220 - loadIPPluginJar : add ltdc
2026-04-19 09:21:34,667 [INFO] IPUIPlugin:80 - create IPUIPlugin
2026-04-19 09:21:34,668 [INFO] PluginManager:220 - loadIPPluginJar : add mdma
2026-04-19 09:21:34,679 [INFO] IPUIPlugin:80 - create IPUIPlugin
2026-04-19 09:21:34,680 [INFO] PluginManager:220 - loadIPPluginJar : add nvic
2026-04-19 09:21:34,692 [INFO] IPUIPlugin:80 - create IPUIPlugin
2026-04-19 09:21:34,693 [INFO] PluginManager:220 - loadIPPluginJar : add opamp
2026-04-19 09:21:34,705 [INFO] IPUIPlugin:80 - create IPUIPlugin
2026-04-19 09:21:34,706 [INFO] PluginManager:220 - loadIPPluginJar : add openamp
2026-04-19 09:21:34,718 [INFO] IPUIPlugin:80 - create IPUIPlugin
2026-04-19 09:21:34,718 [INFO] PluginManager:220 - loadIPPluginJar : add pdm2pcm
2026-04-19 09:21:34,736 [INFO] IPUIPlugin:80 - create IPUIPlugin
2026-04-19 09:21:34,743 [INFO] PluginManager:220 - loadIPPluginJar : add plateformsettings
2026-04-19 09:21:34,752 [INFO] IPUIPlugin:80 - create IPUIPlugin
2026-04-19 09:21:34,753 [INFO] PluginManager:220 - loadIPPluginJar : add quadspi
2026-04-19 09:21:34,756 [INFO] IPUIPlugin:80 - create IPUIPlugin
2026-04-19 09:21:34,759 [INFO] PluginManager:220 - loadIPPluginJar : add radio
2026-04-19 09:21:34,768 [INFO] IPUIPlugin:80 - create IPUIPlugin
2026-04-19 09:21:34,768 [INFO] PluginManager:220 - loadIPPluginJar : add resmgrutility
2026-04-19 09:21:34,775 [INFO] IPUIPlugin:80 - create IPUIPlugin
2026-04-19 09:21:34,776 [INFO] PluginManager:220 - loadIPPluginJar : add sai
2026-04-19 09:21:34,781 [INFO] IPUIPlugin:80 - create IPUIPlugin
2026-04-19 09:21:34,781 [INFO] PluginManager:220 - loadIPPluginJar : add spi
2026-04-19 09:21:34,795 [INFO] IPUIPlugin:80 - create IPUIPlugin
2026-04-19 09:21:34,797 [INFO] PluginManager:220 - loadIPPluginJar : add stm32_wpan
2026-04-19 09:21:34,802 [INFO] IPUIPlugin:80 - create IPUIPlugin
2026-04-19 09:21:34,802 [INFO] PluginManager:220 - loadIPPluginJar : add tim
2026-04-19 09:21:34,810 [INFO] IPUIPlugin:80 - create IPUIPlugin
2026-04-19 09:21:34,811 [INFO] PluginManager:220 - loadIPPluginJar : add touchsensing
2026-04-19 09:21:34,816 [INFO] IPUIPlugin:80 - create IPUIPlugin
2026-04-19 09:21:34,816 [INFO] PluginManager:220 - loadIPPluginJar : add tracer_emb
2026-04-19 09:21:34,820 [INFO] IPUIPlugin:80 - create IPUIPlugin
2026-04-19 09:21:34,821 [INFO] PluginManager:220 - loadIPPluginJar : add ts
2026-04-19 09:21:34,826 [INFO] IPUIPlugin:80 - create IPUIPlugin
2026-04-19 09:21:34,827 [INFO] PluginManager:220 - loadIPPluginJar : add tsc
2026-04-19 09:21:34,832 [INFO] IPUIPlugin:80 - create IPUIPlugin
2026-04-19 09:21:34,834 [INFO] PluginManager:220 - loadIPPluginJar : add ucpd
2026-04-19 09:21:34,841 [INFO] IPUIPlugin:80 - create IPUIPlugin
2026-04-19 09:21:34,842 [INFO] PluginManager:220 - loadIPPluginJar : add usart
2026-04-19 09:21:34,850 [INFO] IPUIPlugin:80 - create IPUIPlugin
2026-04-19 09:21:34,851 [INFO] PluginManager:220 - loadIPPluginJar : add usbx
2026-04-19 09:21:35,094 [FATAL] Updater:351 - Updater called before beeing initialized
2026-04-19 09:21:35,176 [INFO] RulesReader:64 - Compatibility file has been processed (302 Rules)
2026-04-19 09:21:35,204 [INFO] RulesReader:64 - Compatibility file has been processed (302 Rules)
2026-04-19 09:21:35,222 [INFO] CADModel:165 - CPN selected for project level
2026-04-19 09:21:35,222 [INFO] CADModel:114 - Register for checkConnection events
2026-04-19 09:21:35,223 [FATAL] Updater:351 - Updater called before beeing initialized
2026-04-19 09:21:35,223 [ERROR] CADModel:125 - Updater not yet initialized, retry later 
2026-04-19 09:21:35,740 [FATAL] Updater:351 - Updater called before beeing initialized
2026-04-19 09:21:35,746 [INFO] CADModel:165 - CPN selected for project level
2026-04-19 09:21:35,746 [INFO] CADModel:114 - Register for checkConnection events
2026-04-19 09:21:35,747 [FATAL] Updater:351 - Updater called before beeing initialized
2026-04-19 09:21:35,747 [ERROR] CADModel:125 - Updater not yet initialized, retry later 
2026-04-19 09:21:35,755 [FATAL] Updater:351 - Updater called before beeing initialized
2026-04-19 09:21:35,873 [INFO] ThirdPartyUpdaterWithRetryManager:70 - Updater plugin not ready yet. [2/15]
2026-04-19 09:21:36,117 [FATAL] Updater:351 - Updater called before beeing initialized
2026-04-19 09:21:36,129 [INFO] DbMcusAds:53 - JSON generation date=Thu Mar 05 20:02:52 IST 2026 (1772721172890)
2026-04-19 09:21:36,129 [FATAL] Updater:351 - Updater called before beeing initialized
2026-04-19 09:21:36,224 [WARN] DetailPanel:346 - Failed to get advertising image, set to default
2026-04-19 09:21:36,896 [FATAL] Updater:351 - Updater called before beeing initialized
2026-04-19 09:21:36,901 [FATAL] Updater:351 - Updater called before beeing initialized
2026-04-19 09:21:36,901 [FATAL] Updater:351 - Updater called before beeing initialized
2026-04-19 09:21:36,901 [WARN] DetailPanel:346 - Failed to get advertising image, set to default
2026-04-19 09:21:36,903 [FATAL] Updater:351 - Updater called before beeing initialized
2026-04-19 09:21:37,038 [ERROR] Updater:1198 - MainUpdater not yet initialized. External WinMGr cannot be set.
2026-04-19 09:21:37,044 [INFO] Updater:1134 - Updater Version found : 6.14.1
2026-04-19 09:21:37,088 [INFO] ApplicationProperties:184 - Using Application install path: C:\ST\STM32CubeIDE_1.18.1\STM32CubeIDE\plugins\com.st.stm32cube.common.mx_6.14.1.202504091515
2026-04-19 09:21:38,715 [ERROR] LogOutputStream:75 - [STDERR_REDIRECT] Apr 19, 2026 9:21:38 AM java.util.prefs.WindowsPreferences <init>
2026-04-19 09:21:38,719 [ERROR] LogOutputStream:75 - [STDERR_REDIRECT] WARNING: Could not open/create prefs root node Software\JavaSoft\Prefs at root 0xffffffff80000002. Windows RegCreateKeyEx(...) returned error code 5.
2026-04-19 09:21:38,719 [ERROR] LogOutputStream:75 - [STDERR_REDIRECT] 
2026-04-19 09:21:38,874 [FATAL] Updater:351 - Updater called before beeing initialized
2026-04-19 09:21:38,875 [ERROR] IntegrityCheckThread:130 - Cannot retrieve database content from updater: error 21
2026-04-19 09:21:38,876 [INFO] ThirdParty:978 - Integrity check success = false
2026-04-19 09:21:38,876 [INFO] IntegrityCheckThread:100 - exiting critical section [integrity check]
2026-04-19 09:21:38,876 [INFO] IntegrityCheckThread:103 - End integrity checks thread
2026-04-19 09:21:40,018 [INFO] MainUpdater:2872 - connection check result : 10
2026-04-19 09:21:40,019 [INFO] MainUpdater:3566 - Updater definition file requires update
2026-04-19 09:21:40,021 [INFO] MainUpdater:289 - Updater Check For Update Now.
2026-04-19 09:21:40,021 [INFO] MicroXplorer:498 - Change Database Version : DB.6.0.141
2026-04-19 09:21:40,036 [INFO] McuFinderGlobals:63 - Set McuFinder mode to 2 (CubeIDE integrated)
2026-04-19 09:21:40,038 [INFO] UserAuth:484 - Internet connection configuration mode: 1
2026-04-19 09:21:40,078 [INFO] JxBrowserEngine:152 - Initiate JxBrowser Engine with user profile folder
2026-04-19 09:21:41,595 [INFO] ServerAccessManage:473 - Download File updaters.zip
2026-04-19 09:21:41,893 [INFO] FileExtend:242 - Unzip File : updaters.zip
2026-04-19 09:21:41,894 [INFO] FileExtend:257 - Standard Zip Deflate
2026-04-19 09:21:43,712 [INFO] ServerAccessManage:473 - Download File PacksControlFlags.xml
2026-04-19 09:21:44,555 [INFO] ServerAccessManage:473 - Download File cubemx.pidx
2026-04-19 09:21:44,563 [INFO] WebApp:169 - Instantiating new browser for Auth
2026-04-19 09:21:47,182 [INFO] WebApp:463 - Apply proxy settings
2026-04-19 09:21:47,183 [INFO] WebApp:548 - Chromium requires no authentication
2026-04-19 09:21:47,201 [INFO] WebApp:491 - Direct internet connection detected
2026-04-19 09:21:47,254 [INFO] WebApp:894 - Register for checkConnection events
2026-04-19 09:21:47,254 [INFO] WebApp:463 - Apply proxy settings
2026-04-19 09:21:47,256 [INFO] WebApp:548 - Chromium requires no authentication
2026-04-19 09:21:47,256 [INFO] WebApp:491 - Direct internet connection detected
2026-04-19 09:21:47,424 [INFO] ServerAccessManage:473 - Download File STMicroelectronics.X-CUBE-ST67W61.pdsc
2026-04-19 09:21:47,760 [INFO] WebApp:191 - Connection restablished
2026-04-19 09:21:47,842 [INFO] WebApp:225 - Starting web application
2026-04-19 09:21:47,843 [INFO] WebApp:593 - Web application path used C:\ST\STM32CubeIDE_1.18.1\STM32CubeIDE\plugins\com.st.stm32cube.common.mx_6.14.1.202504091515\db\plugins\mcufinder\reactClient1\index.html
2026-04-19 09:21:49,493 [INFO] UserAuth:484 - Internet connection configuration mode: 1
2026-04-19 09:21:50,250 [WARN] PopulateThirdPartyThread:106 - Error when creating pack: C:/Users/HP/.stm32cubemx/thirdparties/pdsc/STMicroelectronics.X-CUBE-ST67W61.pdsc
2026-04-19 09:21:50,251 [INFO] PopulateThirdPartyThread:66 - Ending populate Thread
2026-04-19 09:21:50,251 [INFO] LoadServerUpdatesThread:375 - End of LoadServerUpdate Thread
2026-04-19 09:21:50,536 [INFO] CheckServerUpdateThread:120 - End of CheckServer Thread
2026-04-19 10:51:14,587 [INFO] WebApp:194 - Connection lost
2026-04-19 10:51:16,553 [INFO] WebApp:191 - Connection restablished
2026-04-19 10:51:16,751 [INFO] WebApp:194 - Connection lost
2026-04-19 10:51:17,743 [INFO] WebApp:191 - Connection restablished
2026-04-19 16:50:13,351 [INFO] WebApp:194 - Connection lost
2026-04-19 16:50:14,241 [INFO] WebApp:191 - Connection restablished
2026-04-19 22:10:45,971 [INFO] WebApp:194 - Connection lost
2026-04-19 22:10:47,270 [INFO] WebApp:191 - Connection restablished
2026-04-19 23:54:49,963 [INFO] WebApp:194 - Connection lost
2026-04-19 23:54:52,283 [INFO] WebApp:191 - Connection restablished
