2026-05-08 00:48:05,082 [INFO] WebApp:194 - Connection lost
2026-05-08 00:48:09,383 [INFO] WebApp:191 - Connection restablished
2026-05-08 07:50:07,653 [INFO] WebApp:194 - Connection lost
2026-05-08 11:09:42,037 [INFO] WebApp:191 - Connection restablished
2026-05-08 15:45:30,114 [INFO] WebApp:194 - Connection lost
2026-05-08 15:45:33,668 [INFO] WebApp:191 - Connection restablished
2026-05-08 15:45:33,843 [INFO] WebApp:194 - Connection lost
2026-05-08 15:45:34,120 [INFO] WebApp:191 - Connection restablished
2026-05-08 15:45:36,276 [INFO] WebApp:194 - Connection lost
2026-05-08 15:45:37,428 [INFO] WebApp:191 - Connection restablished
2026-05-08 15:45:37,718 [INFO] WebApp:194 - Connection lost
2026-05-08 15:45:41,592 [INFO] WebApp:191 - Connection restablished
2026-05-08 18:19:34,492 [INFO] Activator:176 - 


2026-05-08 18:19:34,499 [INFO] Activator:177 - !SESSION log4j initialized
2026-05-08 18:19:53,273 [INFO] LogOutputStream:77 - [STDOUT_REDIRECT] 
2026-05-08 18:19:56,934 [INFO] ApplicationProperties:184 - Using Application install path: C:\ST\STM32CubeIDE_1.18.1\STM32CubeIDE\plugins\com.st.stm32cube.common.mx_6.14.1.202504091515
2026-05-08 18:19:56,984 [INFO] DbMcusXml:78 - Set database path to: C:\ST\STM32CubeIDE_1.18.1\STM32CubeIDE\plugins\com.st.stm32cube.common.mx_6.14.1.202504091515\\db\/mcu/
2026-05-08 18:19:56,984 [INFO] ApiDb:274 - Set plugin database path to: C:\ST\STM32CubeIDE_1.18.1\STM32CubeIDE\plugins\com.st.stm32cube.common.mx_6.14.1.202504091515\\db\/plugins/boardmanager/
2026-05-08 18:19:56,985 [WARN] ApiDb:259 - Overriding images path with different value:  => C:\ST\STM32CubeIDE_1.18.1\STM32CubeIDE\plugins\com.st.stm32cube.common.mx_6.14.1.202504091515\\db\/plugins/mcufinder/images/
2026-05-08 18:19:57,016 [INFO] ApiDb:250 - Set database path to: C:\Users\HP\.stmcufinder\plugins\mcufinder//mcu/
2026-05-08 18:19:57,020 [INFO] DbMcusAds:125 - Set database path to: C:\Users\HP\.stmcufinder\plugins\mcufinder//mcu/
2026-05-08 18:19:57,026 [INFO] CrossReferenceDbSqlite:203 - Set database path to: C:\Users\HP\.stmcufinder\plugins\mcufinder//mcu/cs/
2026-05-08 18:19:57,355 [INFO] RulesReader:64 - Compatibility file has been processed (302 Rules)
2026-05-08 18:19:57,609 [INFO] DbMcusXml:78 - Set database path to: C:\ST\STM32CubeIDE_1.18.1\STM32CubeIDE\plugins\com.st.stm32cube.common.mx_6.14.1.202504091515\\db\/mcu/
2026-05-08 18:19:57,609 [INFO] ApiDb:274 - Set plugin database path to: C:\ST\STM32CubeIDE_1.18.1\STM32CubeIDE\plugins\com.st.stm32cube.common.mx_6.14.1.202504091515\\db\/plugins/boardmanager/
2026-05-08 18:19:57,611 [INFO] ApiDb:261 - Set plugin images path to: C:\ST\STM32CubeIDE_1.18.1\STM32CubeIDE\plugins\com.st.stm32cube.common.mx_6.14.1.202504091515\\db\/plugins/mcufinder/images/
2026-05-08 18:19:57,611 [WARN] DbFile:41 - Overriding database path with different value: C:\Users\HP\.stmcufinder\plugins\mcufinder/ => C:\Users\HP\.stmcufinder\plugins\mcufinder
2026-05-08 18:19:57,612 [INFO] ApiDb:250 - Set database path to: C:\Users\HP\.stmcufinder\plugins\mcufinder//mcu/
2026-05-08 18:19:57,612 [WARN] DbFile:41 - Overriding database path with different value: C:\Users\HP\.stmcufinder\plugins\mcufinder/ => C:\Users\HP\.stmcufinder\plugins\mcufinder
2026-05-08 18:19:57,612 [INFO] DbMcusAds:125 - Set database path to: C:\Users\HP\.stmcufinder\plugins\mcufinder//mcu/
2026-05-08 18:19:57,612 [WARN] DbFile:41 - Overriding database path with different value: C:\Users\HP\.stmcufinder\plugins\mcufinder/ => C:\Users\HP\.stmcufinder\plugins\mcufinder
2026-05-08 18:19:57,612 [WARN] DbFile:41 - Overriding database path with different value: C:\Users\HP\.stmcufinder\plugins\mcufinder/ => C:\Users\HP\.stmcufinder\plugins\mcufinder
2026-05-08 18:19:57,612 [INFO] CrossReferenceDbSqlite:203 - Set database path to: C:\Users\HP\.stmcufinder\plugins\mcufinder//mcu/cs/
2026-05-08 18:19:57,830 [INFO] MainPanel:272 - HeapMemory: 268435456
2026-05-08 18:19:58,132 [INFO] DbMcusXml:78 - Set database path to: C:\ST\STM32CubeIDE_1.18.1\STM32CubeIDE\plugins\com.st.stm32cube.common.mx_6.14.1.202504091515\\db\/mcu/
2026-05-08 18:19:58,133 [INFO] ApiDb:274 - Set plugin database path to: C:\ST\STM32CubeIDE_1.18.1\STM32CubeIDE\plugins\com.st.stm32cube.common.mx_6.14.1.202504091515\\db\/plugins/boardmanager/
2026-05-08 18:19:58,133 [INFO] ApiDb:261 - Set plugin images path to: C:\ST\STM32CubeIDE_1.18.1\STM32CubeIDE\plugins\com.st.stm32cube.common.mx_6.14.1.202504091515\\db\/plugins/mcufinder/images/
2026-05-08 18:19:58,134 [WARN] DbFile:41 - Overriding database path with different value: C:\Users\HP\.stmcufinder\plugins\mcufinder/ => C:\Users\HP\.stmcufinder\plugins\mcufinder
2026-05-08 18:19:58,134 [INFO] ApiDb:250 - Set database path to: C:\Users\HP\.stmcufinder\plugins\mcufinder//mcu/
2026-05-08 18:19:58,135 [WARN] DbFile:41 - Overriding database path with different value: C:\Users\HP\.stmcufinder\plugins\mcufinder/ => C:\Users\HP\.stmcufinder\plugins\mcufinder
2026-05-08 18:19:58,135 [INFO] DbMcusAds:125 - Set database path to: C:\Users\HP\.stmcufinder\plugins\mcufinder//mcu/
2026-05-08 18:19:58,136 [WARN] DbFile:41 - Overriding database path with different value: C:\Users\HP\.stmcufinder\plugins\mcufinder/ => C:\Users\HP\.stmcufinder\plugins\mcufinder
2026-05-08 18:19:58,136 [WARN] DbFile:41 - Overriding database path with different value: C:\Users\HP\.stmcufinder\plugins\mcufinder/ => C:\Users\HP\.stmcufinder\plugins\mcufinder
2026-05-08 18:19:58,136 [INFO] CrossReferenceDbSqlite:203 - Set database path to: C:\Users\HP\.stmcufinder\plugins\mcufinder//mcu/cs/
2026-05-08 18:19:58,190 [INFO] ApplicationProperties:184 - Using Application install path: C:\ST\STM32CubeIDE_1.18.1\STM32CubeIDE\plugins\com.st.stm32cube.common.mx_6.14.1.202504091515
2026-05-08 18:19:58,194 [INFO] PluginManage:196 - Search for loadable plugins [exclusion list=, ]
2026-05-08 18:19:58,199 [INFO] PluginManage:310 - Check plugin analytics
2026-05-08 18:19:58,804 [INFO] AnalyticsPlugin:253 - Accepted Software Licenses: 
2026-05-08 18:19:58,805 [INFO] AnalyticsPlugin:255 - Accepted CMSIS Pack Licenses: 
2026-05-08 18:19:58,805 [INFO] AnalyticsPlugin:257 - Accepted Firmware Licenses: FW.F4.1.28.0
2026-05-08 18:19:58,814 [INFO] PluginManage:359 - Loaded plugin analytics (category:tool,tabindex:-1)
2026-05-08 18:19:58,815 [INFO] PluginManage:310 - Check plugin cadmodel
2026-05-08 18:19:58,829 [INFO] CADModel:105 - Init CAD model plugin
2026-05-08 18:19:58,829 [INFO] PluginManage:359 - Loaded plugin cadmodel (category:power,tabindex:5)
2026-05-08 18:19:58,830 [INFO] PluginManage:310 - Check plugin clock
2026-05-08 18:19:58,857 [INFO] PluginManage:359 - Loaded plugin clock (category:base,tabindex:2)
2026-05-08 18:19:58,858 [INFO] PluginManage:310 - Check plugin ddr
2026-05-08 18:19:58,864 [INFO] PluginManage:359 - Loaded plugin ddr (category:tool,tabindex:6)
2026-05-08 18:19:58,865 [INFO] PluginManage:310 - Check plugin filemanager
2026-05-08 18:19:59,277 [INFO] PluginManage:359 - Loaded plugin filemanager (category:base,tabindex:10)
2026-05-08 18:19:59,277 [INFO] PluginManage:310 - Check plugin ipmanager
2026-05-08 18:19:59,301 [INFO] PluginManage:359 - Loaded plugin ipmanager (category:base,tabindex:5)
2026-05-08 18:19:59,301 [INFO] PluginManage:310 - Check plugin lpbam
2026-05-08 18:19:59,341 [INFO] PluginManage:359 - Loaded plugin lpbam (category:base,tabindex:0)
2026-05-08 18:19:59,342 [INFO] PluginManage:310 - Check plugin memorymap
2026-05-08 18:19:59,393 [INFO] PluginManage:359 - Loaded plugin memorymap (category:base,tabindex:4)
2026-05-08 18:19:59,394 [INFO] PluginManage:310 - Check plugin pinoutandconfiguration
2026-05-08 18:19:59,427 [INFO] PluginManage:359 - Loaded plugin pinoutandconfiguration (category:base,tabindex:1)
2026-05-08 18:19:59,428 [INFO] PluginManage:310 - Check plugin pinoutconfig
2026-05-08 18:19:59,699 [WARN] SupportedApi:132 - Cannot load RTOS API schema: s4s-elt-must-match.1: The content of 'definitions' must match (annotation?, (simpleType | complexType)?, (unique | key | keyref)*)). A problem was found starting at: attribute.
2026-05-08 18:20:00,151 [INFO] PluginManage:359 - Loaded plugin pinoutconfig (category:base,tabindex:0)
2026-05-08 18:20:00,152 [INFO] PluginManage:310 - Check plugin power
2026-05-08 18:20:00,186 [INFO] PluginManage:359 - Loaded plugin power (category:power,tabindex:4)
2026-05-08 18:20:00,187 [INFO] PluginManage:310 - Check plugin projectmanager
2026-05-08 18:20:00,244 [INFO] PluginManage:359 - Loaded plugin projectmanager (category:projectmanager,tabindex:4)
2026-05-08 18:20:00,244 [INFO] PluginManage:310 - Check plugin rif
2026-05-08 18:20:00,266 [INFO] PluginManage:359 - Loaded plugin rif (category:base,tabindex:3)
2026-05-08 18:20:00,268 [INFO] PluginManage:310 - Check plugin thirdparty
2026-05-08 18:20:00,780 [INFO] PluginManage:359 - Loaded plugin thirdparty (category:base,tabindex:-1)
2026-05-08 18:20:00,781 [INFO] PluginManage:310 - Check plugin tools
2026-05-08 18:20:00,781 [WARN] IntegrityCheckThread:84 - waiting for thirdparty lock release [integrity check]
2026-05-08 18:20:00,782 [INFO] IntegrityCheckThread:86 - entering critical section [integrity check]
2026-05-08 18:20:00,785 [INFO] ThirdPartyUpdaterWithRetryManager:70 - Updater plugin not ready yet. [1/15]
2026-05-08 18:20:00,792 [INFO] PluginManage:359 - Loaded plugin tools (category:base,tabindex:7)
2026-05-08 18:20:00,793 [INFO] PluginManage:310 - Check plugin tutovideos
2026-05-08 18:20:01,357 [INFO] PluginManage:359 - Loaded plugin tutovideos (category:base,tabindex:-1)
2026-05-08 18:20:01,358 [INFO] PluginManage:310 - Check plugin updater
2026-05-08 18:20:01,419 [INFO] PluginManage:359 - Loaded plugin updater (category:base,tabindex:12)
2026-05-08 18:20:01,419 [INFO] PluginManage:310 - Check plugin userauth
2026-05-08 18:20:01,436 [INFO] UserAuth:118 - Init User Auth plugin
2026-05-08 18:20:01,439 [INFO] PluginManage:359 - Loaded plugin userauth (category:base,tabindex:14)
2026-05-08 18:20:01,440 [INFO] PluginManage:283 - PluginManage : Loaded plugins [18]
2026-05-08 18:20:02,029 [INFO] PinOutPanel:1589 - setPackage(No Configuration,No Configuration)
2026-05-08 18:20:02,283 [INFO] CADModel:165 - CPN selected for project level
2026-05-08 18:20:02,283 [INFO] CADModel:114 - Register for checkConnection events
2026-05-08 18:20:02,343 [INFO] IPUIPlugin:80 - create IPUIPlugin
2026-05-08 18:20:02,344 [INFO] PluginManager:220 - loadIPPluginJar : add adc
2026-05-08 18:20:02,351 [INFO] IPUIPlugin:80 - create IPUIPlugin
2026-05-08 18:20:02,352 [INFO] PluginManager:220 - loadIPPluginJar : add aes
2026-05-08 18:20:02,362 [INFO] IPUIPlugin:80 - create IPUIPlugin
2026-05-08 18:20:02,362 [INFO] PluginManager:220 - loadIPPluginJar : add can
2026-05-08 18:20:02,371 [INFO] IPUIPlugin:80 - create IPUIPlugin
2026-05-08 18:20:02,371 [INFO] PluginManager:220 - loadIPPluginJar : add comp
2026-05-08 18:20:02,380 [INFO] IPUIPlugin:80 - create IPUIPlugin
2026-05-08 18:20:02,381 [INFO] PluginManager:220 - loadIPPluginJar : add cryp
2026-05-08 18:20:02,390 [INFO] IPUIPlugin:80 - create IPUIPlugin
2026-05-08 18:20:02,390 [INFO] PluginManager:220 - loadIPPluginJar : add ddr_ctrl_phy
2026-05-08 18:20:02,401 [INFO] IPUIPlugin:80 - create IPUIPlugin
2026-05-08 18:20:02,401 [INFO] PluginManager:220 - loadIPPluginJar : add dfsdm
2026-05-08 18:20:02,422 [INFO] IPUIPlugin:80 - create IPUIPlugin
2026-05-08 18:20:02,425 [INFO] PluginManager:220 - loadIPPluginJar : add dma
2026-05-08 18:20:02,436 [INFO] IPUIPlugin:80 - create IPUIPlugin
2026-05-08 18:20:02,437 [INFO] PluginManager:220 - loadIPPluginJar : add dma3
2026-05-08 18:20:02,445 [INFO] IPUIPlugin:80 - create IPUIPlugin
2026-05-08 18:20:02,446 [INFO] PluginManager:220 - loadIPPluginJar : add extmemmanager
2026-05-08 18:20:02,452 [INFO] IPUIPlugin:80 - create IPUIPlugin
2026-05-08 18:20:02,452 [INFO] PluginManager:220 - loadIPPluginJar : add fatfs
2026-05-08 18:20:02,468 [INFO] IPUIPlugin:80 - create IPUIPlugin
2026-05-08 18:20:02,468 [INFO] PluginManager:220 - loadIPPluginJar : add fmc
2026-05-08 18:20:02,509 [INFO] IPUIPlugin:80 - create IPUIPlugin
2026-05-08 18:20:02,510 [INFO] PluginManager:220 - loadIPPluginJar : add freertos
2026-05-08 18:20:02,518 [INFO] IPUIPlugin:80 - create IPUIPlugin
2026-05-08 18:20:02,518 [INFO] PluginManager:220 - loadIPPluginJar : add genericplugin
2026-05-08 18:20:02,527 [INFO] IPUIPlugin:80 - create IPUIPlugin
2026-05-08 18:20:02,528 [INFO] PluginManager:220 - loadIPPluginJar : add gfxmmu
2026-05-08 18:20:02,542 [INFO] IPUIPlugin:80 - create IPUIPlugin
2026-05-08 18:20:02,543 [INFO] PluginManager:220 - loadIPPluginJar : add gic
2026-05-08 18:20:02,556 [INFO] IPUIPlugin:80 - create IPUIPlugin
2026-05-08 18:20:02,556 [INFO] PluginManager:220 - loadIPPluginJar : add gpio
2026-05-08 18:20:02,565 [INFO] IPUIPlugin:80 - create IPUIPlugin
2026-05-08 18:20:02,565 [INFO] PluginManager:220 - loadIPPluginJar : add gtzc
2026-05-08 18:20:02,574 [INFO] IPUIPlugin:80 - create IPUIPlugin
2026-05-08 18:20:02,575 [INFO] PluginManager:220 - loadIPPluginJar : add hash
2026-05-08 18:20:02,584 [INFO] IPUIPlugin:80 - create IPUIPlugin
2026-05-08 18:20:02,585 [INFO] PluginManager:220 - loadIPPluginJar : add i2c
2026-05-08 18:20:02,595 [INFO] IPUIPlugin:80 - create IPUIPlugin
2026-05-08 18:20:02,595 [INFO] PluginManager:220 - loadIPPluginJar : add i2s
2026-05-08 18:20:02,611 [INFO] IPUIPlugin:80 - create IPUIPlugin
2026-05-08 18:20:02,611 [INFO] PluginManager:220 - loadIPPluginJar : add i3c
2026-05-08 18:20:02,620 [INFO] IPUIPlugin:80 - create IPUIPlugin
2026-05-08 18:20:02,620 [INFO] PluginManager:220 - loadIPPluginJar : add ipddr
2026-05-08 18:20:02,642 [INFO] IPUIPlugin:80 - create IPUIPlugin
2026-05-08 18:20:02,643 [INFO] PluginManager:220 - loadIPPluginJar : add linkedlist
2026-05-08 18:20:02,653 [INFO] IPUIPlugin:80 - create IPUIPlugin
2026-05-08 18:20:02,654 [INFO] PluginManager:220 - loadIPPluginJar : add lorawan
2026-05-08 18:20:02,659 [INFO] IPUIPlugin:80 - create IPUIPlugin
2026-05-08 18:20:02,660 [INFO] PluginManager:220 - loadIPPluginJar : add ltdc
2026-05-08 18:20:02,674 [INFO] IPUIPlugin:80 - create IPUIPlugin
2026-05-08 18:20:02,675 [INFO] PluginManager:220 - loadIPPluginJar : add mdma
2026-05-08 18:20:02,685 [INFO] IPUIPlugin:80 - create IPUIPlugin
2026-05-08 18:20:02,685 [INFO] PluginManager:220 - loadIPPluginJar : add nvic
2026-05-08 18:20:02,695 [INFO] IPUIPlugin:80 - create IPUIPlugin
2026-05-08 18:20:02,696 [INFO] PluginManager:220 - loadIPPluginJar : add opamp
2026-05-08 18:20:02,705 [INFO] IPUIPlugin:80 - create IPUIPlugin
2026-05-08 18:20:02,707 [INFO] PluginManager:220 - loadIPPluginJar : add openamp
2026-05-08 18:20:02,718 [INFO] IPUIPlugin:80 - create IPUIPlugin
2026-05-08 18:20:02,719 [INFO] PluginManager:220 - loadIPPluginJar : add pdm2pcm
2026-05-08 18:20:02,737 [INFO] IPUIPlugin:80 - create IPUIPlugin
2026-05-08 18:20:02,743 [INFO] PluginManager:220 - loadIPPluginJar : add plateformsettings
2026-05-08 18:20:02,748 [INFO] IPUIPlugin:80 - create IPUIPlugin
2026-05-08 18:20:02,750 [INFO] PluginManager:220 - loadIPPluginJar : add quadspi
2026-05-08 18:20:02,756 [INFO] IPUIPlugin:80 - create IPUIPlugin
2026-05-08 18:20:02,758 [INFO] PluginManager:220 - loadIPPluginJar : add radio
2026-05-08 18:20:02,769 [INFO] IPUIPlugin:80 - create IPUIPlugin
2026-05-08 18:20:02,769 [INFO] PluginManager:220 - loadIPPluginJar : add resmgrutility
2026-05-08 18:20:02,779 [INFO] IPUIPlugin:80 - create IPUIPlugin
2026-05-08 18:20:02,780 [INFO] PluginManager:220 - loadIPPluginJar : add sai
2026-05-08 18:20:02,798 [INFO] IPUIPlugin:80 - create IPUIPlugin
2026-05-08 18:20:02,800 [INFO] PluginManager:220 - loadIPPluginJar : add spi
2026-05-08 18:20:02,820 [INFO] IPUIPlugin:80 - create IPUIPlugin
2026-05-08 18:20:02,821 [INFO] PluginManager:220 - loadIPPluginJar : add stm32_wpan
2026-05-08 18:20:02,828 [INFO] IPUIPlugin:80 - create IPUIPlugin
2026-05-08 18:20:02,829 [INFO] PluginManager:220 - loadIPPluginJar : add tim
2026-05-08 18:20:02,842 [INFO] IPUIPlugin:80 - create IPUIPlugin
2026-05-08 18:20:02,842 [INFO] PluginManager:220 - loadIPPluginJar : add touchsensing
2026-05-08 18:20:02,852 [INFO] IPUIPlugin:80 - create IPUIPlugin
2026-05-08 18:20:02,853 [INFO] PluginManager:220 - loadIPPluginJar : add tracer_emb
2026-05-08 18:20:02,862 [INFO] IPUIPlugin:80 - create IPUIPlugin
2026-05-08 18:20:02,863 [INFO] PluginManager:220 - loadIPPluginJar : add ts
2026-05-08 18:20:02,872 [INFO] IPUIPlugin:80 - create IPUIPlugin
2026-05-08 18:20:02,872 [INFO] PluginManager:220 - loadIPPluginJar : add tsc
2026-05-08 18:20:02,882 [INFO] IPUIPlugin:80 - create IPUIPlugin
2026-05-08 18:20:02,883 [INFO] PluginManager:220 - loadIPPluginJar : add ucpd
2026-05-08 18:20:02,896 [INFO] IPUIPlugin:80 - create IPUIPlugin
2026-05-08 18:20:02,897 [INFO] PluginManager:220 - loadIPPluginJar : add usart
2026-05-08 18:20:02,918 [INFO] IPUIPlugin:80 - create IPUIPlugin
2026-05-08 18:20:02,918 [INFO] PluginManager:220 - loadIPPluginJar : add usbx
2026-05-08 18:20:03,209 [FATAL] Updater:351 - Updater called before beeing initialized
2026-05-08 18:20:03,305 [INFO] RulesReader:64 - Compatibility file has been processed (302 Rules)
2026-05-08 18:20:03,335 [INFO] RulesReader:64 - Compatibility file has been processed (302 Rules)
2026-05-08 18:20:03,358 [INFO] CADModel:165 - CPN selected for project level
2026-05-08 18:20:03,358 [INFO] CADModel:114 - Register for checkConnection events
2026-05-08 18:20:03,358 [FATAL] Updater:351 - Updater called before beeing initialized
2026-05-08 18:20:03,360 [ERROR] CADModel:125 - Updater not yet initialized, retry later 
2026-05-08 18:20:03,787 [INFO] ThirdPartyUpdaterWithRetryManager:70 - Updater plugin not ready yet. [2/15]
2026-05-08 18:20:03,890 [FATAL] Updater:351 - Updater called before beeing initialized
2026-05-08 18:20:03,895 [INFO] CADModel:165 - CPN selected for project level
2026-05-08 18:20:03,895 [INFO] CADModel:114 - Register for checkConnection events
2026-05-08 18:20:03,895 [FATAL] Updater:351 - Updater called before beeing initialized
2026-05-08 18:20:03,895 [ERROR] CADModel:125 - Updater not yet initialized, retry later 
2026-05-08 18:20:03,903 [FATAL] Updater:351 - Updater called before beeing initialized
2026-05-08 18:20:04,290 [FATAL] Updater:351 - Updater called before beeing initialized
2026-05-08 18:20:04,304 [INFO] DbMcusAds:53 - JSON generation date=Thu Mar 05 20:02:52 IST 2026 (1772721172890)
2026-05-08 18:20:04,305 [FATAL] Updater:351 - Updater called before beeing initialized
2026-05-08 18:20:04,426 [WARN] DetailPanel:346 - Failed to get advertising image, set to default
2026-05-08 18:20:05,155 [FATAL] Updater:351 - Updater called before beeing initialized
2026-05-08 18:20:05,160 [FATAL] Updater:351 - Updater called before beeing initialized
2026-05-08 18:20:05,161 [FATAL] Updater:351 - Updater called before beeing initialized
2026-05-08 18:20:05,161 [WARN] DetailPanel:346 - Failed to get advertising image, set to default
2026-05-08 18:20:05,163 [FATAL] Updater:351 - Updater called before beeing initialized
2026-05-08 18:20:05,315 [ERROR] Updater:1198 - MainUpdater not yet initialized. External WinMGr cannot be set.
2026-05-08 18:20:05,321 [INFO] Updater:1134 - Updater Version found : 6.14.1
2026-05-08 18:20:05,373 [INFO] ApplicationProperties:184 - Using Application install path: C:\ST\STM32CubeIDE_1.18.1\STM32CubeIDE\plugins\com.st.stm32cube.common.mx_6.14.1.202504091515
2026-05-08 18:20:06,788 [FATAL] Updater:351 - Updater called before beeing initialized
2026-05-08 18:20:06,789 [ERROR] IntegrityCheckThread:130 - Cannot retrieve database content from updater: error 21
2026-05-08 18:20:06,789 [INFO] ThirdParty:978 - Integrity check success = false
2026-05-08 18:20:06,789 [INFO] IntegrityCheckThread:100 - exiting critical section [integrity check]
2026-05-08 18:20:06,790 [INFO] IntegrityCheckThread:103 - End integrity checks thread
2026-05-08 18:20:06,982 [ERROR] LogOutputStream:75 - [STDERR_REDIRECT] May 08, 2026 6:20:06 PM java.util.prefs.WindowsPreferences <init>
2026-05-08 18:20:06,986 [ERROR] LogOutputStream:75 - [STDERR_REDIRECT] WARNING: Could not open/create prefs root node Software\JavaSoft\Prefs at root 0xffffffff80000002. Windows RegCreateKeyEx(...) returned error code 5.
2026-05-08 18:20:06,987 [ERROR] LogOutputStream:75 - [STDERR_REDIRECT] 
2026-05-08 18:20:08,120 [INFO] MainUpdater:2872 - connection check result : 10
2026-05-08 18:20:08,121 [INFO] MainUpdater:3566 - Updater definition file requires update
2026-05-08 18:20:08,125 [INFO] MainUpdater:289 - Updater Check For Update Now.
2026-05-08 18:20:08,125 [INFO] MicroXplorer:498 - Change Database Version : DB.6.0.141
2026-05-08 18:20:08,144 [INFO] McuFinderGlobals:63 - Set McuFinder mode to 2 (CubeIDE integrated)
2026-05-08 18:20:08,147 [INFO] UserAuth:484 - Internet connection configuration mode: 1
2026-05-08 18:20:08,206 [INFO] JxBrowserEngine:152 - Initiate JxBrowser Engine with user profile folder
2026-05-08 18:20:08,690 [INFO] ServerAccessManage:473 - Download File updaters.zip
2026-05-08 18:20:08,917 [INFO] FileExtend:242 - Unzip File : updaters.zip
2026-05-08 18:20:08,917 [INFO] FileExtend:257 - Standard Zip Deflate
2026-05-08 18:20:10,559 [INFO] ServerAccessManage:473 - Download File PacksControlFlags.xml
2026-05-08 18:20:10,734 [INFO] ServerAccessManage:473 - Download File cubemx.pidx
2026-05-08 18:20:11,086 [INFO] LoadServerUpdatesThread:375 - End of LoadServerUpdate Thread
2026-05-08 18:20:11,485 [INFO] CheckServerUpdateThread:120 - End of CheckServer Thread
2026-05-08 18:20:12,932 [INFO] WebApp:169 - Instantiating new browser for Auth
2026-05-08 18:20:16,048 [INFO] WebApp:463 - Apply proxy settings
2026-05-08 18:20:16,049 [INFO] WebApp:548 - Chromium requires no authentication
2026-05-08 18:20:16,073 [INFO] WebApp:491 - Direct internet connection detected
2026-05-08 18:20:16,143 [INFO] WebApp:894 - Register for checkConnection events
2026-05-08 18:20:16,143 [INFO] WebApp:463 - Apply proxy settings
2026-05-08 18:20:16,143 [INFO] WebApp:548 - Chromium requires no authentication
2026-05-08 18:20:16,145 [INFO] WebApp:491 - Direct internet connection detected
2026-05-08 18:20:16,684 [INFO] WebApp:225 - Starting web application
2026-05-08 18:20:16,685 [INFO] WebApp:593 - Web application path used C:\ST\STM32CubeIDE_1.18.1\STM32CubeIDE\plugins\com.st.stm32cube.common.mx_6.14.1.202504091515\db\plugins\mcufinder\reactClient1\index.html
2026-05-08 18:20:16,796 [INFO] WebApp:191 - Connection restablished
2026-05-08 18:20:18,062 [INFO] UserAuth:484 - Internet connection configuration mode: 1
