2026-04-09 23:48:18,868 [INFO] Activator:176 - 


2026-04-09 23:48:18,881 [INFO] Activator:177 - !SESSION log4j initialized
2026-04-09 23:48:31,043 [INFO] LogOutputStream:77 - [STDOUT_REDIRECT] 
2026-04-09 23:48:33,391 [INFO] ApplicationProperties:184 - Using Application install path: C:\ST\STM32CubeIDE_1.18.1\STM32CubeIDE\plugins\com.st.stm32cube.common.mx_6.14.1.202504091515
2026-04-09 23:48:33,425 [INFO] DbMcusXml:78 - Set database path to: C:\ST\STM32CubeIDE_1.18.1\STM32CubeIDE\plugins\com.st.stm32cube.common.mx_6.14.1.202504091515\\db\/mcu/
2026-04-09 23:48:33,426 [INFO] ApiDb:274 - Set plugin database path to: C:\ST\STM32CubeIDE_1.18.1\STM32CubeIDE\plugins\com.st.stm32cube.common.mx_6.14.1.202504091515\\db\/plugins/boardmanager/
2026-04-09 23:48:33,426 [WARN] ApiDb:259 - Overriding images path with different value:  => C:\ST\STM32CubeIDE_1.18.1\STM32CubeIDE\plugins\com.st.stm32cube.common.mx_6.14.1.202504091515\\db\/plugins/mcufinder/images/
2026-04-09 23:48:33,446 [INFO] ApiDb:250 - Set database path to: C:\Users\HP\.stmcufinder\plugins\mcufinder//mcu/
2026-04-09 23:48:33,448 [INFO] DbMcusAds:125 - Set database path to: C:\Users\HP\.stmcufinder\plugins\mcufinder//mcu/
2026-04-09 23:48:33,452 [INFO] CrossReferenceDbSqlite:203 - Set database path to: C:\Users\HP\.stmcufinder\plugins\mcufinder//mcu/cs/
2026-04-09 23:48:33,688 [INFO] RulesReader:64 - Compatibility file has been processed (302 Rules)
2026-04-09 23:48:33,863 [INFO] DbMcusXml:78 - Set database path to: C:\ST\STM32CubeIDE_1.18.1\STM32CubeIDE\plugins\com.st.stm32cube.common.mx_6.14.1.202504091515\\db\/mcu/
2026-04-09 23:48:33,864 [INFO] ApiDb:274 - Set plugin database path to: C:\ST\STM32CubeIDE_1.18.1\STM32CubeIDE\plugins\com.st.stm32cube.common.mx_6.14.1.202504091515\\db\/plugins/boardmanager/
2026-04-09 23:48:33,864 [INFO] ApiDb:261 - Set plugin images path to: C:\ST\STM32CubeIDE_1.18.1\STM32CubeIDE\plugins\com.st.stm32cube.common.mx_6.14.1.202504091515\\db\/plugins/mcufinder/images/
2026-04-09 23:48:33,865 [WARN] DbFile:41 - Overriding database path with different value: C:\Users\HP\.stmcufinder\plugins\mcufinder/ => C:\Users\HP\.stmcufinder\plugins\mcufinder
2026-04-09 23:48:33,865 [INFO] ApiDb:250 - Set database path to: C:\Users\HP\.stmcufinder\plugins\mcufinder//mcu/
2026-04-09 23:48:33,865 [WARN] DbFile:41 - Overriding database path with different value: C:\Users\HP\.stmcufinder\plugins\mcufinder/ => C:\Users\HP\.stmcufinder\plugins\mcufinder
2026-04-09 23:48:33,865 [INFO] DbMcusAds:125 - Set database path to: C:\Users\HP\.stmcufinder\plugins\mcufinder//mcu/
2026-04-09 23:48:33,865 [WARN] DbFile:41 - Overriding database path with different value: C:\Users\HP\.stmcufinder\plugins\mcufinder/ => C:\Users\HP\.stmcufinder\plugins\mcufinder
2026-04-09 23:48:33,865 [WARN] DbFile:41 - Overriding database path with different value: C:\Users\HP\.stmcufinder\plugins\mcufinder/ => C:\Users\HP\.stmcufinder\plugins\mcufinder
2026-04-09 23:48:33,866 [INFO] CrossReferenceDbSqlite:203 - Set database path to: C:\Users\HP\.stmcufinder\plugins\mcufinder//mcu/cs/
2026-04-09 23:48:34,029 [INFO] MainPanel:272 - HeapMemory: 268435456
2026-04-09 23:48:34,265 [INFO] DbMcusXml:78 - Set database path to: C:\ST\STM32CubeIDE_1.18.1\STM32CubeIDE\plugins\com.st.stm32cube.common.mx_6.14.1.202504091515\\db\/mcu/
2026-04-09 23:48:34,266 [INFO] ApiDb:274 - Set plugin database path to: C:\ST\STM32CubeIDE_1.18.1\STM32CubeIDE\plugins\com.st.stm32cube.common.mx_6.14.1.202504091515\\db\/plugins/boardmanager/
2026-04-09 23:48:34,266 [INFO] ApiDb:261 - Set plugin images path to: C:\ST\STM32CubeIDE_1.18.1\STM32CubeIDE\plugins\com.st.stm32cube.common.mx_6.14.1.202504091515\\db\/plugins/mcufinder/images/
2026-04-09 23:48:34,266 [WARN] DbFile:41 - Overriding database path with different value: C:\Users\HP\.stmcufinder\plugins\mcufinder/ => C:\Users\HP\.stmcufinder\plugins\mcufinder
2026-04-09 23:48:34,266 [INFO] ApiDb:250 - Set database path to: C:\Users\HP\.stmcufinder\plugins\mcufinder//mcu/
2026-04-09 23:48:34,266 [WARN] DbFile:41 - Overriding database path with different value: C:\Users\HP\.stmcufinder\plugins\mcufinder/ => C:\Users\HP\.stmcufinder\plugins\mcufinder
2026-04-09 23:48:34,268 [INFO] DbMcusAds:125 - Set database path to: C:\Users\HP\.stmcufinder\plugins\mcufinder//mcu/
2026-04-09 23:48:34,268 [WARN] DbFile:41 - Overriding database path with different value: C:\Users\HP\.stmcufinder\plugins\mcufinder/ => C:\Users\HP\.stmcufinder\plugins\mcufinder
2026-04-09 23:48:34,268 [WARN] DbFile:41 - Overriding database path with different value: C:\Users\HP\.stmcufinder\plugins\mcufinder/ => C:\Users\HP\.stmcufinder\plugins\mcufinder
2026-04-09 23:48:34,268 [INFO] CrossReferenceDbSqlite:203 - Set database path to: C:\Users\HP\.stmcufinder\plugins\mcufinder//mcu/cs/
2026-04-09 23:48:34,311 [INFO] ApplicationProperties:184 - Using Application install path: C:\ST\STM32CubeIDE_1.18.1\STM32CubeIDE\plugins\com.st.stm32cube.common.mx_6.14.1.202504091515
2026-04-09 23:48:34,315 [INFO] PluginManage:196 - Search for loadable plugins [exclusion list=, ]
2026-04-09 23:48:34,319 [INFO] PluginManage:310 - Check plugin analytics
2026-04-09 23:48:34,675 [INFO] AnalyticsPlugin:253 - Accepted Software Licenses: 
2026-04-09 23:48:34,676 [INFO] AnalyticsPlugin:255 - Accepted CMSIS Pack Licenses: 
2026-04-09 23:48:34,676 [INFO] AnalyticsPlugin:257 - Accepted Firmware Licenses: FW.F4.1.28.0
2026-04-09 23:48:34,680 [INFO] PluginManage:359 - Loaded plugin analytics (category:tool,tabindex:-1)
2026-04-09 23:48:34,681 [INFO] PluginManage:310 - Check plugin cadmodel
2026-04-09 23:48:34,692 [INFO] CADModel:105 - Init CAD model plugin
2026-04-09 23:48:34,693 [INFO] PluginManage:359 - Loaded plugin cadmodel (category:power,tabindex:5)
2026-04-09 23:48:34,693 [INFO] PluginManage:310 - Check plugin clock
2026-04-09 23:48:34,710 [INFO] PluginManage:359 - Loaded plugin clock (category:base,tabindex:2)
2026-04-09 23:48:34,710 [INFO] PluginManage:310 - Check plugin ddr
2026-04-09 23:48:34,714 [INFO] PluginManage:359 - Loaded plugin ddr (category:tool,tabindex:6)
2026-04-09 23:48:34,715 [INFO] PluginManage:310 - Check plugin filemanager
2026-04-09 23:48:34,980 [INFO] PluginManage:359 - Loaded plugin filemanager (category:base,tabindex:10)
2026-04-09 23:48:34,981 [INFO] PluginManage:310 - Check plugin ipmanager
2026-04-09 23:48:34,995 [INFO] PluginManage:359 - Loaded plugin ipmanager (category:base,tabindex:5)
2026-04-09 23:48:34,995 [INFO] PluginManage:310 - Check plugin lpbam
2026-04-09 23:48:35,009 [INFO] PluginManage:359 - Loaded plugin lpbam (category:base,tabindex:0)
2026-04-09 23:48:35,010 [INFO] PluginManage:310 - Check plugin memorymap
2026-04-09 23:48:35,061 [INFO] PluginManage:359 - Loaded plugin memorymap (category:base,tabindex:4)
2026-04-09 23:48:35,061 [INFO] PluginManage:310 - Check plugin pinoutandconfiguration
2026-04-09 23:48:35,077 [INFO] PluginManage:359 - Loaded plugin pinoutandconfiguration (category:base,tabindex:1)
2026-04-09 23:48:35,078 [INFO] PluginManage:310 - Check plugin pinoutconfig
2026-04-09 23:48:35,245 [WARN] SupportedApi:132 - Cannot load RTOS API schema: s4s-elt-must-match.1: The content of 'definitions' must match (annotation?, (simpleType | complexType)?, (unique | key | keyref)*)). A problem was found starting at: attribute.
2026-04-09 23:48:35,498 [INFO] PluginManage:359 - Loaded plugin pinoutconfig (category:base,tabindex:0)
2026-04-09 23:48:35,498 [INFO] PluginManage:310 - Check plugin power
2026-04-09 23:48:35,515 [INFO] PluginManage:359 - Loaded plugin power (category:power,tabindex:4)
2026-04-09 23:48:35,516 [INFO] PluginManage:310 - Check plugin projectmanager
2026-04-09 23:48:35,544 [INFO] PluginManage:359 - Loaded plugin projectmanager (category:projectmanager,tabindex:4)
2026-04-09 23:48:35,544 [INFO] PluginManage:310 - Check plugin rif
2026-04-09 23:48:35,558 [INFO] PluginManage:359 - Loaded plugin rif (category:base,tabindex:3)
2026-04-09 23:48:35,558 [INFO] PluginManage:310 - Check plugin thirdparty
2026-04-09 23:48:35,829 [INFO] PluginManage:359 - Loaded plugin thirdparty (category:base,tabindex:-1)
2026-04-09 23:48:35,829 [WARN] IntegrityCheckThread:84 - waiting for thirdparty lock release [integrity check]
2026-04-09 23:48:35,829 [INFO] PluginManage:310 - Check plugin tools
2026-04-09 23:48:35,830 [INFO] IntegrityCheckThread:86 - entering critical section [integrity check]
2026-04-09 23:48:35,830 [INFO] ThirdPartyUpdaterWithRetryManager:70 - Updater plugin not ready yet. [1/15]
2026-04-09 23:48:35,835 [INFO] PluginManage:359 - Loaded plugin tools (category:base,tabindex:7)
2026-04-09 23:48:35,835 [INFO] PluginManage:310 - Check plugin tutovideos
2026-04-09 23:48:36,171 [INFO] PluginManage:359 - Loaded plugin tutovideos (category:base,tabindex:-1)
2026-04-09 23:48:36,172 [INFO] PluginManage:310 - Check plugin updater
2026-04-09 23:48:36,215 [INFO] PluginManage:359 - Loaded plugin updater (category:base,tabindex:12)
2026-04-09 23:48:36,215 [INFO] PluginManage:310 - Check plugin userauth
2026-04-09 23:48:36,224 [INFO] UserAuth:118 - Init User Auth plugin
2026-04-09 23:48:36,225 [INFO] PluginManage:359 - Loaded plugin userauth (category:base,tabindex:14)
2026-04-09 23:48:36,226 [INFO] PluginManage:283 - PluginManage : Loaded plugins [18]
2026-04-09 23:48:36,630 [INFO] PinOutPanel:1589 - setPackage(No Configuration,No Configuration)
2026-04-09 23:48:36,807 [INFO] CADModel:165 - CPN selected for project level
2026-04-09 23:48:36,807 [INFO] CADModel:114 - Register for checkConnection events
2026-04-09 23:48:36,838 [INFO] IPUIPlugin:80 - create IPUIPlugin
2026-04-09 23:48:36,838 [INFO] PluginManager:220 - loadIPPluginJar : add adc
2026-04-09 23:48:36,843 [INFO] IPUIPlugin:80 - create IPUIPlugin
2026-04-09 23:48:36,843 [INFO] PluginManager:220 - loadIPPluginJar : add aes
2026-04-09 23:48:36,850 [INFO] IPUIPlugin:80 - create IPUIPlugin
2026-04-09 23:48:36,850 [INFO] PluginManager:220 - loadIPPluginJar : add can
2026-04-09 23:48:36,854 [INFO] IPUIPlugin:80 - create IPUIPlugin
2026-04-09 23:48:36,854 [INFO] PluginManager:220 - loadIPPluginJar : add comp
2026-04-09 23:48:36,859 [INFO] IPUIPlugin:80 - create IPUIPlugin
2026-04-09 23:48:36,859 [INFO] PluginManager:220 - loadIPPluginJar : add cryp
2026-04-09 23:48:36,866 [INFO] IPUIPlugin:80 - create IPUIPlugin
2026-04-09 23:48:36,867 [INFO] PluginManager:220 - loadIPPluginJar : add ddr_ctrl_phy
2026-04-09 23:48:36,871 [INFO] IPUIPlugin:80 - create IPUIPlugin
2026-04-09 23:48:36,872 [INFO] PluginManager:220 - loadIPPluginJar : add dfsdm
2026-04-09 23:48:36,881 [INFO] IPUIPlugin:80 - create IPUIPlugin
2026-04-09 23:48:36,882 [INFO] PluginManager:220 - loadIPPluginJar : add dma
2026-04-09 23:48:36,887 [INFO] IPUIPlugin:80 - create IPUIPlugin
2026-04-09 23:48:36,888 [INFO] PluginManager:220 - loadIPPluginJar : add dma3
2026-04-09 23:48:36,892 [INFO] IPUIPlugin:80 - create IPUIPlugin
2026-04-09 23:48:36,893 [INFO] PluginManager:220 - loadIPPluginJar : add extmemmanager
2026-04-09 23:48:36,896 [INFO] IPUIPlugin:80 - create IPUIPlugin
2026-04-09 23:48:36,896 [INFO] PluginManager:220 - loadIPPluginJar : add fatfs
2026-04-09 23:48:36,903 [INFO] IPUIPlugin:80 - create IPUIPlugin
2026-04-09 23:48:36,903 [INFO] PluginManager:220 - loadIPPluginJar : add fmc
2026-04-09 23:48:36,913 [INFO] IPUIPlugin:80 - create IPUIPlugin
2026-04-09 23:48:36,913 [INFO] PluginManager:220 - loadIPPluginJar : add freertos
2026-04-09 23:48:36,917 [INFO] IPUIPlugin:80 - create IPUIPlugin
2026-04-09 23:48:36,917 [INFO] PluginManager:220 - loadIPPluginJar : add genericplugin
2026-04-09 23:48:36,922 [INFO] IPUIPlugin:80 - create IPUIPlugin
2026-04-09 23:48:36,923 [INFO] PluginManager:220 - loadIPPluginJar : add gfxmmu
2026-04-09 23:48:36,930 [INFO] IPUIPlugin:80 - create IPUIPlugin
2026-04-09 23:48:36,931 [INFO] PluginManager:220 - loadIPPluginJar : add gic
2026-04-09 23:48:36,938 [INFO] IPUIPlugin:80 - create IPUIPlugin
2026-04-09 23:48:36,939 [INFO] PluginManager:220 - loadIPPluginJar : add gpio
2026-04-09 23:48:36,944 [INFO] IPUIPlugin:80 - create IPUIPlugin
2026-04-09 23:48:36,944 [INFO] PluginManager:220 - loadIPPluginJar : add gtzc
2026-04-09 23:48:36,949 [INFO] IPUIPlugin:80 - create IPUIPlugin
2026-04-09 23:48:36,949 [INFO] PluginManager:220 - loadIPPluginJar : add hash
2026-04-09 23:48:36,955 [INFO] IPUIPlugin:80 - create IPUIPlugin
2026-04-09 23:48:36,955 [INFO] PluginManager:220 - loadIPPluginJar : add i2c
2026-04-09 23:48:36,959 [INFO] IPUIPlugin:80 - create IPUIPlugin
2026-04-09 23:48:36,959 [INFO] PluginManager:220 - loadIPPluginJar : add i2s
2026-04-09 23:48:36,965 [INFO] IPUIPlugin:80 - create IPUIPlugin
2026-04-09 23:48:36,966 [INFO] PluginManager:220 - loadIPPluginJar : add i3c
2026-04-09 23:48:36,973 [INFO] IPUIPlugin:80 - create IPUIPlugin
2026-04-09 23:48:36,973 [INFO] PluginManager:220 - loadIPPluginJar : add ipddr
2026-04-09 23:48:36,986 [INFO] IPUIPlugin:80 - create IPUIPlugin
2026-04-09 23:48:36,986 [INFO] PluginManager:220 - loadIPPluginJar : add linkedlist
2026-04-09 23:48:36,993 [INFO] IPUIPlugin:80 - create IPUIPlugin
2026-04-09 23:48:36,993 [INFO] PluginManager:220 - loadIPPluginJar : add lorawan
2026-04-09 23:48:36,996 [INFO] IPUIPlugin:80 - create IPUIPlugin
2026-04-09 23:48:36,996 [INFO] PluginManager:220 - loadIPPluginJar : add ltdc
2026-04-09 23:48:37,006 [INFO] IPUIPlugin:80 - create IPUIPlugin
2026-04-09 23:48:37,006 [INFO] PluginManager:220 - loadIPPluginJar : add mdma
2026-04-09 23:48:37,014 [INFO] IPUIPlugin:80 - create IPUIPlugin
2026-04-09 23:48:37,014 [INFO] PluginManager:220 - loadIPPluginJar : add nvic
2026-04-09 23:48:37,019 [INFO] IPUIPlugin:80 - create IPUIPlugin
2026-04-09 23:48:37,019 [INFO] PluginManager:220 - loadIPPluginJar : add opamp
2026-04-09 23:48:37,025 [INFO] IPUIPlugin:80 - create IPUIPlugin
2026-04-09 23:48:37,026 [INFO] PluginManager:220 - loadIPPluginJar : add openamp
2026-04-09 23:48:37,033 [INFO] IPUIPlugin:80 - create IPUIPlugin
2026-04-09 23:48:37,033 [INFO] PluginManager:220 - loadIPPluginJar : add pdm2pcm
2026-04-09 23:48:37,043 [INFO] IPUIPlugin:80 - create IPUIPlugin
2026-04-09 23:48:37,047 [INFO] PluginManager:220 - loadIPPluginJar : add plateformsettings
2026-04-09 23:48:37,051 [INFO] IPUIPlugin:80 - create IPUIPlugin
2026-04-09 23:48:37,051 [INFO] PluginManager:220 - loadIPPluginJar : add quadspi
2026-04-09 23:48:37,054 [INFO] IPUIPlugin:80 - create IPUIPlugin
2026-04-09 23:48:37,056 [INFO] PluginManager:220 - loadIPPluginJar : add radio
2026-04-09 23:48:37,063 [INFO] IPUIPlugin:80 - create IPUIPlugin
2026-04-09 23:48:37,063 [INFO] PluginManager:220 - loadIPPluginJar : add resmgrutility
2026-04-09 23:48:37,069 [INFO] IPUIPlugin:80 - create IPUIPlugin
2026-04-09 23:48:37,069 [INFO] PluginManager:220 - loadIPPluginJar : add sai
2026-04-09 23:48:37,075 [INFO] IPUIPlugin:80 - create IPUIPlugin
2026-04-09 23:48:37,075 [INFO] PluginManager:220 - loadIPPluginJar : add spi
2026-04-09 23:48:37,087 [INFO] IPUIPlugin:80 - create IPUIPlugin
2026-04-09 23:48:37,087 [INFO] PluginManager:220 - loadIPPluginJar : add stm32_wpan
2026-04-09 23:48:37,091 [INFO] IPUIPlugin:80 - create IPUIPlugin
2026-04-09 23:48:37,092 [INFO] PluginManager:220 - loadIPPluginJar : add tim
2026-04-09 23:48:37,097 [INFO] IPUIPlugin:80 - create IPUIPlugin
2026-04-09 23:48:37,097 [INFO] PluginManager:220 - loadIPPluginJar : add touchsensing
2026-04-09 23:48:37,101 [INFO] IPUIPlugin:80 - create IPUIPlugin
2026-04-09 23:48:37,101 [INFO] PluginManager:220 - loadIPPluginJar : add tracer_emb
2026-04-09 23:48:37,105 [INFO] IPUIPlugin:80 - create IPUIPlugin
2026-04-09 23:48:37,105 [INFO] PluginManager:220 - loadIPPluginJar : add ts
2026-04-09 23:48:37,109 [INFO] IPUIPlugin:80 - create IPUIPlugin
2026-04-09 23:48:37,109 [INFO] PluginManager:220 - loadIPPluginJar : add tsc
2026-04-09 23:48:37,112 [INFO] IPUIPlugin:80 - create IPUIPlugin
2026-04-09 23:48:37,112 [INFO] PluginManager:220 - loadIPPluginJar : add ucpd
2026-04-09 23:48:37,118 [INFO] IPUIPlugin:80 - create IPUIPlugin
2026-04-09 23:48:37,118 [INFO] PluginManager:220 - loadIPPluginJar : add usart
2026-04-09 23:48:37,124 [INFO] IPUIPlugin:80 - create IPUIPlugin
2026-04-09 23:48:37,124 [INFO] PluginManager:220 - loadIPPluginJar : add usbx
2026-04-09 23:48:37,316 [FATAL] Updater:351 - Updater called before beeing initialized
2026-04-09 23:48:37,361 [INFO] RulesReader:64 - Compatibility file has been processed (302 Rules)
2026-04-09 23:48:37,382 [INFO] RulesReader:64 - Compatibility file has been processed (302 Rules)
2026-04-09 23:48:37,393 [INFO] CADModel:165 - CPN selected for project level
2026-04-09 23:48:37,393 [INFO] CADModel:114 - Register for checkConnection events
2026-04-09 23:48:37,393 [FATAL] Updater:351 - Updater called before beeing initialized
2026-04-09 23:48:37,393 [ERROR] CADModel:125 - Updater not yet initialized, retry later 
2026-04-09 23:48:37,706 [FATAL] Updater:351 - Updater called before beeing initialized
2026-04-09 23:48:37,710 [INFO] CADModel:165 - CPN selected for project level
2026-04-09 23:48:37,710 [INFO] CADModel:114 - Register for checkConnection events
2026-04-09 23:48:37,710 [FATAL] Updater:351 - Updater called before beeing initialized
2026-04-09 23:48:37,711 [ERROR] CADModel:125 - Updater not yet initialized, retry later 
2026-04-09 23:48:37,717 [FATAL] Updater:351 - Updater called before beeing initialized
2026-04-09 23:48:37,949 [FATAL] Updater:351 - Updater called before beeing initialized
2026-04-09 23:48:37,960 [INFO] DbMcusAds:53 - JSON generation date=Thu Mar 05 20:02:52 IST 2026 (1772721172890)
2026-04-09 23:48:37,960 [FATAL] Updater:351 - Updater called before beeing initialized
2026-04-09 23:48:38,061 [WARN] DetailPanel:346 - Failed to get advertising image, set to default
2026-04-09 23:48:38,561 [FATAL] Updater:351 - Updater called before beeing initialized
2026-04-09 23:48:38,566 [FATAL] Updater:351 - Updater called before beeing initialized
2026-04-09 23:48:38,566 [FATAL] Updater:351 - Updater called before beeing initialized
2026-04-09 23:48:38,566 [WARN] DetailPanel:346 - Failed to get advertising image, set to default
2026-04-09 23:48:38,568 [FATAL] Updater:351 - Updater called before beeing initialized
2026-04-09 23:48:38,660 [ERROR] Updater:1198 - MainUpdater not yet initialized. External WinMGr cannot be set.
2026-04-09 23:48:38,664 [INFO] Updater:1134 - Updater Version found : 6.14.1
2026-04-09 23:48:38,698 [INFO] ApplicationProperties:184 - Using Application install path: C:\ST\STM32CubeIDE_1.18.1\STM32CubeIDE\plugins\com.st.stm32cube.common.mx_6.14.1.202504091515
2026-04-09 23:48:38,831 [INFO] ThirdPartyUpdaterWithRetryManager:70 - Updater plugin not ready yet. [2/15]
2026-04-09 23:48:40,287 [ERROR] LogOutputStream:75 - [STDERR_REDIRECT] Apr 09, 2026 11:48:40 PM java.util.prefs.WindowsPreferences <init>
2026-04-09 23:48:40,290 [ERROR] LogOutputStream:75 - [STDERR_REDIRECT] WARNING: Could not open/create prefs root node Software\JavaSoft\Prefs at root 0xffffffff80000002. Windows RegCreateKeyEx(...) returned error code 5.
2026-04-09 23:48:40,291 [ERROR] LogOutputStream:75 - [STDERR_REDIRECT] 
2026-04-09 23:48:41,833 [FATAL] Updater:351 - Updater called before beeing initialized
2026-04-09 23:48:41,834 [ERROR] IntegrityCheckThread:130 - Cannot retrieve database content from updater: error 21
2026-04-09 23:48:41,834 [INFO] ThirdParty:978 - Integrity check success = false
2026-04-09 23:48:41,834 [INFO] IntegrityCheckThread:100 - exiting critical section [integrity check]
2026-04-09 23:48:41,834 [INFO] IntegrityCheckThread:103 - End integrity checks thread
2026-04-09 23:48:42,379 [INFO] MainUpdater:2872 - connection check result : 10
2026-04-09 23:48:42,381 [INFO] MainUpdater:289 - Updater Check For Update Now.
2026-04-09 23:48:42,381 [INFO] MicroXplorer:498 - Change Database Version : DB.6.0.141
2026-04-09 23:48:42,392 [INFO] McuFinderGlobals:63 - Set McuFinder mode to 2 (CubeIDE integrated)
2026-04-09 23:48:42,394 [INFO] UserAuth:484 - Internet connection configuration mode: 1
2026-04-09 23:48:42,437 [INFO] JxBrowserEngine:152 - Initiate JxBrowser Engine with user profile folder
2026-04-09 23:48:42,668 [INFO] CheckServerUpdateThread:120 - End of CheckServer Thread
2026-04-09 23:48:46,178 [INFO] WebApp:169 - Instantiating new browser for Auth
2026-04-09 23:48:47,670 [INFO] WebApp:463 - Apply proxy settings
2026-04-09 23:48:47,672 [INFO] WebApp:548 - Chromium requires no authentication
2026-04-09 23:48:47,692 [INFO] WebApp:491 - Direct internet connection detected
2026-04-09 23:48:47,746 [INFO] WebApp:894 - Register for checkConnection events
2026-04-09 23:48:47,747 [INFO] WebApp:463 - Apply proxy settings
2026-04-09 23:48:47,747 [INFO] WebApp:548 - Chromium requires no authentication
2026-04-09 23:48:47,748 [INFO] WebApp:491 - Direct internet connection detected
2026-04-09 23:48:48,140 [INFO] WebApp:225 - Starting web application
2026-04-09 23:48:48,140 [INFO] WebApp:593 - Web application path used C:\ST\STM32CubeIDE_1.18.1\STM32CubeIDE\plugins\com.st.stm32cube.common.mx_6.14.1.202504091515\db\plugins\mcufinder\reactClient1\index.html
2026-04-09 23:48:48,802 [INFO] WebApp:191 - Connection restablished
2026-04-09 23:48:49,127 [INFO] UserAuth:484 - Internet connection configuration mode: 1
