2026-04-23 00:19:30,659 [INFO] Activator:176 - 


2026-04-23 00:19:30,673 [INFO] Activator:177 - !SESSION log4j initialized
2026-04-23 00:19:41,031 [INFO] LogOutputStream:77 - [STDOUT_REDIRECT] 
2026-04-23 00:19:41,576 [ERROR] ConfigurationRetriever:142 - IOException on connection: sw-center.st.com
2026-04-23 00:19:41,577 [ERROR] ConfigurationRetriever:142 - IOException on connection: sw-center.st.com
2026-04-23 00:19:41,578 [ERROR] ConfigurationRetriever:142 - IOException on connection: sw-center.st.com
2026-04-23 00:19:43,023 [INFO] ApplicationProperties:184 - Using Application install path: C:\ST\STM32CubeIDE_1.18.1\STM32CubeIDE\plugins\com.st.stm32cube.common.mx_6.14.1.202504091515
2026-04-23 00:19:43,053 [INFO] DbMcusXml:78 - Set database path to: C:\ST\STM32CubeIDE_1.18.1\STM32CubeIDE\plugins\com.st.stm32cube.common.mx_6.14.1.202504091515\\db\/mcu/
2026-04-23 00:19:43,055 [INFO] ApiDb:274 - Set plugin database path to: C:\ST\STM32CubeIDE_1.18.1\STM32CubeIDE\plugins\com.st.stm32cube.common.mx_6.14.1.202504091515\\db\/plugins/boardmanager/
2026-04-23 00:19:43,055 [WARN] ApiDb:259 - Overriding images path with different value:  => C:\ST\STM32CubeIDE_1.18.1\STM32CubeIDE\plugins\com.st.stm32cube.common.mx_6.14.1.202504091515\\db\/plugins/mcufinder/images/
2026-04-23 00:19:43,070 [INFO] ApiDb:250 - Set database path to: C:\Users\HP\.stmcufinder\plugins\mcufinder//mcu/
2026-04-23 00:19:43,071 [INFO] DbMcusAds:125 - Set database path to: C:\Users\HP\.stmcufinder\plugins\mcufinder//mcu/
2026-04-23 00:19:43,075 [INFO] CrossReferenceDbSqlite:203 - Set database path to: C:\Users\HP\.stmcufinder\plugins\mcufinder//mcu/cs/
2026-04-23 00:19:43,300 [INFO] RulesReader:64 - Compatibility file has been processed (302 Rules)
2026-04-23 00:19:43,464 [INFO] DbMcusXml:78 - Set database path to: C:\ST\STM32CubeIDE_1.18.1\STM32CubeIDE\plugins\com.st.stm32cube.common.mx_6.14.1.202504091515\\db\/mcu/
2026-04-23 00:19:43,464 [INFO] ApiDb:274 - Set plugin database path to: C:\ST\STM32CubeIDE_1.18.1\STM32CubeIDE\plugins\com.st.stm32cube.common.mx_6.14.1.202504091515\\db\/plugins/boardmanager/
2026-04-23 00:19:43,464 [INFO] ApiDb:261 - Set plugin images path to: C:\ST\STM32CubeIDE_1.18.1\STM32CubeIDE\plugins\com.st.stm32cube.common.mx_6.14.1.202504091515\\db\/plugins/mcufinder/images/
2026-04-23 00:19:43,465 [WARN] DbFile:41 - Overriding database path with different value: C:\Users\HP\.stmcufinder\plugins\mcufinder/ => C:\Users\HP\.stmcufinder\plugins\mcufinder
2026-04-23 00:19:43,465 [INFO] ApiDb:250 - Set database path to: C:\Users\HP\.stmcufinder\plugins\mcufinder//mcu/
2026-04-23 00:19:43,465 [WARN] DbFile:41 - Overriding database path with different value: C:\Users\HP\.stmcufinder\plugins\mcufinder/ => C:\Users\HP\.stmcufinder\plugins\mcufinder
2026-04-23 00:19:43,465 [INFO] DbMcusAds:125 - Set database path to: C:\Users\HP\.stmcufinder\plugins\mcufinder//mcu/
2026-04-23 00:19:43,466 [WARN] DbFile:41 - Overriding database path with different value: C:\Users\HP\.stmcufinder\plugins\mcufinder/ => C:\Users\HP\.stmcufinder\plugins\mcufinder
2026-04-23 00:19:43,466 [WARN] DbFile:41 - Overriding database path with different value: C:\Users\HP\.stmcufinder\plugins\mcufinder/ => C:\Users\HP\.stmcufinder\plugins\mcufinder
2026-04-23 00:19:43,466 [INFO] CrossReferenceDbSqlite:203 - Set database path to: C:\Users\HP\.stmcufinder\plugins\mcufinder//mcu/cs/
2026-04-23 00:19:43,620 [INFO] MainPanel:272 - HeapMemory: 268435456
2026-04-23 00:19:43,833 [INFO] DbMcusXml:78 - Set database path to: C:\ST\STM32CubeIDE_1.18.1\STM32CubeIDE\plugins\com.st.stm32cube.common.mx_6.14.1.202504091515\\db\/mcu/
2026-04-23 00:19:43,833 [INFO] ApiDb:274 - Set plugin database path to: C:\ST\STM32CubeIDE_1.18.1\STM32CubeIDE\plugins\com.st.stm32cube.common.mx_6.14.1.202504091515\\db\/plugins/boardmanager/
2026-04-23 00:19:43,833 [INFO] ApiDb:261 - Set plugin images path to: C:\ST\STM32CubeIDE_1.18.1\STM32CubeIDE\plugins\com.st.stm32cube.common.mx_6.14.1.202504091515\\db\/plugins/mcufinder/images/
2026-04-23 00:19:43,834 [WARN] DbFile:41 - Overriding database path with different value: C:\Users\HP\.stmcufinder\plugins\mcufinder/ => C:\Users\HP\.stmcufinder\plugins\mcufinder
2026-04-23 00:19:43,834 [INFO] ApiDb:250 - Set database path to: C:\Users\HP\.stmcufinder\plugins\mcufinder//mcu/
2026-04-23 00:19:43,834 [WARN] DbFile:41 - Overriding database path with different value: C:\Users\HP\.stmcufinder\plugins\mcufinder/ => C:\Users\HP\.stmcufinder\plugins\mcufinder
2026-04-23 00:19:43,835 [INFO] DbMcusAds:125 - Set database path to: C:\Users\HP\.stmcufinder\plugins\mcufinder//mcu/
2026-04-23 00:19:43,835 [WARN] DbFile:41 - Overriding database path with different value: C:\Users\HP\.stmcufinder\plugins\mcufinder/ => C:\Users\HP\.stmcufinder\plugins\mcufinder
2026-04-23 00:19:43,835 [WARN] DbFile:41 - Overriding database path with different value: C:\Users\HP\.stmcufinder\plugins\mcufinder/ => C:\Users\HP\.stmcufinder\plugins\mcufinder
2026-04-23 00:19:43,835 [INFO] CrossReferenceDbSqlite:203 - Set database path to: C:\Users\HP\.stmcufinder\plugins\mcufinder//mcu/cs/
2026-04-23 00:19:43,873 [INFO] ApplicationProperties:184 - Using Application install path: C:\ST\STM32CubeIDE_1.18.1\STM32CubeIDE\plugins\com.st.stm32cube.common.mx_6.14.1.202504091515
2026-04-23 00:19:43,876 [INFO] PluginManage:196 - Search for loadable plugins [exclusion list=, ]
2026-04-23 00:19:43,879 [INFO] PluginManage:310 - Check plugin analytics
2026-04-23 00:19:44,240 [INFO] AnalyticsPlugin:253 - Accepted Software Licenses: 
2026-04-23 00:19:44,240 [INFO] AnalyticsPlugin:255 - Accepted CMSIS Pack Licenses: 
2026-04-23 00:19:44,241 [INFO] AnalyticsPlugin:257 - Accepted Firmware Licenses: FW.F4.1.28.0
2026-04-23 00:19:44,245 [INFO] PluginManage:359 - Loaded plugin analytics (category:tool,tabindex:-1)
2026-04-23 00:19:44,245 [INFO] PluginManage:310 - Check plugin cadmodel
2026-04-23 00:19:44,246 [ERROR] ConfigurationRetriever:142 - IOException on connection: sw-center.st.com
2026-04-23 00:19:44,248 [ERROR] ConfigurationRetriever:142 - IOException on connection: sw-center.st.com
2026-04-23 00:19:44,248 [ERROR] ConfigurationRetriever:142 - IOException on connection: sw-center.st.com
2026-04-23 00:19:44,258 [INFO] CADModel:105 - Init CAD model plugin
2026-04-23 00:19:44,259 [INFO] PluginManage:359 - Loaded plugin cadmodel (category:power,tabindex:5)
2026-04-23 00:19:44,259 [INFO] PluginManage:310 - Check plugin clock
2026-04-23 00:19:44,279 [INFO] PluginManage:359 - Loaded plugin clock (category:base,tabindex:2)
2026-04-23 00:19:44,279 [INFO] PluginManage:310 - Check plugin ddr
2026-04-23 00:19:44,284 [INFO] PluginManage:359 - Loaded plugin ddr (category:tool,tabindex:6)
2026-04-23 00:19:44,284 [INFO] PluginManage:310 - Check plugin filemanager
2026-04-23 00:19:44,570 [INFO] PluginManage:359 - Loaded plugin filemanager (category:base,tabindex:10)
2026-04-23 00:19:44,571 [INFO] PluginManage:310 - Check plugin ipmanager
2026-04-23 00:19:44,590 [INFO] PluginManage:359 - Loaded plugin ipmanager (category:base,tabindex:5)
2026-04-23 00:19:44,591 [INFO] PluginManage:310 - Check plugin lpbam
2026-04-23 00:19:44,609 [INFO] PluginManage:359 - Loaded plugin lpbam (category:base,tabindex:0)
2026-04-23 00:19:44,609 [INFO] PluginManage:310 - Check plugin memorymap
2026-04-23 00:19:44,640 [INFO] PluginManage:359 - Loaded plugin memorymap (category:base,tabindex:4)
2026-04-23 00:19:44,641 [INFO] PluginManage:310 - Check plugin pinoutandconfiguration
2026-04-23 00:19:44,678 [INFO] PluginManage:359 - Loaded plugin pinoutandconfiguration (category:base,tabindex:1)
2026-04-23 00:19:44,679 [INFO] PluginManage:310 - Check plugin pinoutconfig
2026-04-23 00:19:44,884 [WARN] SupportedApi:132 - Cannot load RTOS API schema: s4s-elt-must-match.1: The content of 'definitions' must match (annotation?, (simpleType | complexType)?, (unique | key | keyref)*)). A problem was found starting at: attribute.
2026-04-23 00:19:45,183 [INFO] PluginManage:359 - Loaded plugin pinoutconfig (category:base,tabindex:0)
2026-04-23 00:19:45,183 [INFO] PluginManage:310 - Check plugin power
2026-04-23 00:19:45,204 [INFO] PluginManage:359 - Loaded plugin power (category:power,tabindex:4)
2026-04-23 00:19:45,204 [INFO] PluginManage:310 - Check plugin projectmanager
2026-04-23 00:19:45,237 [INFO] PluginManage:359 - Loaded plugin projectmanager (category:projectmanager,tabindex:4)
2026-04-23 00:19:45,237 [INFO] PluginManage:310 - Check plugin rif
2026-04-23 00:19:45,253 [INFO] PluginManage:359 - Loaded plugin rif (category:base,tabindex:3)
2026-04-23 00:19:45,254 [INFO] PluginManage:310 - Check plugin thirdparty
2026-04-23 00:19:45,530 [INFO] PluginManage:359 - Loaded plugin thirdparty (category:base,tabindex:-1)
2026-04-23 00:19:45,530 [WARN] IntegrityCheckThread:84 - waiting for thirdparty lock release [integrity check]
2026-04-23 00:19:45,530 [INFO] PluginManage:310 - Check plugin tools
2026-04-23 00:19:45,530 [INFO] IntegrityCheckThread:86 - entering critical section [integrity check]
2026-04-23 00:19:45,530 [INFO] ThirdPartyUpdaterWithRetryManager:70 - Updater plugin not ready yet. [1/15]
2026-04-23 00:19:45,535 [INFO] PluginManage:359 - Loaded plugin tools (category:base,tabindex:7)
2026-04-23 00:19:45,535 [INFO] PluginManage:310 - Check plugin tutovideos
2026-04-23 00:19:45,867 [INFO] PluginManage:359 - Loaded plugin tutovideos (category:base,tabindex:-1)
2026-04-23 00:19:45,867 [INFO] PluginManage:310 - Check plugin updater
2026-04-23 00:19:45,910 [INFO] PluginManage:359 - Loaded plugin updater (category:base,tabindex:12)
2026-04-23 00:19:45,911 [INFO] PluginManage:310 - Check plugin userauth
2026-04-23 00:19:45,918 [INFO] UserAuth:118 - Init User Auth plugin
2026-04-23 00:19:45,919 [INFO] PluginManage:359 - Loaded plugin userauth (category:base,tabindex:14)
2026-04-23 00:19:45,920 [INFO] PluginManage:283 - PluginManage : Loaded plugins [18]
2026-04-23 00:19:46,298 [INFO] PinOutPanel:1589 - setPackage(No Configuration,No Configuration)
2026-04-23 00:19:46,465 [INFO] CADModel:165 - CPN selected for project level
2026-04-23 00:19:46,466 [INFO] CADModel:114 - Register for checkConnection events
2026-04-23 00:19:46,498 [INFO] IPUIPlugin:80 - create IPUIPlugin
2026-04-23 00:19:46,499 [INFO] PluginManager:220 - loadIPPluginJar : add adc
2026-04-23 00:19:46,504 [INFO] IPUIPlugin:80 - create IPUIPlugin
2026-04-23 00:19:46,504 [INFO] PluginManager:220 - loadIPPluginJar : add aes
2026-04-23 00:19:46,510 [INFO] IPUIPlugin:80 - create IPUIPlugin
2026-04-23 00:19:46,511 [INFO] PluginManager:220 - loadIPPluginJar : add can
2026-04-23 00:19:46,514 [INFO] IPUIPlugin:80 - create IPUIPlugin
2026-04-23 00:19:46,514 [INFO] PluginManager:220 - loadIPPluginJar : add comp
2026-04-23 00:19:46,519 [INFO] IPUIPlugin:80 - create IPUIPlugin
2026-04-23 00:19:46,520 [INFO] PluginManager:220 - loadIPPluginJar : add cryp
2026-04-23 00:19:46,524 [INFO] IPUIPlugin:80 - create IPUIPlugin
2026-04-23 00:19:46,526 [INFO] PluginManager:220 - loadIPPluginJar : add ddr_ctrl_phy
2026-04-23 00:19:46,531 [INFO] IPUIPlugin:80 - create IPUIPlugin
2026-04-23 00:19:46,531 [INFO] PluginManager:220 - loadIPPluginJar : add dfsdm
2026-04-23 00:19:46,541 [INFO] IPUIPlugin:80 - create IPUIPlugin
2026-04-23 00:19:46,542 [INFO] PluginManager:220 - loadIPPluginJar : add dma
2026-04-23 00:19:46,547 [INFO] IPUIPlugin:80 - create IPUIPlugin
2026-04-23 00:19:46,547 [INFO] PluginManager:220 - loadIPPluginJar : add dma3
2026-04-23 00:19:46,552 [INFO] IPUIPlugin:80 - create IPUIPlugin
2026-04-23 00:19:46,552 [INFO] PluginManager:220 - loadIPPluginJar : add extmemmanager
2026-04-23 00:19:46,557 [INFO] IPUIPlugin:80 - create IPUIPlugin
2026-04-23 00:19:46,557 [INFO] PluginManager:220 - loadIPPluginJar : add fatfs
2026-04-23 00:19:46,564 [INFO] IPUIPlugin:80 - create IPUIPlugin
2026-04-23 00:19:46,565 [INFO] PluginManager:220 - loadIPPluginJar : add fmc
2026-04-23 00:19:46,575 [INFO] IPUIPlugin:80 - create IPUIPlugin
2026-04-23 00:19:46,575 [INFO] PluginManager:220 - loadIPPluginJar : add freertos
2026-04-23 00:19:46,578 [INFO] IPUIPlugin:80 - create IPUIPlugin
2026-04-23 00:19:46,578 [INFO] PluginManager:220 - loadIPPluginJar : add genericplugin
2026-04-23 00:19:46,583 [INFO] IPUIPlugin:80 - create IPUIPlugin
2026-04-23 00:19:46,584 [INFO] PluginManager:220 - loadIPPluginJar : add gfxmmu
2026-04-23 00:19:46,593 [INFO] IPUIPlugin:80 - create IPUIPlugin
2026-04-23 00:19:46,593 [INFO] PluginManager:220 - loadIPPluginJar : add gic
2026-04-23 00:19:46,600 [INFO] IPUIPlugin:80 - create IPUIPlugin
2026-04-23 00:19:46,600 [INFO] PluginManager:220 - loadIPPluginJar : add gpio
2026-04-23 00:19:46,606 [INFO] IPUIPlugin:80 - create IPUIPlugin
2026-04-23 00:19:46,606 [INFO] PluginManager:220 - loadIPPluginJar : add gtzc
2026-04-23 00:19:46,612 [INFO] IPUIPlugin:80 - create IPUIPlugin
2026-04-23 00:19:46,612 [INFO] PluginManager:220 - loadIPPluginJar : add hash
2026-04-23 00:19:46,617 [INFO] IPUIPlugin:80 - create IPUIPlugin
2026-04-23 00:19:46,618 [INFO] PluginManager:220 - loadIPPluginJar : add i2c
2026-04-23 00:19:46,622 [INFO] IPUIPlugin:80 - create IPUIPlugin
2026-04-23 00:19:46,622 [INFO] PluginManager:220 - loadIPPluginJar : add i2s
2026-04-23 00:19:46,627 [INFO] IPUIPlugin:80 - create IPUIPlugin
2026-04-23 00:19:46,627 [INFO] PluginManager:220 - loadIPPluginJar : add i3c
2026-04-23 00:19:46,633 [INFO] IPUIPlugin:80 - create IPUIPlugin
2026-04-23 00:19:46,633 [INFO] PluginManager:220 - loadIPPluginJar : add ipddr
2026-04-23 00:19:46,646 [INFO] IPUIPlugin:80 - create IPUIPlugin
2026-04-23 00:19:46,646 [INFO] PluginManager:220 - loadIPPluginJar : add linkedlist
2026-04-23 00:19:46,651 [INFO] IPUIPlugin:80 - create IPUIPlugin
2026-04-23 00:19:46,651 [INFO] PluginManager:220 - loadIPPluginJar : add lorawan
2026-04-23 00:19:46,654 [INFO] IPUIPlugin:80 - create IPUIPlugin
2026-04-23 00:19:46,654 [INFO] PluginManager:220 - loadIPPluginJar : add ltdc
2026-04-23 00:19:46,664 [INFO] IPUIPlugin:80 - create IPUIPlugin
2026-04-23 00:19:46,664 [INFO] PluginManager:220 - loadIPPluginJar : add mdma
2026-04-23 00:19:46,670 [INFO] IPUIPlugin:80 - create IPUIPlugin
2026-04-23 00:19:46,671 [INFO] PluginManager:220 - loadIPPluginJar : add nvic
2026-04-23 00:19:46,676 [INFO] IPUIPlugin:80 - create IPUIPlugin
2026-04-23 00:19:46,676 [INFO] PluginManager:220 - loadIPPluginJar : add opamp
2026-04-23 00:19:46,685 [INFO] IPUIPlugin:80 - create IPUIPlugin
2026-04-23 00:19:46,685 [INFO] PluginManager:220 - loadIPPluginJar : add openamp
2026-04-23 00:19:46,691 [INFO] IPUIPlugin:80 - create IPUIPlugin
2026-04-23 00:19:46,691 [INFO] PluginManager:220 - loadIPPluginJar : add pdm2pcm
2026-04-23 00:19:46,704 [INFO] IPUIPlugin:80 - create IPUIPlugin
2026-04-23 00:19:46,708 [INFO] PluginManager:220 - loadIPPluginJar : add plateformsettings
2026-04-23 00:19:46,713 [INFO] IPUIPlugin:80 - create IPUIPlugin
2026-04-23 00:19:46,713 [INFO] PluginManager:220 - loadIPPluginJar : add quadspi
2026-04-23 00:19:46,717 [INFO] IPUIPlugin:80 - create IPUIPlugin
2026-04-23 00:19:46,718 [INFO] PluginManager:220 - loadIPPluginJar : add radio
2026-04-23 00:19:46,725 [INFO] IPUIPlugin:80 - create IPUIPlugin
2026-04-23 00:19:46,726 [INFO] PluginManager:220 - loadIPPluginJar : add resmgrutility
2026-04-23 00:19:46,731 [INFO] IPUIPlugin:80 - create IPUIPlugin
2026-04-23 00:19:46,731 [INFO] PluginManager:220 - loadIPPluginJar : add sai
2026-04-23 00:19:46,736 [INFO] IPUIPlugin:80 - create IPUIPlugin
2026-04-23 00:19:46,736 [INFO] PluginManager:220 - loadIPPluginJar : add spi
2026-04-23 00:19:46,747 [INFO] IPUIPlugin:80 - create IPUIPlugin
2026-04-23 00:19:46,747 [INFO] PluginManager:220 - loadIPPluginJar : add stm32_wpan
2026-04-23 00:19:46,751 [INFO] IPUIPlugin:80 - create IPUIPlugin
2026-04-23 00:19:46,751 [INFO] PluginManager:220 - loadIPPluginJar : add tim
2026-04-23 00:19:46,756 [INFO] IPUIPlugin:80 - create IPUIPlugin
2026-04-23 00:19:46,756 [INFO] PluginManager:220 - loadIPPluginJar : add touchsensing
2026-04-23 00:19:46,761 [INFO] IPUIPlugin:80 - create IPUIPlugin
2026-04-23 00:19:46,761 [INFO] PluginManager:220 - loadIPPluginJar : add tracer_emb
2026-04-23 00:19:46,765 [INFO] IPUIPlugin:80 - create IPUIPlugin
2026-04-23 00:19:46,765 [INFO] PluginManager:220 - loadIPPluginJar : add ts
2026-04-23 00:19:46,768 [INFO] IPUIPlugin:80 - create IPUIPlugin
2026-04-23 00:19:46,768 [INFO] PluginManager:220 - loadIPPluginJar : add tsc
2026-04-23 00:19:46,772 [INFO] IPUIPlugin:80 - create IPUIPlugin
2026-04-23 00:19:46,772 [INFO] PluginManager:220 - loadIPPluginJar : add ucpd
2026-04-23 00:19:46,777 [INFO] IPUIPlugin:80 - create IPUIPlugin
2026-04-23 00:19:46,777 [INFO] PluginManager:220 - loadIPPluginJar : add usart
2026-04-23 00:19:46,784 [INFO] IPUIPlugin:80 - create IPUIPlugin
2026-04-23 00:19:46,784 [INFO] PluginManager:220 - loadIPPluginJar : add usbx
2026-04-23 00:19:46,983 [FATAL] Updater:351 - Updater called before beeing initialized
2026-04-23 00:19:47,036 [INFO] RulesReader:64 - Compatibility file has been processed (302 Rules)
2026-04-23 00:19:47,061 [INFO] RulesReader:64 - Compatibility file has been processed (302 Rules)
2026-04-23 00:19:47,073 [INFO] CADModel:165 - CPN selected for project level
2026-04-23 00:19:47,074 [INFO] CADModel:114 - Register for checkConnection events
2026-04-23 00:19:47,074 [FATAL] Updater:351 - Updater called before beeing initialized
2026-04-23 00:19:47,074 [ERROR] CADModel:125 - Updater not yet initialized, retry later 
2026-04-23 00:19:47,376 [FATAL] Updater:351 - Updater called before beeing initialized
2026-04-23 00:19:47,379 [INFO] CADModel:165 - CPN selected for project level
2026-04-23 00:19:47,380 [INFO] CADModel:114 - Register for checkConnection events
2026-04-23 00:19:47,380 [FATAL] Updater:351 - Updater called before beeing initialized
2026-04-23 00:19:47,380 [ERROR] CADModel:125 - Updater not yet initialized, retry later 
2026-04-23 00:19:47,387 [FATAL] Updater:351 - Updater called before beeing initialized
2026-04-23 00:19:47,628 [FATAL] Updater:351 - Updater called before beeing initialized
2026-04-23 00:19:47,638 [INFO] DbMcusAds:53 - JSON generation date=Thu Mar 05 20:02:52 IST 2026 (1772721172890)
2026-04-23 00:19:47,638 [FATAL] Updater:351 - Updater called before beeing initialized
2026-04-23 00:19:47,720 [WARN] DetailPanel:346 - Failed to get advertising image, set to default
2026-04-23 00:19:48,306 [FATAL] Updater:351 - Updater called before beeing initialized
2026-04-23 00:19:48,310 [FATAL] Updater:351 - Updater called before beeing initialized
2026-04-23 00:19:48,310 [FATAL] Updater:351 - Updater called before beeing initialized
2026-04-23 00:19:48,310 [WARN] DetailPanel:346 - Failed to get advertising image, set to default
2026-04-23 00:19:48,312 [FATAL] Updater:351 - Updater called before beeing initialized
2026-04-23 00:19:48,407 [ERROR] Updater:1198 - MainUpdater not yet initialized. External WinMGr cannot be set.
2026-04-23 00:19:48,410 [INFO] Updater:1134 - Updater Version found : 6.14.1
2026-04-23 00:19:48,443 [INFO] ApplicationProperties:184 - Using Application install path: C:\ST\STM32CubeIDE_1.18.1\STM32CubeIDE\plugins\com.st.stm32cube.common.mx_6.14.1.202504091515
2026-04-23 00:19:48,532 [INFO] ThirdPartyUpdaterWithRetryManager:70 - Updater plugin not ready yet. [2/15]
2026-04-23 00:19:50,029 [ERROR] LogOutputStream:75 - [STDERR_REDIRECT] Apr 23, 2026 12:19:50 AM java.util.prefs.WindowsPreferences <init>
2026-04-23 00:19:50,033 [ERROR] LogOutputStream:75 - [STDERR_REDIRECT] WARNING: Could not open/create prefs root node Software\JavaSoft\Prefs at root 0xffffffff80000002. Windows RegCreateKeyEx(...) returned error code 5.
2026-04-23 00:19:50,033 [ERROR] LogOutputStream:75 - [STDERR_REDIRECT] 
2026-04-23 00:19:50,518 [INFO] MainUpdater:2872 - connection check result : 22
2026-04-23 00:19:50,520 [INFO] MainUpdater:289 - Updater Check For Update Now.
2026-04-23 00:19:50,520 [INFO] MicroXplorer:498 - Change Database Version : DB.6.0.141
2026-04-23 00:19:50,536 [INFO] McuFinderGlobals:63 - Set McuFinder mode to 2 (CubeIDE integrated)
2026-04-23 00:19:50,538 [INFO] UserAuth:484 - Internet connection configuration mode: 2
2026-04-23 00:19:50,557 [INFO] UserAuth:484 - Internet connection configuration mode: 2
2026-04-23 00:19:50,971 [INFO] CheckServerUpdateThread:120 - End of CheckServer Thread
2026-04-23 00:19:53,034 [WARN] PackLoader:240 - Cannot read IP mode file for STMicroelectronics.X-CUBE-AZRTOS-H7.3.5.0
2026-04-23 00:19:53,095 [WARN] PackLoader:240 - Cannot read IP mode file for STMicroelectronics.FP-SNS-MOTENVWB1.1.4.0
2026-04-23 00:19:53,162 [WARN] PackLoader:240 - Cannot read IP mode file for STMicroelectronics.FP-ATR-ASTRA1.2.0.2
2026-04-23 00:19:53,183 [WARN] PackLoader:240 - Cannot read IP mode file for STMicroelectronics.X-CUBE-SMBUS.2.1.0
2026-04-23 00:19:53,230 [WARN] PackLoader:240 - Cannot read IP mode file for STMicroelectronics.X-CUBE-ST60.1.0.0
2026-04-23 00:19:53,317 [WARN] PackLoader:240 - Cannot read IP mode file for STMicroelectronics.X-CUBE-AZRTOS-F7.1.1.0
2026-04-23 00:19:53,363 [ERROR] Engine:466 - C:\Users\HP\.stm32cubemx\thirdparties\pdsc\STMicroelectronics.FP-SNS-MOTENV1.5.1.0.pdsc: PDSC version is not supported
2026-04-23 00:19:53,497 [WARN] PackLoader:240 - Cannot read IP mode file for Infineon.AIROC-Wi-Fi-Bluetooth-STM32.1.7.0
2026-04-23 00:19:53,669 [WARN] PackLoader:240 - Cannot read IP mode file for STMicroelectronics.X-CUBE-AZRTOS-H7.3.4.0
2026-04-23 00:19:53,788 [WARN] PackLoader:240 - Cannot read IP mode file for STMicroelectronics.X-CUBE-DISPLAY.3.0.0
2026-04-23 00:19:53,813 [ERROR] Engine:466 - C:\Users\HP\.stm32cubemx\thirdparties\pdsc\STMicroelectronics.FP-SNS-MOTENVWB1.1.5.0.pdsc: PDSC version is not supported
2026-04-23 00:19:53,852 [WARN] PackLoader:240 - Cannot read IP mode file for STMicroelectronics.X-CUBE-NFC10.1.0.0
2026-04-23 00:19:53,963 [WARN] PackLoader:240 - Cannot read IP mode file for STMicroelectronics.X-CUBE-BLEMGR.4.0.0
2026-04-23 00:19:54,007 [WARN] PackLoader:240 - Cannot read IP mode file for STMicroelectronics.X-CUBE-ST60.1.1.0
2026-04-23 00:19:54,050 [WARN] PackLoader:240 - Cannot read IP mode file for emotas.I-CUBE-CANOPEN.1.3.0
2026-04-23 00:19:54,096 [WARN] PackLoader:240 - Cannot read IP mode file for STMicroelectronics.X-CUBE-GNSS1.7.1.0
2026-04-23 00:19:54,120 [WARN] ConditionMgr:438 - getConditionDescription Invalid condition id : Cortex-A Device cause : null
2026-04-23 00:19:54,191 [WARN] ConditionMgr:1044 - genDependencies : Invalid condition id : Cortex-A Device cause : null
2026-04-23 00:19:54,191 [WARN] ConditionMgr:1044 - genDependencies : Invalid condition id : Cortex-A Device cause : null
2026-04-23 00:19:54,192 [WARN] ConditionMgr:1044 - genDependencies : Invalid condition id : Cortex-A Device cause : null
2026-04-23 00:19:54,219 [ERROR] Engine:466 - C:\Users\HP\.stm32cubemx\thirdparties\pdsc\STMicroelectronics.FP-SNS-STBOX1.2.1.0.pdsc: PDSC version is not supported
2026-04-23 00:19:54,239 [WARN] PackLoader:240 - Cannot read IP mode file for STMicroelectronics.FP-SNS-SMARTAG2.1.2.0
2026-04-23 00:19:54,389 [WARN] PackLoader:240 - Cannot read IP mode file for STMicroelectronics.FP-SNS-FLIGHT1.5.1.0
2026-04-23 00:19:54,436 [INFO] LogOutputStream:77 - [STDOUT_REDIRECT] 1 : Invalid condition id : UX_CORESTACK_Condition cause : null
2026-04-23 00:19:54,437 [INFO] LogOutputStream:77 - [STDOUT_REDIRECT] 1 : Invalid condition id : UX_CORESTACK_Condition cause : null
2026-04-23 00:19:54,440 [INFO] LogOutputStream:77 - [STDOUT_REDIRECT] 1 : Invalid condition id : UX_CORESTACK_Condition cause : null
2026-04-23 00:19:54,448 [INFO] LogOutputStream:77 - [STDOUT_REDIRECT] 1 : Invalid condition id : UX_CORESTACK_Condition cause : null
2026-04-23 00:19:54,451 [INFO] LogOutputStream:77 - [STDOUT_REDIRECT] 1 : Invalid condition id : UX_CORESTACK_Condition cause : null
2026-04-23 00:19:54,456 [WARN] PackLoader:240 - Cannot read IP mode file for STMicroelectronics.X-CUBE-AZRTOS-WL.2.0.0
2026-04-23 00:19:54,489 [WARN] PackLoader:240 - Cannot read IP mode file for STMicroelectronics.FP-SNS-MOTENV1.5.0.0
2026-04-23 00:19:54,672 [WARN] PackLoader:240 - Cannot read IP mode file for STMicroelectronics.X-CUBE-AZRTOS-H7RS.1.2.0
2026-04-23 00:19:54,711 [WARN] PackLoader:240 - Cannot read IP mode file for WES.I-CUBE-Cesium.1.3.0
2026-04-23 00:19:54,726 [WARN] PackLoader:240 - Cannot read IP mode file for STMicroelectronics.X-CUBE-BLE2.3.3.0
2026-04-23 00:19:54,821 [WARN] PackLoader:240 - Cannot read IP mode file for STMicroelectronics.X-CUBE-NFC9.1.0.0
2026-04-23 00:19:54,866 [WARN] PackLoader:240 - Cannot read IP mode file for wolfSSL.I-CUBE-wolfSSL.5.8.0
2026-04-23 00:19:54,887 [WARN] PackLoader:240 - Cannot read IP mode file for STMicroelectronics.X-CUBE-BLE1.7.1.0
2026-04-23 00:19:54,923 [WARN] PackLoader:240 - Cannot read IP mode file for wolfSSL.I-CUBE-wolfMQTT.1.19.2
2026-04-23 00:19:54,931 [ERROR] Engine:466 - C:\Users\HP\.stm32cubemx\thirdparties\pdsc\STMicroelectronics.X-CUBE-FREERTOS.1.4.0.pdsc: PDSC version is not supported
2026-04-23 00:19:54,947 [WARN] PackLoader:240 - Cannot read IP mode file for STMicroelectronics.X-CUBE-EEPRMA1.5.2.0
2026-04-23 00:19:54,968 [ERROR] Engine:466 - C:\Users\HP\.stm32cubemx\thirdparties\pdsc\STMicroelectronics.X-CUBE-ST67W61.1.1.0.pdsc: PDSC version is not supported
2026-04-23 00:19:54,982 [WARN] PackLoader:240 - Cannot read IP mode file for STMicroelectronics.X-CUBE-AI.10.1.0
2026-04-23 00:19:55,086 [WARN] PackLoader:240 - Cannot read IP mode file for STMicroelectronics.X-CUBE-MEMS1.12.0.0
2026-04-23 00:19:55,391 [WARN] PackLoader:240 - Cannot read IP mode file for STMicroelectronics.X-CUBE-AZRTOS-G0.1.1.0
2026-04-23 00:19:55,415 [WARN] PackLoader:240 - Cannot read IP mode file for STMicroelectronics.X-CUBE-SAFEA1.1.2.2
2026-04-23 00:19:55,438 [WARN] PackLoader:240 - Cannot read IP mode file for STMicroelectronics.X-CUBE-NFC4.3.0.0
2026-04-23 00:19:55,462 [WARN] PackLoader:240 - Cannot read IP mode file for EmbeddedOffice.I-CUBE-FS-RTOS.1.0.1
2026-04-23 00:19:55,478 [WARN] PackLoader:240 - Cannot read IP mode file for STMicroelectronics.X-CUBE-WB05N.2.0.0
2026-04-23 00:19:55,487 [WARN] PackLoader:240 - Cannot read IP mode file for wolfSSL.I-CUBE-wolfTPM.3.8.0
2026-04-23 00:19:55,502 [WARN] PackLoader:240 - Cannot read IP mode file for STMicroelectronics.X-CUBE-TCPP.4.2.0
2026-04-23 00:19:55,525 [WARN] PackLoader:240 - Cannot read IP mode file for RealThread.X-CUBE-RT-Thread_Nano.4.1.1
2026-04-23 00:19:55,539 [WARN] PackLoader:240 - Cannot read IP mode file for STMicroelectronics.FP-ATR-SIGFOX1.3.2.0
2026-04-23 00:19:55,549 [WARN] PackLoader:240 - Cannot read IP mode file for STMicroelectronics.X-CUBE-EEPRMA1.5.1.0
2026-04-23 00:19:55,559 [ERROR] Engine:466 - C:\Users\HP\.stm32cubemx\thirdparties\pdsc\STMicroelectronics.X-CUBE-FREERTOS.1.5.0.pdsc: PDSC version is not supported
2026-04-23 00:19:55,571 [WARN] PackLoader:240 - Cannot read IP mode file for ITTIA_DB.I-CUBE-ITTIADB.8.9.0
2026-04-23 00:19:55,586 [WARN] PackLoader:240 - Cannot read IP mode file for STMicroelectronics.X-CUBE-NFC6.3.2.0
2026-04-23 00:19:55,606 [WARN] PackLoader:240 - Cannot read IP mode file for STMicroelectronics.X-CUBE-ST67W61.1.0.0
2026-04-23 00:19:55,615 [WARN] PackLoader:240 - Cannot read IP mode file for STMicroelectronics.X-CUBE-AI.10.2.0
2026-04-23 00:19:55,692 [WARN] PackLoader:240 - Cannot read IP mode file for SEGGER.I-CUBE-embOS.1.3.1
2026-04-23 00:19:55,853 [WARN] PackLoader:240 - Cannot read IP mode file for STMicroelectronics.X-CUBE-ALGOBUILD.1.4.0
2026-04-23 00:19:55,966 [WARN] PackLoader:240 - Cannot read IP mode file for STMicroelectronics.X-CUBE-MEMS1.11.3.0
2026-04-23 00:19:56,373 [WARN] PackLoader:240 - Cannot read IP mode file for STMicroelectronics.X-CUBE-PM33A1.1.0.0
2026-04-23 00:19:56,414 [WARN] PackLoader:240 - Cannot read IP mode file for STMicroelectronics.X-CUBE-AZRTOS-F4.1.1.0
2026-04-23 00:19:56,431 [WARN] PackLoader:240 - Cannot read IP mode file for Avnet-IotConnect.X-CUBE-IoTC-DA16k-PMOD.1.0.0
2026-04-23 00:19:56,442 [WARN] PackLoader:240 - Cannot read IP mode file for STMicroelectronics.X-CUBE-ISPU.2.1.0
2026-04-23 00:19:56,505 [ERROR] Engine:466 - C:\Users\HP\.stm32cubemx\thirdparties\pdsc\STMicroelectronics.X-CUBE-IPS.3.2.0.pdsc: PDSC version is not supported
2026-04-23 00:19:56,530 [WARN] PackLoader:240 - Cannot read IP mode file for STMicroelectronics.eDS-WB_DPC_TT-BIDIR.2.1.1
2026-04-23 00:19:56,544 [WARN] PackLoader:240 - Cannot read IP mode file for STMicroelectronics.X-CUBE-NFC12.1.0.0
2026-04-23 00:19:56,587 [WARN] PackLoader:240 - Cannot read IP mode file for STMicroelectronics.X-CUBE-AZRTOS-L5.2.0.0
2026-04-23 00:19:56,607 [WARN] PackLoader:240 - Cannot read IP mode file for STMicroelectronics.X-CUBE-NFC6.3.1.0
2026-04-23 00:19:56,622 [WARN] PackLoader:240 - Cannot read IP mode file for STMicroelectronics.eDS-WB_DPC_VIENNA.1.2.0
2026-04-23 00:19:56,631 [WARN] PackLoader:240 - Cannot read IP mode file for STMicroelectronics.eDS-WB_DPC_3PH2L-BIDIR.1.1.1
2026-04-23 00:19:56,637 [ERROR] Engine:466 - C:\Users\HP\.stm32cubemx\thirdparties\pdsc\STMicroelectronics.X-CUBE-ST67W61.1.3.0.pdsc: PDSC version is not supported
2026-04-23 00:19:56,652 [WARN] PackLoader:240 - Cannot read IP mode file for STMicroelectronics.X-CUBE-FREERTOS.1.3.1
2026-04-23 00:19:56,670 [WARN] PackLoader:240 - Cannot read IP mode file for STMicroelectronics.X-CUBE-TOUCHGFX.4.26.0
2026-04-23 00:19:56,677 [WARN] PackLoader:240 - Cannot read IP mode file for STMicroelectronics.X-CUBE-TOUCHGFX.4.26.1
2026-04-23 00:19:56,689 [WARN] PackLoader:240 - Cannot read IP mode file for STMicroelectronics.FP-SNS-STAIOTCFT.1.0.0
2026-04-23 00:19:56,706 [WARN] PackLoader:240 - Cannot read IP mode file for STMicroelectronics.X-CUBE-DPower.1.3.0
2026-04-23 00:19:56,745 [WARN] ConditionMgr:438 - getConditionDescription Invalid condition id : LAN8742 Phy interface Condition cause : null
2026-04-23 00:19:56,746 [WARN] PackLoader:240 - Cannot read IP mode file for STMicroelectronics.X-CUBE-AZRTOS-L4.2.0.0
2026-04-23 00:19:56,748 [WARN] ConditionMgr:1044 - genDependencies : Invalid condition id : LAN8742 Phy interface Condition cause : null
2026-04-23 00:19:56,749 [WARN] ConditionMgr:1044 - genDependencies : Invalid condition id : LAN8742 Phy interface Condition cause : null
2026-04-23 00:19:56,750 [WARN] ConditionMgr:1044 - genDependencies : Invalid condition id : LAN8742 Phy interface Condition cause : null
2026-04-23 00:19:56,765 [WARN] PackLoader:240 - Cannot read IP mode file for STMicroelectronics.X-CUBE-SFXS2LP1.4.0.0
2026-04-23 00:19:56,786 [WARN] PackLoader:240 - Cannot read IP mode file for STMicroelectronics.X-CUBE-WB05N.2.1.0
2026-04-23 00:19:56,793 [ERROR] Engine:466 - C:\Users\HP\.stm32cubemx\thirdparties\pdsc\STMicroelectronics.X-CUBE-ST67W61.1.2.0.pdsc: PDSC version is not supported
2026-04-23 00:19:56,828 [WARN] PackLoader:240 - Cannot read IP mode file for STMicroelectronics.X-CUBE-AZRTOS-H7.3.3.0
2026-04-23 00:19:56,854 [WARN] PackLoader:240 - Cannot read IP mode file for STMicroelectronics.X-CUBE-BLEMGR.4.1.0
2026-04-23 00:19:56,917 [WARN] ConditionMgr:438 - getConditionDescription Invalid condition id : UX DEVICE CLASS RTOS Condition cause : null
2026-04-23 00:19:56,917 [WARN] ConditionMgr:438 - getConditionDescription Invalid condition id : UX DEVICE CLASS RTOS Condition cause : null
2026-04-23 00:19:56,923 [WARN] PackLoader:240 - Cannot read IP mode file for STMicroelectronics.X-CUBE-AZRTOS-WB.2.0.0
2026-04-23 00:19:56,925 [WARN] ConditionMgr:1044 - genDependencies : Invalid condition id : UX DEVICE CLASS RTOS Condition cause : null
2026-04-23 00:19:56,925 [WARN] ConditionMgr:1044 - genDependencies : Invalid condition id : UX DEVICE CLASS RTOS Condition cause : null
2026-04-23 00:19:56,926 [WARN] ConditionMgr:1044 - genDependencies : Invalid condition id : UX DEVICE CLASS RTOS Condition cause : null
2026-04-23 00:19:56,927 [WARN] ConditionMgr:1044 - genDependencies : Invalid condition id : UX DEVICE CLASS RTOS Condition cause : null
2026-04-23 00:19:56,927 [WARN] ConditionMgr:1044 - genDependencies : Invalid condition id : UX DEVICE CLASS RTOS Condition cause : null
2026-04-23 00:19:56,939 [WARN] PackLoader:240 - Cannot read IP mode file for STMicroelectronics.X-CUBE-GNSS1.7.0.1
2026-04-23 00:19:56,948 [WARN] PackLoader:240 - Cannot read IP mode file for STMicroelectronics.X-CUBE-TOUCHGFX.4.25.0
2026-04-23 00:19:56,969 [WARN] PackLoader:240 - Cannot read IP mode file for STMicroelectronics.FP-SNS-STBOX1.2.0.0
2026-04-23 00:19:56,998 [WARN] PackLoader:240 - Cannot read IP mode file for STMicroelectronics.X-CUBE-STSE01.2.0.0
2026-04-23 00:19:57,039 [WARN] PackLoader:240 - Cannot read IP mode file for STMicroelectronics.X-CUBE-SUBG2.5.0.0
2026-04-23 00:19:57,083 [WARN] PackLoader:240 - Cannot read IP mode file for STMicroelectronics.X-CUBE-AZRTOS-H7RS.1.1.0
2026-04-23 00:19:57,102 [WARN] PackLoader:240 - Cannot read IP mode file for Cesanta.I-CUBE-Mongoose.7.13.0
2026-04-23 00:19:57,127 [WARN] PackLoader:240 - Cannot read IP mode file for STMicroelectronics.X-CUBE-AZRTOS-G4.2.0.0
2026-04-23 00:19:57,142 [WARN] PackLoader:240 - Cannot read IP mode file for wolfSSL.I-CUBE-wolfSSH.1.4.20
2026-04-23 00:19:57,155 [WARN] PackLoader:240 - Cannot read IP mode file for STMicroelectronics.X-CUBE-NFC7.2.0.0
2026-04-23 00:19:57,181 [WARN] PackLoader:240 - Cannot read IP mode file for STMicroelectronics.X-CUBE-IPS.3.1.0
2026-04-23 00:19:57,201 [WARN] PackLoader:240 - Cannot read IP mode file for STMicroelectronics.X-CUBE-ALS.1.0.2
2026-04-23 00:19:57,214 [WARN] PackLoader:240 - Cannot read IP mode file for STMicroelectronics.X-CUBE-STSE01.1.0.0
2026-04-23 00:19:57,228 [WARN] PackLoader:240 - Cannot read IP mode file for portGmbH.I-Cube-SoM-uGOAL.1.1.0
2026-04-23 00:19:57,250 [WARN] PackLoader:240 - Cannot read IP mode file for STMicroelectronics.X-CUBE-TOF1.3.4.3
2026-04-23 00:19:57,269 [INFO] ThirdParty:978 - Integrity check success = true
2026-04-23 00:19:57,270 [INFO] IntegrityCheckThread:100 - exiting critical section [integrity check]
2026-04-23 00:19:57,270 [INFO] IntegrityCheckThread:103 - End integrity checks thread
2026-04-23 11:32:16,272 [ERROR] ConfigurationRetriever:142 - IOException on connection: sw-center.st.com
2026-04-23 11:32:16,335 [ERROR] ConfigurationRetriever:142 - IOException on connection: sw-center.st.com
2026-04-23 11:32:16,336 [ERROR] ConfigurationRetriever:142 - IOException on connection: sw-center.st.com
2026-04-23 11:32:25,022 [ERROR] LogOutputStream:75 - [STDERR_REDIRECT] 
