10:39:31 **** Incremental Build of configuration Debug for project stm32f4xx_drivers ****
make -j12 all 
arm-none-eabi-gcc "../Src/012i2c_master_rx_testingIT.c" -mcpu=cortex-m4 -std=gnu11 -g3 -DDEBUG -DSTM32 -DSTM32F407G_DISC1 -DSTM32F4 -DSTM32F407VGTx -c -I../Inc -I"C:/Users/HP/OneDrive/Desktop/Embedded-C/MCU1-Course/MCU1/stm32f4xx_drivers/drivers/inc" -O0 -ffunction-sections -fdata-sections -Wall -fstack-usage -fcyclomatic-complexity -MMD -MP -MF"Src/012i2c_master_rx_testingIT.d" -MT"Src/012i2c_master_rx_testingIT.o" --specs=nano.specs -mfpu=fpv4-sp-d16 -mfloat-abi=soft -mthumb -o "Src/012i2c_master_rx_testingIT.o"
../Src/012i2c_master_rx_testingIT.c: In function 'main':
../Src/012i2c_master_rx_testingIT.c:123:17: warning: this 'while' clause does not guard... [-Wmisleading-indentation]
  123 |                 while(I2C_MasterSendDataIT(&I2C1Handle,&commandcode,1,SLAVE_ADDR,I2C_ENABLE_SR) != I2C_READY);
      |                 ^~~~~
../Src/012i2c_master_rx_testingIT.c:125:33: note: ...this statement, but the latter is misleadingly indented as if it were guarded by the 'while'
  125 |                                 while(I2C_MasterReceiveDataIT(&I2C1Handle,&len,1,SLAVE_ADDR,I2C_ENABLE_SR)!= I2C_READY);
      |                                 ^~~~~
../Src/012i2c_master_rx_testingIT.c:128:17: warning: this 'while' clause does not guard... [-Wmisleading-indentation]
  128 |                 while(I2C_MasterSendDataIT(&I2C1Handle,&commandcode,1,SLAVE_ADDR,I2C_ENABLE_SR) != I2C_READY);
      |                 ^~~~~
../Src/012i2c_master_rx_testingIT.c:131:33: note: ...this statement, but the latter is misleadingly indented as if it were guarded by the 'while'
  131 |                                 while(I2C_MasterReceiveDataIT(&I2C1Handle,rcv_buf,len,SLAVE_ADDR,I2C_DISABLE_SR)!= I2C_READY);
      |                                 ^~~~~
arm-none-eabi-gcc -o "stm32f4xx_drivers.elf" @"objects.list"   -mcpu=cortex-m4 -T"C:\Users\HP\OneDrive\Desktop\Embedded-C\MCU1-Course\MCU1\stm32f4xx_drivers\STM32F407VGTX_FLASH.ld" --specs=nosys.specs -Wl,-Map="stm32f4xx_drivers.map" -Wl,--gc-sections -static --specs=nano.specs -mfpu=fpv4-sp-d16 -mfloat-abi=soft -mthumb -Wl,--start-group -lc -lm -Wl,--end-group
Finished building target: stm32f4xx_drivers.elf
 
arm-none-eabi-size  stm32f4xx_drivers.elf 
arm-none-eabi-objdump -h -S stm32f4xx_drivers.elf  > "stm32f4xx_drivers.list"
   text	   data	    bss	    dec	    hex	filename
   7564	    116	   1972	   9652	   25b4	stm32f4xx_drivers.elf
arm-none-eabi-objcopy  -O binary stm32f4xx_drivers.elf  "stm32f4xx_drivers.bin"
Finished building: default.size.stdout
 
Finished building: stm32f4xx_drivers.list
Finished building: stm32f4xx_drivers.bin
 
 
