11:36:19 **** Incremental Build of configuration Debug for project stm32f4xx_drivers ****
make -j12 all 
arm-none-eabi-gcc "../Src/012i2c_master_rx_testingIT.c" -mcpu=cortex-m4 -std=gnu11 -g3 -DDEBUG -DSTM32 -DSTM32F407G_DISC1 -DSTM32F4 -DSTM32F407VGTx -c -I../Inc -I"C:/Users/HP/OneDrive/Desktop/Embedded-C/MCU1-Course/MCU1/stm32f4xx_drivers/drivers/inc" -O0 -ffunction-sections -fdata-sections -Wall -fstack-usage -fcyclomatic-complexity -MMD -MP -MF"Src/012i2c_master_rx_testingIT.d" -MT"Src/012i2c_master_rx_testingIT.o" --specs=nano.specs -mfpu=fpv4-sp-d16 -mfloat-abi=soft -mthumb -o "Src/012i2c_master_rx_testingIT.o"
../Src/012i2c_master_rx_testingIT.c: In function 'main':
../Src/012i2c_master_rx_testingIT.c:128:17: warning: this 'while' clause does not guard... [-Wmisleading-indentation]
  128 |                 while(I2C_MasterSendDataIT(&I2C1Handle,&commandcode,1,SLAVE_ADDR,I2C_ENABLE_SR) != I2C_READY);
      |                 ^~~~~
../Src/012i2c_master_rx_testingIT.c:130:33: note: ...this statement, but the latter is misleadingly indented as if it were guarded by the 'while'
  130 |                                 while(I2C_MasterReceiveDataIT(&I2C1Handle,&len,1,SLAVE_ADDR,I2C_ENABLE_SR)!= I2C_READY);
      |                                 ^~~~~
../Src/012i2c_master_rx_testingIT.c:133:17: warning: this 'while' clause does not guard... [-Wmisleading-indentation]
  133 |                 while(I2C_MasterSendDataIT(&I2C1Handle,&commandcode,1,SLAVE_ADDR,I2C_ENABLE_SR) != I2C_READY);
      |                 ^~~~~
../Src/012i2c_master_rx_testingIT.c:136:33: note: ...this statement, but the latter is misleadingly indented as if it were guarded by the 'while'
  136 |                                 while(I2C_MasterReceiveDataIT(&I2C1Handle,rcv_buf,len,SLAVE_ADDR,I2C_DISABLE_SR)!= I2C_READY);
      |                                 ^~~~~
arm-none-eabi-gcc -o "stm32f4xx_drivers.elf" @"objects.list"   -mcpu=cortex-m4 -T"C:\Users\HP\OneDrive\Desktop\Embedded-C\MCU1-Course\MCU1\stm32f4xx_drivers\STM32F407VGTX_FLASH.ld" --specs=nosys.specs -Wl,-Map="stm32f4xx_drivers.map" -Wl,--gc-sections -static --specs=nano.specs -mfpu=fpv4-sp-d16 -mfloat-abi=soft -mthumb -Wl,--start-group -lc -lm -Wl,--end-group
C:/ST/STM32CubeIDE_1.18.1/STM32CubeIDE/plugins/com.st.stm32cube.ide.mcu.externaltools.gnu-tools-for-stm32.13.3.rel1.win32_1.0.0.202411081344/tools/bin/../lib/gcc/arm-none-eabi/13.3.1/../../../../arm-none-eabi/bin/ld.exe: ./Src/012i2c_master_rx_testingIT.o: in function `main':
C:/Users/HP/OneDrive/Desktop/Embedded-C/MCU1-Course/MCU1/stm32f4xx_drivers/Debug/../Src/012i2c_master_rx_testingIT.c:109:(.text.main+0x20): undefined reference to `I2C_IRQInterruptConfig'
collect2.exe: error: ld returned 1 exit status
make: *** [makefile:67: stm32f4xx_drivers.elf] Error 1
"make -j12 all" terminated with exit code 2. Build might be incomplete.

11:36:22 Build Failed. 2 errors, 2 warnings. (took 2s.596ms)

